mode: atomic
github.com/mrz1836/go-broadcast/cmd/generate-corpus/main.go:16.13,18.34 2 0
github.com/mrz1836/go-broadcast/cmd/generate-corpus/main.go:18.34,20.3 1 0
github.com/mrz1836/go-broadcast/cmd/generate-corpus/main.go:55.51,57.2 1 2
github.com/mrz1836/go-broadcast/cmd/generate-corpus/main.go:59.65,61.2 1 2
github.com/mrz1836/go-broadcast/cmd/generate-corpus/main.go:63.65,65.2 1 0
github.com/mrz1836/go-broadcast/cmd/generate-corpus/main.go:70.68,72.2 1 4
github.com/mrz1836/go-broadcast/cmd/generate-corpus/main.go:77.92,79.2 1 4
github.com/mrz1836/go-broadcast/cmd/generate-corpus/main.go:88.61,90.2 1 2
github.com/mrz1836/go-broadcast/cmd/generate-corpus/main.go:93.48,99.2 1 15
github.com/mrz1836/go-broadcast/cmd/generate-corpus/main.go:102.147,108.2 1 16
github.com/mrz1836/go-broadcast/cmd/generate-corpus/main.go:111.43,118.64 3 14
github.com/mrz1836/go-broadcast/cmd/generate-corpus/main.go:118.64,120.3 1 1
github.com/mrz1836/go-broadcast/cmd/generate-corpus/main.go:120.8,120.23 1 13
github.com/mrz1836/go-broadcast/cmd/generate-corpus/main.go:120.23,122.3 1 4
github.com/mrz1836/go-broadcast/cmd/generate-corpus/main.go:124.2,127.42 3 9
github.com/mrz1836/go-broadcast/cmd/generate-corpus/main.go:127.42,129.3 1 5
github.com/mrz1836/go-broadcast/cmd/generate-corpus/main.go:131.2,134.12 3 4
github.com/mrz1836/go-broadcast/cmd/run-benchmarks/main.go:24.13,31.22 6 0
github.com/mrz1836/go-broadcast/cmd/run-benchmarks/main.go:31.22,33.3 1 0
github.com/mrz1836/go-broadcast/cmd/run-benchmarks/main.go:35.2,39.54 3 0
github.com/mrz1836/go-broadcast/cmd/run-benchmarks/main.go:39.54,42.3 2 0
github.com/mrz1836/go-broadcast/cmd/run-benchmarks/main.go:44.2,49.25 5 0
github.com/mrz1836/go-broadcast/cmd/run-benchmarks/main.go:49.25,52.3 2 0
github.com/mrz1836/go-broadcast/cmd/run-benchmarks/main.go:52.8,55.3 2 0
github.com/mrz1836/go-broadcast/cmd/run-benchmarks/main.go:58.2,112.35 3 0
github.com/mrz1836/go-broadcast/cmd/run-benchmarks/main.go:112.35,123.39 3 0
github.com/mrz1836/go-broadcast/cmd/run-benchmarks/main.go:123.39,128.4 4 0
github.com/mrz1836/go-broadcast/cmd/run-benchmarks/main.go:130.3,130.67 1 0
github.com/mrz1836/go-broadcast/cmd/run-benchmarks/main.go:130.67,133.4 1 0
github.com/mrz1836/go-broadcast/cmd/run-benchmarks/main.go:137.2,143.76 5 0
github.com/mrz1836/go-broadcast/cmd/run-benchmarks/main.go:143.76,145.32 2 0
github.com/mrz1836/go-broadcast/cmd/run-benchmarks/main.go:145.32,147.4 1 0
github.com/mrz1836/go-broadcast/cmd/run-benchmarks/main.go:150.2,153.70 3 0
github.com/mrz1836/go-broadcast/cmd/run-benchmarks/main.go:153.70,161.3 6 0
github.com/mrz1836/go-broadcast/cmd/run-benchmarks/main.go:163.2,165.126 3 0
github.com/mrz1836/go-broadcast/cmd/run-benchmarks/main.go:168.80,173.16 3 0
github.com/mrz1836/go-broadcast/cmd/run-benchmarks/main.go:173.16,175.3 1 0
github.com/mrz1836/go-broadcast/cmd/run-benchmarks/main.go:176.2,176.15 1 0
github.com/mrz1836/go-broadcast/cmd/run-benchmarks/main.go:176.15,176.35 1 0
github.com/mrz1836/go-broadcast/cmd/run-benchmarks/main.go:179.2,183.34 3 0
github.com/mrz1836/go-broadcast/cmd/run-benchmarks/main.go:183.34,185.3 1 0
github.com/mrz1836/go-broadcast/cmd/run-benchmarks/main.go:187.2,187.12 1 0
github.com/mrz1836/go-broadcast/cmd/run-benchmarks/main.go:190.76,192.16 2 0
github.com/mrz1836/go-broadcast/cmd/run-benchmarks/main.go:192.16,194.3 1 0
github.com/mrz1836/go-broadcast/cmd/run-benchmarks/main.go:195.2,195.15 1 0
github.com/mrz1836/go-broadcast/cmd/run-benchmarks/main.go:195.15,195.35 1 0
github.com/mrz1836/go-broadcast/cmd/run-benchmarks/main.go:197.2,199.21 3 0
github.com/mrz1836/go-broadcast/cmd/run-benchmarks/main.go:199.21,201.43 2 0
github.com/mrz1836/go-broadcast/cmd/run-benchmarks/main.go:201.43,203.32 2 0
github.com/mrz1836/go-broadcast/cmd/run-benchmarks/main.go:203.32,204.10 1 0
github.com/mrz1836/go-broadcast/cmd/run-benchmarks/main.go:209.2,209.38 1 0
github.com/mrz1836/go-broadcast/cmd/run-benchmarks/main.go:209.38,211.3 1 0
github.com/mrz1836/go-broadcast/cmd/run-benchmarks/main.go:213.2,213.21 1 0
github.com/mrz1836/go-broadcast/cmd/validate-examples/main.go:30.13,50.14 14 0
github.com/mrz1836/go-broadcast/cmd/validate-examples/main.go:50.14,53.3 2 0
github.com/mrz1836/go-broadcast/cmd/validate-examples/main.go:55.2,55.17 1 0
github.com/mrz1836/go-broadcast/cmd/validate-examples/main.go:55.17,58.3 1 0
github.com/mrz1836/go-broadcast/cmd/validate-examples/main.go:60.2,63.62 2 0
github.com/mrz1836/go-broadcast/cmd/validate-examples/main.go:63.62,67.3 3 0
github.com/mrz1836/go-broadcast/cmd/validate-examples/main.go:69.2,101.74 10 0
github.com/mrz1836/go-broadcast/cmd/validate-examples/main.go:104.18,121.2 16 0
github.com/mrz1836/go-broadcast/cmd/validate-examples/main.go:123.41,128.2 4 0
github.com/mrz1836/go-broadcast/cmd/validate-examples/main.go:130.59,132.2 1 0
github.com/mrz1836/go-broadcast/cmd/validate-examples/main.go:134.123,142.34 6 0
github.com/mrz1836/go-broadcast/cmd/validate-examples/main.go:142.34,145.3 2 0
github.com/mrz1836/go-broadcast/cmd/validate-examples/main.go:145.8,148.3 2 0
github.com/mrz1836/go-broadcast/cmd/validate-examples/main.go:149.2,149.32 1 0
github.com/mrz1836/go-broadcast/cmd/validate-examples/main.go:152.118,153.33 1 0
github.com/mrz1836/go-broadcast/cmd/validate-examples/main.go:153.33,155.3 1 0
github.com/mrz1836/go-broadcast/cmd/validate-examples/main.go:158.91,167.34 7 0
github.com/mrz1836/go-broadcast/cmd/validate-examples/main.go:167.34,169.3 1 0
github.com/mrz1836/go-broadcast/cmd/validate-examples/main.go:169.8,171.3 1 0
github.com/mrz1836/go-broadcast/cmd/validate-examples/main.go:172.2,172.32 1 0
github.com/mrz1836/go-broadcast/cmd/validate-examples/main.go:175.63,189.29 2 0
github.com/mrz1836/go-broadcast/cmd/validate-examples/main.go:189.29,191.3 1 0
github.com/mrz1836/go-broadcast/cmd/validate-examples/main.go:194.65,202.34 6 0
github.com/mrz1836/go-broadcast/cmd/validate-examples/main.go:202.34,204.3 1 0
github.com/mrz1836/go-broadcast/cmd/validate-examples/main.go:204.8,206.3 1 0
github.com/mrz1836/go-broadcast/cmd/validate-examples/main.go:207.2,207.32 1 0
github.com/mrz1836/go-broadcast/cmd/validate-examples/main.go:210.110,216.32 5 0
github.com/mrz1836/go-broadcast/cmd/validate-examples/main.go:216.32,218.3 1 0
github.com/mrz1836/go-broadcast/cmd/validate-examples/main.go:218.8,220.3 1 0
github.com/mrz1836/go-broadcast/cmd/validate-examples/main.go:222.2,225.33 3 0
github.com/mrz1836/go-broadcast/cmd/validate-examples/main.go:225.33,228.3 2 0
github.com/mrz1836/go-broadcast/cmd/validate-examples/main.go:229.2,230.12 2 0
github.com/mrz1836/go-broadcast/cmd/test-cleanup/main.go:22.13,24.41 2 0
github.com/mrz1836/go-broadcast/cmd/test-cleanup/main.go:24.41,26.3 1 0
github.com/mrz1836/go-broadcast/cmd/test-cleanup/main.go:65.82,76.43 8 2
github.com/mrz1836/go-broadcast/cmd/test-cleanup/main.go:76.43,78.3 1 0
github.com/mrz1836/go-broadcast/cmd/test-cleanup/main.go:81.2,84.20 3 2
github.com/mrz1836/go-broadcast/cmd/test-cleanup/main.go:90.72,92.2 1 0
github.com/mrz1836/go-broadcast/cmd/test-cleanup/main.go:97.65,99.2 1 0
github.com/mrz1836/go-broadcast/cmd/test-cleanup/main.go:101.65,103.2 1 0
github.com/mrz1836/go-broadcast/cmd/test-cleanup/main.go:108.60,110.2 1 0
github.com/mrz1836/go-broadcast/cmd/test-cleanup/main.go:112.73,114.2 1 0
github.com/mrz1836/go-broadcast/cmd/test-cleanup/main.go:117.42,124.2 1 1
github.com/mrz1836/go-broadcast/cmd/test-cleanup/main.go:127.142,134.2 1 6
github.com/mrz1836/go-broadcast/cmd/test-cleanup/main.go:137.53,140.16 2 3
github.com/mrz1836/go-broadcast/cmd/test-cleanup/main.go:140.16,142.3 1 1
github.com/mrz1836/go-broadcast/cmd/test-cleanup/main.go:144.2,144.20 1 2
github.com/mrz1836/go-broadcast/cmd/test-cleanup/main.go:144.20,151.3 6 1
github.com/mrz1836/go-broadcast/cmd/test-cleanup/main.go:153.2,153.37 1 2
github.com/mrz1836/go-broadcast/cmd/test-cleanup/main.go:157.77,161.98 3 4
github.com/mrz1836/go-broadcast/cmd/test-cleanup/main.go:161.98,162.17 1 2
github.com/mrz1836/go-broadcast/cmd/test-cleanup/main.go:162.17,164.4 1 0
github.com/mrz1836/go-broadcast/cmd/test-cleanup/main.go:167.3,167.19 1 2
github.com/mrz1836/go-broadcast/cmd/test-cleanup/main.go:167.19,168.50 1 0
github.com/mrz1836/go-broadcast/cmd/test-cleanup/main.go:168.50,169.43 1 0
github.com/mrz1836/go-broadcast/cmd/test-cleanup/main.go:169.43,171.6 1 0
github.com/mrz1836/go-broadcast/cmd/test-cleanup/main.go:173.4,173.14 1 0
github.com/mrz1836/go-broadcast/cmd/test-cleanup/main.go:177.3,178.43 2 2
github.com/mrz1836/go-broadcast/cmd/test-cleanup/main.go:178.43,180.80 2 2
github.com/mrz1836/go-broadcast/cmd/test-cleanup/main.go:180.80,181.23 1 2
github.com/mrz1836/go-broadcast/cmd/test-cleanup/main.go:181.23,183.6 1 1
github.com/mrz1836/go-broadcast/cmd/test-cleanup/main.go:185.5,185.23 1 2
github.com/mrz1836/go-broadcast/cmd/test-cleanup/main.go:185.23,186.57 1 1
github.com/mrz1836/go-broadcast/cmd/test-cleanup/main.go:186.57,188.7 1 0
github.com/mrz1836/go-broadcast/cmd/test-cleanup/main.go:191.5,193.10 3 2
github.com/mrz1836/go-broadcast/cmd/test-cleanup/main.go:197.3,197.13 1 2
github.com/mrz1836/go-broadcast/cmd/test-cleanup/main.go:199.2,199.16 1 4
github.com/mrz1836/go-broadcast/cmd/test-cleanup/main.go:199.16,201.3 1 1
github.com/mrz1836/go-broadcast/cmd/test-cleanup/main.go:204.2,204.19 1 3
github.com/mrz1836/go-broadcast/cmd/test-cleanup/main.go:204.19,207.3 2 2
github.com/mrz1836/go-broadcast/cmd/test-cleanup/main.go:207.8,210.3 2 1
github.com/mrz1836/go-broadcast/cmd/test-cleanup/main.go:212.2,212.45 1 3
github.com/mrz1836/go-broadcast/cmd/test-cleanup/main.go:212.45,214.37 2 1
github.com/mrz1836/go-broadcast/cmd/test-cleanup/main.go:214.37,216.4 1 1
github.com/mrz1836/go-broadcast/cmd/test-cleanup/main.go:219.2,219.12 1 3
github.com/mrz1836/go-broadcast/cmd/test-cleanup/main.go:222.38,224.18 2 9
github.com/mrz1836/go-broadcast/cmd/test-cleanup/main.go:224.18,226.3 1 3
github.com/mrz1836/go-broadcast/cmd/test-cleanup/main.go:227.2,228.46 2 6
github.com/mrz1836/go-broadcast/cmd/test-cleanup/main.go:228.46,231.3 2 3
github.com/mrz1836/go-broadcast/cmd/test-cleanup/main.go:232.2,232.76 1 6
github.com/mrz1836/go-broadcast/cmd/go-broadcast/main.go:19.13,21.45 2 0
github.com/mrz1836/go-broadcast/cmd/go-broadcast/main.go:21.45,25.3 1 0
github.com/mrz1836/go-broadcast/cmd/go-broadcast/main.go:48.39,50.2 1 4
github.com/mrz1836/go-broadcast/cmd/go-broadcast/main.go:52.50,54.2 1 6
github.com/mrz1836/go-broadcast/cmd/go-broadcast/main.go:59.46,61.2 1 2
github.com/mrz1836/go-broadcast/cmd/go-broadcast/main.go:64.20,69.2 1 25
github.com/mrz1836/go-broadcast/cmd/go-broadcast/main.go:73.88,74.26 1 36
github.com/mrz1836/go-broadcast/cmd/go-broadcast/main.go:74.26,75.41 1 2
github.com/mrz1836/go-broadcast/cmd/go-broadcast/main.go:77.2,77.24 1 34
github.com/mrz1836/go-broadcast/cmd/go-broadcast/main.go:77.24,78.39 1 1
github.com/mrz1836/go-broadcast/cmd/go-broadcast/main.go:80.2,83.3 1 33
github.com/mrz1836/go-broadcast/cmd/go-broadcast/main.go:90.43,92.15 1 36
github.com/mrz1836/go-broadcast/cmd/go-broadcast/main.go:92.15,93.31 1 36
github.com/mrz1836/go-broadcast/cmd/go-broadcast/main.go:93.31,98.4 2 12
github.com/mrz1836/go-broadcast/cmd/go-broadcast/main.go:102.2,106.49 2 36
github.com/mrz1836/go-broadcast/cmd/go-broadcast/main.go:106.49,110.3 1 35
github.com/mrz1836/go-broadcast/cmd/go-broadcast/main.go:113.2,114.16 2 35
github.com/mrz1836/go-broadcast/cmd/go-broadcast/main.go:114.16,117.3 1 6
github.com/mrz1836/go-broadcast/cmd/go-broadcast/main.go:118.2,118.12 1 24
github.com/mrz1836/go-broadcast/examples/monitor/simple/main.go:18.13,43.12 14 0
github.com/mrz1836/go-broadcast/examples/monitor/simple/main.go:43.12,44.56 1 0
github.com/mrz1836/go-broadcast/examples/monitor/simple/main.go:44.56,46.4 1 0
github.com/mrz1836/go-broadcast/examples/monitor/simple/main.go:50.2,61.38 6 0
github.com/mrz1836/go-broadcast/examples/monitor/simple/main.go:65.25,73.21 5 0
github.com/mrz1836/go-broadcast/examples/monitor/simple/main.go:73.21,86.21 7 0
github.com/mrz1836/go-broadcast/examples/monitor/simple/main.go:86.21,87.27 1 0
github.com/mrz1836/go-broadcast/examples/monitor/simple/main.go:87.27,88.21 1 0
github.com/mrz1836/go-broadcast/examples/monitor/simple/main.go:88.21,92.6 2 0
github.com/mrz1836/go-broadcast/examples/monitor/simple/main.go:97.3,97.21 1 0
github.com/mrz1836/go-broadcast/examples/monitor/simple/main.go:97.21,99.4 1 0
github.com/mrz1836/go-broadcast/examples/monitor/simple/main.go:102.3,102.22 1 0
github.com/mrz1836/go-broadcast/examples/monitor/simple/main.go:102.22,104.4 1 0
github.com/mrz1836/go-broadcast/examples/monitor/advanced/main.go:20.13,37.62 12 0
github.com/mrz1836/go-broadcast/examples/monitor/advanced/main.go:37.62,39.3 1 0
github.com/mrz1836/go-broadcast/examples/monitor/advanced/main.go:42.2,53.12 6 0
github.com/mrz1836/go-broadcast/examples/monitor/advanced/main.go:53.12,54.56 1 0
github.com/mrz1836/go-broadcast/examples/monitor/advanced/main.go:54.56,56.4 1 0
github.com/mrz1836/go-broadcast/examples/monitor/advanced/main.go:60.2,78.55 12 0
github.com/mrz1836/go-broadcast/examples/monitor/advanced/main.go:82.26,89.21 5 0
github.com/mrz1836/go-broadcast/examples/monitor/advanced/main.go:89.21,95.23 4 0
github.com/mrz1836/go-broadcast/examples/monitor/advanced/main.go:95.23,97.4 1 0
github.com/mrz1836/go-broadcast/examples/monitor/advanced/main.go:100.3,100.27 1 0
github.com/mrz1836/go-broadcast/examples/monitor/advanced/main.go:100.27,101.20 1 0
github.com/mrz1836/go-broadcast/examples/monitor/advanced/main.go:101.20,105.30 3 0
github.com/mrz1836/go-broadcast/examples/monitor/advanced/main.go:105.30,107.6 1 0
github.com/mrz1836/go-broadcast/examples/monitor/advanced/main.go:110.5,110.56 1 0
github.com/mrz1836/go-broadcast/examples/monitor/advanced/main.go:115.3,115.21 1 0
github.com/mrz1836/go-broadcast/examples/monitor/advanced/main.go:115.21,117.4 1 0
github.com/mrz1836/go-broadcast/examples/monitor/advanced/main.go:119.3,119.22 1 0
github.com/mrz1836/go-broadcast/examples/monitor/advanced/main.go:119.22,121.4 1 0
github.com/mrz1836/go-broadcast/examples/monitor/advanced/main.go:126.25,133.21 5 0
github.com/mrz1836/go-broadcast/examples/monitor/advanced/main.go:133.21,137.24 2 0
github.com/mrz1836/go-broadcast/examples/monitor/advanced/main.go:138.10,140.30 1 0
github.com/mrz1836/go-broadcast/examples/monitor/advanced/main.go:140.30,144.5 3 0
github.com/mrz1836/go-broadcast/examples/monitor/advanced/main.go:146.10,148.28 1 0
github.com/mrz1836/go-broadcast/examples/monitor/advanced/main.go:148.28,150.25 2 0
github.com/mrz1836/go-broadcast/examples/monitor/advanced/main.go:150.25,152.6 1 0
github.com/mrz1836/go-broadcast/examples/monitor/advanced/main.go:153.5,153.13 1 0
github.com/mrz1836/go-broadcast/examples/monitor/advanced/main.go:156.10,159.31 2 0
github.com/mrz1836/go-broadcast/examples/monitor/advanced/main.go:159.31,161.31 2 0
github.com/mrz1836/go-broadcast/examples/monitor/advanced/main.go:161.31,163.6 1 0
github.com/mrz1836/go-broadcast/examples/monitor/advanced/main.go:164.5,164.14 1 0
github.com/mrz1836/go-broadcast/examples/monitor/advanced/main.go:167.10,170.30 2 0
github.com/mrz1836/go-broadcast/examples/monitor/advanced/main.go:170.30,172.5 1 0
github.com/mrz1836/go-broadcast/examples/monitor/advanced/main.go:174.4,174.14 1 0
github.com/mrz1836/go-broadcast/examples/monitor/advanced/main.go:174.14,177.5 2 0
github.com/mrz1836/go-broadcast/examples/monitor/advanced/main.go:180.3,180.24 1 0
github.com/mrz1836/go-broadcast/examples/monitor/advanced/main.go:180.24,185.4 3 0
github.com/mrz1836/go-broadcast/examples/monitor/advanced/main.go:190.28,195.21 4 0
github.com/mrz1836/go-broadcast/examples/monitor/advanced/main.go:195.21,199.26 2 0
github.com/mrz1836/go-broadcast/examples/monitor/advanced/main.go:199.26,200.26 1 0
github.com/mrz1836/go-broadcast/examples/monitor/advanced/main.go:200.26,203.25 2 0
github.com/mrz1836/go-broadcast/examples/monitor/advanced/main.go:203.25,205.6 1 0
github.com/mrz1836/go-broadcast/examples/monitor/advanced/main.go:209.5,210.30 2 0
github.com/mrz1836/go-broadcast/examples/monitor/advanced/main.go:210.30,212.6 1 0
github.com/mrz1836/go-broadcast/examples/monitor/advanced/main.go:214.5,221.42 5 0
github.com/mrz1836/go-broadcast/examples/monitor/advanced/main.go:221.42,223.6 1 0
github.com/mrz1836/go-broadcast/examples/monitor/advanced/main.go:225.5,231.33 5 0
github.com/mrz1836/go-broadcast/examples/monitor/advanced/main.go:231.33,233.6 1 0
github.com/mrz1836/go-broadcast/examples/monitor/advanced/main.go:234.5,234.12 1 0
github.com/mrz1836/go-broadcast/examples/monitor/advanced/main.go:238.3,238.23 1 0
github.com/mrz1836/go-broadcast/examples/monitor/advanced/main.go:238.23,241.4 1 0
github.com/mrz1836/go-broadcast/cmd/profile_demo/main.go:25.36,26.17 1 147868
github.com/mrz1836/go-broadcast/cmd/profile_demo/main.go:26.17,28.3 1 2
github.com/mrz1836/go-broadcast/cmd/profile_demo/main.go:29.2,30.16 2 147866
github.com/mrz1836/go-broadcast/cmd/profile_demo/main.go:30.16,33.3 1 0
github.com/mrz1836/go-broadcast/cmd/profile_demo/main.go:34.2,34.23 1 147866
github.com/mrz1836/go-broadcast/cmd/profile_demo/main.go:37.13,39.34 2 0
github.com/mrz1836/go-broadcast/cmd/profile_demo/main.go:39.34,41.3 1 0
github.com/mrz1836/go-broadcast/cmd/profile_demo/main.go:92.51,94.2 1 1
github.com/mrz1836/go-broadcast/cmd/profile_demo/main.go:96.65,98.2 1 1
github.com/mrz1836/go-broadcast/cmd/profile_demo/main.go:103.81,105.2 1 1
github.com/mrz1836/go-broadcast/cmd/profile_demo/main.go:110.87,112.2 1 0
github.com/mrz1836/go-broadcast/cmd/profile_demo/main.go:123.80,125.2 1 0
github.com/mrz1836/go-broadcast/cmd/profile_demo/main.go:127.79,129.2 1 0
github.com/mrz1836/go-broadcast/cmd/profile_demo/main.go:131.60,133.2 1 0
github.com/mrz1836/go-broadcast/cmd/profile_demo/main.go:138.60,142.2 3 1
github.com/mrz1836/go-broadcast/cmd/profile_demo/main.go:144.58,148.2 3 0
github.com/mrz1836/go-broadcast/cmd/profile_demo/main.go:150.72,154.2 3 0
github.com/mrz1836/go-broadcast/cmd/profile_demo/main.go:156.65,160.2 3 0
github.com/mrz1836/go-broadcast/cmd/profile_demo/main.go:165.108,168.2 2 1
github.com/mrz1836/go-broadcast/cmd/profile_demo/main.go:171.42,179.2 1 1
github.com/mrz1836/go-broadcast/cmd/profile_demo/main.go:182.197,190.2 1 6
github.com/mrz1836/go-broadcast/cmd/profile_demo/main.go:193.40,198.68 3 5
github.com/mrz1836/go-broadcast/cmd/profile_demo/main.go:198.68,200.3 1 1
github.com/mrz1836/go-broadcast/cmd/profile_demo/main.go:202.2,221.72 4 4
github.com/mrz1836/go-broadcast/cmd/profile_demo/main.go:221.72,223.3 1 1
github.com/mrz1836/go-broadcast/cmd/profile_demo/main.go:225.2,250.46 16 3
github.com/mrz1836/go-broadcast/cmd/profile_demo/main.go:250.46,252.3 1 1
github.com/mrz1836/go-broadcast/cmd/profile_demo/main.go:255.2,256.86 2 3
github.com/mrz1836/go-broadcast/cmd/profile_demo/main.go:256.86,258.3 1 1
github.com/mrz1836/go-broadcast/cmd/profile_demo/main.go:260.2,263.12 3 2
github.com/mrz1836/go-broadcast/cmd/profile_demo/main.go:266.23,269.16 2 6
github.com/mrz1836/go-broadcast/cmd/profile_demo/main.go:269.16,272.3 2 0
github.com/mrz1836/go-broadcast/cmd/profile_demo/main.go:274.2,281.33 5 6
github.com/mrz1836/go-broadcast/cmd/profile_demo/main.go:281.33,287.43 3 600
github.com/mrz1836/go-broadcast/cmd/profile_demo/main.go:287.43,289.4 1 0
github.com/mrz1836/go-broadcast/cmd/profile_demo/main.go:292.2,292.11 1 6
github.com/mrz1836/go-broadcast/cmd/profile_demo/main.go:295.21,303.38 3 2
github.com/mrz1836/go-broadcast/cmd/profile_demo/main.go:303.38,306.15 2 2000
github.com/mrz1836/go-broadcast/cmd/profile_demo/main.go:306.15,310.4 2 668
github.com/mrz1836/go-broadcast/cmd/profile_demo/main.go:310.9,313.4 1 1332
github.com/mrz1836/go-broadcast/cmd/profile_demo/main.go:317.35,327.32 2 2
github.com/mrz1836/go-broadcast/cmd/profile_demo/main.go:327.32,329.3 1 10
github.com/mrz1836/go-broadcast/cmd/profile_demo/main.go:332.2,332.26 1 2
github.com/mrz1836/go-broadcast/cmd/profile_demo/main.go:332.26,336.3 3 20
github.com/mrz1836/go-broadcast/cmd/profile_demo/main.go:339.28,345.76 4 6
github.com/mrz1836/go-broadcast/cmd/profile_demo/main.go:345.76,349.3 2 12
github.com/mrz1836/go-broadcast/cmd/profile_demo/main.go:351.2,351.15 1 6
github.com/mrz1836/go-broadcast/cmd/profile_demo/main.go:351.15,352.42 1 6
github.com/mrz1836/go-broadcast/cmd/profile_demo/main.go:352.42,354.4 1 0
github.com/mrz1836/go-broadcast/cmd/profile_demo/main.go:358.2,359.33 2 6
github.com/mrz1836/go-broadcast/cmd/profile_demo/main.go:359.33,361.45 2 600
github.com/mrz1836/go-broadcast/cmd/profile_demo/main.go:361.45,363.4 1 0
github.com/mrz1836/go-broadcast/cmd/profile_demo/main.go:367.2,367.42 1 6
github.com/mrz1836/go-broadcast/cmd/profile_demo/main.go:367.42,369.3 1 0
github.com/mrz1836/go-broadcast/cmd/profile_demo/main.go:372.74,436.16 10 8
github.com/mrz1836/go-broadcast/cmd/profile_demo/main.go:436.16,439.3 2 0
github.com/mrz1836/go-broadcast/cmd/profile_demo/main.go:442.2,442.52 1 8
github.com/mrz1836/go-broadcast/cmd/profile_demo/main.go:442.52,445.3 2 3
github.com/mrz1836/go-broadcast/cmd/profile_demo/main.go:447.2,447.86 1 5
github.com/mrz1836/go-broadcast/cmd/profile_demo/main.go:457.58,462.28 3 611
github.com/mrz1836/go-broadcast/cmd/profile_demo/main.go:462.28,464.3 1 611000
github.com/mrz1836/go-broadcast/cmd/profile_demo/main.go:467.2,468.22 2 611
github.com/mrz1836/go-broadcast/cmd/profile_demo/main.go:468.22,470.3 1 625664
github.com/mrz1836/go-broadcast/cmd/profile_demo/main.go:472.2,472.12 1 611
github.com/mrz1836/go-broadcast/cmd/profile_demo/main.go:475.39,477.2 1 601
github.com/mrz1836/go-broadcast/cmd/profile_demo/main.go:479.40,482.24 3 1283
github.com/mrz1836/go-broadcast/cmd/profile_demo/main.go:482.24,484.3 1 98911
github.com/mrz1836/go-broadcast/cmd/profile_demo/main.go:485.2,485.23 1 1283
github.com/mrz1836/go-broadcast/cmd/profile_demo/main.go:488.42,490.43 2 13
github.com/mrz1836/go-broadcast/cmd/profile_demo/main.go:490.43,492.23 1 0
github.com/mrz1836/go-broadcast/cmd/profile_demo/main.go:492.23,494.4 1 0
github.com/mrz1836/go-broadcast/cmd/profile_demo/main.go:497.2,497.31 1 13
github.com/mrz1836/go-broadcast/cmd/profile_demo/main.go:497.31,499.3 1 1144
github.com/mrz1836/go-broadcast/cmd/profile_demo/main.go:500.2,500.13 1 13
github.com/mrz1836/go-broadcast/cmd/profile_demo/main.go:503.40,506.24 3 29
github.com/mrz1836/go-broadcast/cmd/profile_demo/main.go:506.24,508.3 1 31831
github.com/mrz1836/go-broadcast/cmd/profile_demo/main.go:509.2,509.15 1 29
github.com/mrz1836/go-broadcast/cmd/profile_demo/main.go:512.52,519.38 4 30
github.com/mrz1836/go-broadcast/cmd/profile_demo/main.go:519.38,520.31 1 27
github.com/mrz1836/go-broadcast/cmd/profile_demo/main.go:520.31,522.26 1 2
github.com/mrz1836/go-broadcast/cmd/profile_demo/main.go:522.26,524.5 1 22
github.com/mrz1836/go-broadcast/cmd/profile_demo/main.go:525.9,528.29 2 25
github.com/mrz1836/go-broadcast/cmd/profile_demo/main.go:528.29,530.5 1 11392
github.com/mrz1836/go-broadcast/cmd/profile_demo/main.go:533.4,533.44 1 25
github.com/mrz1836/go-broadcast/cmd/profile_demo/main.go:533.44,536.5 2 11367
github.com/mrz1836/go-broadcast/cmd/profile_demo/main.go:539.4,539.37 1 25
github.com/mrz1836/go-broadcast/cmd/profile_demo/main.go:539.37,541.5 1 1587
github.com/mrz1836/go-broadcast/cmd/profile_demo/main.go:545.2,545.15 1 30
github.com/mrz1836/go-broadcast/internal/algorithms/optimized.go:22.59,29.2 1 9
github.com/mrz1836/go-broadcast/internal/algorithms/optimized.go:32.45,34.2 1 8
github.com/mrz1836/go-broadcast/internal/algorithms/optimized.go:37.85,38.23 1 12
github.com/mrz1836/go-broadcast/internal/algorithms/optimized.go:38.23,40.3 1 1
github.com/mrz1836/go-broadcast/internal/algorithms/optimized.go:43.2,44.39 2 11
github.com/mrz1836/go-broadcast/internal/algorithms/optimized.go:44.39,46.3 1 2
github.com/mrz1836/go-broadcast/internal/algorithms/optimized.go:48.2,52.34 3 11
github.com/mrz1836/go-broadcast/internal/algorithms/optimized.go:52.34,53.21 1 9011
github.com/mrz1836/go-broadcast/internal/algorithms/optimized.go:53.21,56.45 2 4
github.com/mrz1836/go-broadcast/internal/algorithms/optimized.go:56.45,58.5 1 2
github.com/mrz1836/go-broadcast/internal/algorithms/optimized.go:63.2,63.69 1 9
github.com/mrz1836/go-broadcast/internal/algorithms/optimized.go:63.69,65.3 1 2
github.com/mrz1836/go-broadcast/internal/algorithms/optimized.go:68.2,68.45 1 7
github.com/mrz1836/go-broadcast/internal/algorithms/optimized.go:72.78,74.32 1 2
github.com/mrz1836/go-broadcast/internal/algorithms/optimized.go:74.32,76.3 1 1
github.com/mrz1836/go-broadcast/internal/algorithms/optimized.go:79.2,80.27 2 1
github.com/mrz1836/go-broadcast/internal/algorithms/optimized.go:80.27,81.34 1 4
github.com/mrz1836/go-broadcast/internal/algorithms/optimized.go:81.34,83.4 1 0
github.com/mrz1836/go-broadcast/internal/algorithms/optimized.go:86.2,87.41 2 1
github.com/mrz1836/go-broadcast/internal/algorithms/optimized.go:91.77,92.22 1 7
github.com/mrz1836/go-broadcast/internal/algorithms/optimized.go:92.22,94.3 1 0
github.com/mrz1836/go-broadcast/internal/algorithms/optimized.go:97.2,101.27 4 7
github.com/mrz1836/go-broadcast/internal/algorithms/optimized.go:101.27,105.65 2 800
github.com/mrz1836/go-broadcast/internal/algorithms/optimized.go:105.65,107.4 1 407
github.com/mrz1836/go-broadcast/internal/algorithms/optimized.go:110.3,110.14 1 800
github.com/mrz1836/go-broadcast/internal/algorithms/optimized.go:110.14,112.4 1 304
github.com/mrz1836/go-broadcast/internal/algorithms/optimized.go:115.2,122.45 4 7
github.com/mrz1836/go-broadcast/internal/algorithms/optimized.go:122.45,124.3 1 1
github.com/mrz1836/go-broadcast/internal/algorithms/optimized.go:127.2,127.24 1 6
github.com/mrz1836/go-broadcast/internal/algorithms/optimized.go:127.24,129.3 1 2
github.com/mrz1836/go-broadcast/internal/algorithms/optimized.go:132.2,133.35 2 4
github.com/mrz1836/go-broadcast/internal/algorithms/optimized.go:133.35,134.16 1 1024
github.com/mrz1836/go-broadcast/internal/algorithms/optimized.go:134.16,136.4 1 53
github.com/mrz1836/go-broadcast/internal/algorithms/optimized.go:139.2,140.45 2 4
github.com/mrz1836/go-broadcast/internal/algorithms/optimized.go:140.45,142.3 1 0
github.com/mrz1836/go-broadcast/internal/algorithms/optimized.go:144.2,144.14 1 4
github.com/mrz1836/go-broadcast/internal/algorithms/optimized.go:148.43,149.19 1 9
github.com/mrz1836/go-broadcast/internal/algorithms/optimized.go:149.19,151.3 1 1
github.com/mrz1836/go-broadcast/internal/algorithms/optimized.go:154.2,166.33 2 8
github.com/mrz1836/go-broadcast/internal/algorithms/optimized.go:166.33,167.58 1 35
github.com/mrz1836/go-broadcast/internal/algorithms/optimized.go:167.58,169.4 1 6
github.com/mrz1836/go-broadcast/internal/algorithms/optimized.go:172.2,172.14 1 2
github.com/mrz1836/go-broadcast/internal/algorithms/optimized.go:176.43,179.2 1 1533
github.com/mrz1836/go-broadcast/internal/algorithms/optimized.go:190.37,197.2 1 6
github.com/mrz1836/go-broadcast/internal/algorithms/optimized.go:200.61,204.2 3 5
github.com/mrz1836/go-broadcast/internal/algorithms/optimized.go:207.77,209.23 1 8
github.com/mrz1836/go-broadcast/internal/algorithms/optimized.go:209.23,211.3 1 2
github.com/mrz1836/go-broadcast/internal/algorithms/optimized.go:214.2,214.22 1 6
github.com/mrz1836/go-broadcast/internal/algorithms/optimized.go:214.22,216.36 2 5
github.com/mrz1836/go-broadcast/internal/algorithms/optimized.go:216.36,218.4 1 1
github.com/mrz1836/go-broadcast/internal/algorithms/optimized.go:222.2,223.64 2 5
github.com/mrz1836/go-broadcast/internal/algorithms/optimized.go:223.64,225.3 1 0
github.com/mrz1836/go-broadcast/internal/algorithms/optimized.go:228.2,229.26 2 5
github.com/mrz1836/go-broadcast/internal/algorithms/optimized.go:229.26,232.3 2 4
github.com/mrz1836/go-broadcast/internal/algorithms/optimized.go:232.8,234.3 1 1
github.com/mrz1836/go-broadcast/internal/algorithms/optimized.go:237.2,238.14 2 5
github.com/mrz1836/go-broadcast/internal/algorithms/optimized.go:238.14,240.3 1 1
github.com/mrz1836/go-broadcast/internal/algorithms/optimized.go:243.2,245.21 3 4
github.com/mrz1836/go-broadcast/internal/algorithms/optimized.go:249.40,255.24 2 7
github.com/mrz1836/go-broadcast/internal/algorithms/optimized.go:255.24,257.3 1 1
github.com/mrz1836/go-broadcast/internal/algorithms/optimized.go:259.2,259.16 1 6
github.com/mrz1836/go-broadcast/internal/algorithms/optimized.go:263.83,265.40 1 5
github.com/mrz1836/go-broadcast/internal/algorithms/optimized.go:265.40,267.3 1 4
github.com/mrz1836/go-broadcast/internal/algorithms/optimized.go:270.2,270.43 1 1
github.com/mrz1836/go-broadcast/internal/algorithms/optimized.go:274.78,280.2 3 4
github.com/mrz1836/go-broadcast/internal/algorithms/optimized.go:283.78,289.40 3 1
github.com/mrz1836/go-broadcast/internal/algorithms/optimized.go:289.40,291.3 1 0
github.com/mrz1836/go-broadcast/internal/algorithms/optimized.go:294.2,295.66 2 1
github.com/mrz1836/go-broadcast/internal/algorithms/optimized.go:295.66,297.3 1 3
github.com/mrz1836/go-broadcast/internal/algorithms/optimized.go:300.2,302.111 3 1
github.com/mrz1836/go-broadcast/internal/algorithms/optimized.go:302.111,306.3 3 0
github.com/mrz1836/go-broadcast/internal/algorithms/optimized.go:309.2,309.22 1 1
github.com/mrz1836/go-broadcast/internal/algorithms/optimized.go:309.22,311.3 1 1
github.com/mrz1836/go-broadcast/internal/algorithms/optimized.go:313.2,313.40 1 1
github.com/mrz1836/go-broadcast/internal/algorithms/optimized.go:313.40,316.3 2 1
github.com/mrz1836/go-broadcast/internal/algorithms/optimized.go:318.2,318.40 1 1
github.com/mrz1836/go-broadcast/internal/algorithms/optimized.go:318.40,321.3 2 1
github.com/mrz1836/go-broadcast/internal/algorithms/optimized.go:323.2,323.22 1 1
github.com/mrz1836/go-broadcast/internal/algorithms/optimized.go:323.22,325.3 1 0
github.com/mrz1836/go-broadcast/internal/algorithms/optimized.go:327.2,327.40 1 1
github.com/mrz1836/go-broadcast/internal/algorithms/optimized.go:331.75,335.17 2 8
github.com/mrz1836/go-broadcast/internal/algorithms/optimized.go:335.17,337.3 1 0
github.com/mrz1836/go-broadcast/internal/algorithms/optimized.go:340.2,341.21 2 8
github.com/mrz1836/go-broadcast/internal/algorithms/optimized.go:341.21,343.3 1 23
github.com/mrz1836/go-broadcast/internal/algorithms/optimized.go:346.2,346.26 1 8
github.com/mrz1836/go-broadcast/internal/algorithms/optimized.go:346.26,347.27 1 15
github.com/mrz1836/go-broadcast/internal/algorithms/optimized.go:347.27,348.35 1 40
github.com/mrz1836/go-broadcast/internal/algorithms/optimized.go:348.35,350.5 1 9
github.com/mrz1836/go-broadcast/internal/algorithms/optimized.go:350.10,352.5 1 31
github.com/mrz1836/go-broadcast/internal/algorithms/optimized.go:357.2,357.52 1 8
github.com/mrz1836/go-broadcast/internal/algorithms/optimized.go:361.97,364.21 2 8
github.com/mrz1836/go-broadcast/internal/algorithms/optimized.go:364.21,365.37 1 23
github.com/mrz1836/go-broadcast/internal/algorithms/optimized.go:365.37,367.4 1 2
github.com/mrz1836/go-broadcast/internal/algorithms/optimized.go:369.3,369.52 1 21
github.com/mrz1836/go-broadcast/internal/algorithms/optimized.go:369.52,373.4 2 9
github.com/mrz1836/go-broadcast/internal/algorithms/optimized.go:373.9,373.61 1 12
github.com/mrz1836/go-broadcast/internal/algorithms/optimized.go:373.61,377.4 2 8
github.com/mrz1836/go-broadcast/internal/algorithms/optimized.go:377.9,377.19 1 4
github.com/mrz1836/go-broadcast/internal/algorithms/optimized.go:377.19,381.4 2 4
github.com/mrz1836/go-broadcast/internal/algorithms/optimized.go:384.2,384.13 1 6
github.com/mrz1836/go-broadcast/internal/algorithms/optimized.go:388.82,392.37 2 2
github.com/mrz1836/go-broadcast/internal/algorithms/optimized.go:392.37,393.37 1 7
github.com/mrz1836/go-broadcast/internal/algorithms/optimized.go:393.37,395.4 1 0
github.com/mrz1836/go-broadcast/internal/algorithms/optimized.go:397.3,397.70 1 7
github.com/mrz1836/go-broadcast/internal/algorithms/optimized.go:397.70,401.4 2 3
github.com/mrz1836/go-broadcast/internal/algorithms/optimized.go:401.9,406.67 3 4
github.com/mrz1836/go-broadcast/internal/algorithms/optimized.go:406.67,407.86 1 6
github.com/mrz1836/go-broadcast/internal/algorithms/optimized.go:407.86,409.34 1 0
github.com/mrz1836/go-broadcast/internal/algorithms/optimized.go:409.34,411.7 1 0
github.com/mrz1836/go-broadcast/internal/algorithms/optimized.go:412.6,413.23 2 0
github.com/mrz1836/go-broadcast/internal/algorithms/optimized.go:414.11,414.93 1 6
github.com/mrz1836/go-broadcast/internal/algorithms/optimized.go:414.93,416.34 1 0
github.com/mrz1836/go-broadcast/internal/algorithms/optimized.go:416.34,418.7 1 0
github.com/mrz1836/go-broadcast/internal/algorithms/optimized.go:419.6,420.23 2 0
github.com/mrz1836/go-broadcast/internal/algorithms/optimized.go:424.4,424.19 1 4
github.com/mrz1836/go-broadcast/internal/algorithms/optimized.go:424.19,426.22 1 4
github.com/mrz1836/go-broadcast/internal/algorithms/optimized.go:426.22,429.6 2 4
github.com/mrz1836/go-broadcast/internal/algorithms/optimized.go:430.5,430.22 1 4
github.com/mrz1836/go-broadcast/internal/algorithms/optimized.go:430.22,433.6 2 4
github.com/mrz1836/go-broadcast/internal/algorithms/optimized.go:438.2,438.13 1 2
github.com/mrz1836/go-broadcast/internal/algorithms/optimized.go:442.40,443.23 1 14
github.com/mrz1836/go-broadcast/internal/algorithms/optimized.go:443.23,445.3 1 2
github.com/mrz1836/go-broadcast/internal/algorithms/optimized.go:448.2,452.27 4 12
github.com/mrz1836/go-broadcast/internal/algorithms/optimized.go:452.27,453.34 1 1529
github.com/mrz1836/go-broadcast/internal/algorithms/optimized.go:453.34,455.4 1 506
github.com/mrz1836/go-broadcast/internal/algorithms/optimized.go:458.2,458.56 1 12
github.com/mrz1836/go-broadcast/internal/algorithms/optimized.go:488.57,495.2 1 1
github.com/mrz1836/go-broadcast/internal/algorithms/optimized.go:498.106,510.22 2 5
github.com/mrz1836/go-broadcast/internal/algorithms/optimized.go:510.22,513.3 2 1
github.com/mrz1836/go-broadcast/internal/algorithms/optimized.go:515.2,515.11 1 5
github.com/mrz1836/go-broadcast/internal/algorithms/optimized.go:519.55,525.35 4 11
github.com/mrz1836/go-broadcast/internal/algorithms/optimized.go:525.35,527.3 1 2
github.com/mrz1836/go-broadcast/internal/algorithms/optimized.go:529.2,529.12 1 9
github.com/mrz1836/go-broadcast/internal/algorithms/optimized.go:533.63,537.29 3 1
github.com/mrz1836/go-broadcast/internal/algorithms/optimized.go:537.29,540.36 2 5
github.com/mrz1836/go-broadcast/internal/algorithms/optimized.go:540.36,541.37 1 2
github.com/mrz1836/go-broadcast/internal/algorithms/optimized.go:541.37,543.5 1 0
github.com/mrz1836/go-broadcast/internal/algorithms/optimized.go:547.2,547.12 1 1
github.com/mrz1836/go-broadcast/internal/algorithms/optimized.go:551.41,556.2 3 8
github.com/mrz1836/go-broadcast/internal/algorithms/optimized.go:559.40,560.18 1 5
github.com/mrz1836/go-broadcast/internal/algorithms/optimized.go:560.18,563.3 2 1
github.com/mrz1836/go-broadcast/internal/algorithms/optimized.go:565.2,565.19 1 5
github.com/mrz1836/go-broadcast/internal/algorithms/optimized.go:569.55,578.2 3 1
github.com/mrz1836/go-broadcast/internal/algorithms/optimized.go:588.41,589.24 1 13
github.com/mrz1836/go-broadcast/internal/algorithms/optimized.go:589.24,591.3 1 5
github.com/mrz1836/go-broadcast/internal/algorithms/optimized.go:593.2,603.12 8 8
github.com/mrz1836/go-broadcast/internal/algorithms/optimized.go:607.45,613.6 4 1
github.com/mrz1836/go-broadcast/internal/algorithms/optimized.go:613.6,614.10 1 3
github.com/mrz1836/go-broadcast/internal/algorithms/optimized.go:615.19,621.19 3 2
github.com/mrz1836/go-broadcast/internal/algorithms/optimized.go:621.19,623.5 1 1
github.com/mrz1836/go-broadcast/internal/algorithms/optimized.go:624.4,624.18 1 2
github.com/mrz1836/go-broadcast/internal/algorithms/optimized.go:626.22,629.10 2 1
github.com/mrz1836/go-broadcast/internal/algorithms/optimized.go:636.21,637.11 1 8
github.com/mrz1836/go-broadcast/internal/algorithms/optimized.go:637.11,639.3 1 4
github.com/mrz1836/go-broadcast/internal/algorithms/optimized.go:640.2,640.10 1 4
github.com/mrz1836/go-broadcast/internal/algorithms/optimized.go:643.27,644.11 1 24
github.com/mrz1836/go-broadcast/internal/algorithms/optimized.go:644.11,646.3 1 2
github.com/mrz1836/go-broadcast/internal/algorithms/optimized.go:647.2,647.10 1 22
github.com/mrz1836/go-broadcast/internal/algorithms/optimized.go:650.27,651.11 1 35
github.com/mrz1836/go-broadcast/internal/algorithms/optimized.go:651.11,653.3 1 9
github.com/mrz1836/go-broadcast/internal/algorithms/optimized.go:654.2,654.10 1 26
github.com/mrz1836/go-broadcast/internal/analytics/batch.go:58.50,59.21 1 6
github.com/mrz1836/go-broadcast/internal/analytics/batch.go:59.21,61.3 1 1
github.com/mrz1836/go-broadcast/internal/analytics/batch.go:63.2,69.29 3 5
github.com/mrz1836/go-broadcast/internal/analytics/batch.go:69.29,75.3 2 7
github.com/mrz1836/go-broadcast/internal/analytics/batch.go:78.2,150.20 2 5
github.com/mrz1836/go-broadcast/internal/analytics/batch.go:154.69,155.20 1 6
github.com/mrz1836/go-broadcast/internal/analytics/batch.go:155.20,157.3 1 1
github.com/mrz1836/go-broadcast/internal/analytics/batch.go:159.2,160.45 2 6
github.com/mrz1836/go-broadcast/internal/analytics/batch.go:160.45,162.23 2 10
github.com/mrz1836/go-broadcast/internal/analytics/batch.go:162.23,164.4 1 3
github.com/mrz1836/go-broadcast/internal/analytics/batch.go:165.3,165.40 1 10
github.com/mrz1836/go-broadcast/internal/analytics/batch.go:168.2,168.15 1 6
github.com/mrz1836/go-broadcast/internal/analytics/batch.go:173.109,176.29 2 13
github.com/mrz1836/go-broadcast/internal/analytics/batch.go:176.29,179.10 3 14
github.com/mrz1836/go-broadcast/internal/analytics/batch.go:179.10,181.12 1 1
github.com/mrz1836/go-broadcast/internal/analytics/batch.go:184.3,189.66 2 13
github.com/mrz1836/go-broadcast/internal/analytics/batch.go:189.66,191.4 1 13
github.com/mrz1836/go-broadcast/internal/analytics/batch.go:192.3,192.60 1 13
github.com/mrz1836/go-broadcast/internal/analytics/batch.go:192.60,194.4 1 5
github.com/mrz1836/go-broadcast/internal/analytics/batch.go:195.3,195.55 1 13
github.com/mrz1836/go-broadcast/internal/analytics/batch.go:195.55,197.4 1 2
github.com/mrz1836/go-broadcast/internal/analytics/batch.go:198.3,198.55 1 13
github.com/mrz1836/go-broadcast/internal/analytics/batch.go:198.55,200.4 1 2
github.com/mrz1836/go-broadcast/internal/analytics/batch.go:201.3,201.58 1 13
github.com/mrz1836/go-broadcast/internal/analytics/batch.go:201.58,203.4 1 1
github.com/mrz1836/go-broadcast/internal/analytics/batch.go:204.3,204.56 1 13
github.com/mrz1836/go-broadcast/internal/analytics/batch.go:204.56,206.4 1 1
github.com/mrz1836/go-broadcast/internal/analytics/batch.go:207.3,207.50 1 13
github.com/mrz1836/go-broadcast/internal/analytics/batch.go:207.50,209.4 1 3
github.com/mrz1836/go-broadcast/internal/analytics/batch.go:210.3,210.68 1 13
github.com/mrz1836/go-broadcast/internal/analytics/batch.go:210.68,211.55 1 2
github.com/mrz1836/go-broadcast/internal/analytics/batch.go:211.55,213.5 1 2
github.com/mrz1836/go-broadcast/internal/analytics/batch.go:215.3,215.56 1 13
github.com/mrz1836/go-broadcast/internal/analytics/batch.go:215.56,217.4 1 1
github.com/mrz1836/go-broadcast/internal/analytics/batch.go:218.3,218.58 1 13
github.com/mrz1836/go-broadcast/internal/analytics/batch.go:218.58,220.4 1 1
github.com/mrz1836/go-broadcast/internal/analytics/batch.go:223.3,223.72 1 13
github.com/mrz1836/go-broadcast/internal/analytics/batch.go:223.72,224.57 1 1
github.com/mrz1836/go-broadcast/internal/analytics/batch.go:224.57,226.5 1 1
github.com/mrz1836/go-broadcast/internal/analytics/batch.go:230.3,230.68 1 13
github.com/mrz1836/go-broadcast/internal/analytics/batch.go:230.68,231.55 1 1
github.com/mrz1836/go-broadcast/internal/analytics/batch.go:231.55,233.5 1 1
github.com/mrz1836/go-broadcast/internal/analytics/batch.go:237.3,237.71 1 13
github.com/mrz1836/go-broadcast/internal/analytics/batch.go:237.71,238.52 1 1
github.com/mrz1836/go-broadcast/internal/analytics/batch.go:238.52,240.5 1 1
github.com/mrz1836/go-broadcast/internal/analytics/batch.go:244.3,244.64 1 13
github.com/mrz1836/go-broadcast/internal/analytics/batch.go:244.64,245.53 1 1
github.com/mrz1836/go-broadcast/internal/analytics/batch.go:245.53,247.5 1 1
github.com/mrz1836/go-broadcast/internal/analytics/batch.go:251.3,251.85 1 13
github.com/mrz1836/go-broadcast/internal/analytics/batch.go:251.85,252.54 1 1
github.com/mrz1836/go-broadcast/internal/analytics/batch.go:252.54,254.5 1 1
github.com/mrz1836/go-broadcast/internal/analytics/batch.go:258.3,258.82 1 13
github.com/mrz1836/go-broadcast/internal/analytics/batch.go:258.82,259.60 1 1
github.com/mrz1836/go-broadcast/internal/analytics/batch.go:259.60,261.5 1 1
github.com/mrz1836/go-broadcast/internal/analytics/batch.go:262.4,262.68 1 1
github.com/mrz1836/go-broadcast/internal/analytics/batch.go:262.68,264.5 1 1
github.com/mrz1836/go-broadcast/internal/analytics/batch.go:268.3,268.64 1 13
github.com/mrz1836/go-broadcast/internal/analytics/batch.go:268.64,269.72 1 1
github.com/mrz1836/go-broadcast/internal/analytics/batch.go:269.72,270.58 1 1
github.com/mrz1836/go-broadcast/internal/analytics/batch.go:270.58,271.47 1 1
github.com/mrz1836/go-broadcast/internal/analytics/batch.go:271.47,273.7 1 1
github.com/mrz1836/go-broadcast/internal/analytics/batch.go:275.6,275.67 1 1
github.com/mrz1836/go-broadcast/internal/analytics/batch.go:275.67,276.70 1 1
github.com/mrz1836/go-broadcast/internal/analytics/batch.go:276.70,277.51 1 1
github.com/mrz1836/go-broadcast/internal/analytics/batch.go:277.51,279.9 1 1
github.com/mrz1836/go-broadcast/internal/analytics/batch.go:280.13,280.75 1 0
github.com/mrz1836/go-broadcast/internal/analytics/batch.go:280.75,282.8 1 0
github.com/mrz1836/go-broadcast/internal/analytics/batch.go:289.3,289.86 1 13
github.com/mrz1836/go-broadcast/internal/analytics/batch.go:289.86,290.56 1 1
github.com/mrz1836/go-broadcast/internal/analytics/batch.go:290.56,292.5 1 1
github.com/mrz1836/go-broadcast/internal/analytics/batch.go:296.3,296.58 1 13
github.com/mrz1836/go-broadcast/internal/analytics/batch.go:296.58,298.4 1 1
github.com/mrz1836/go-broadcast/internal/analytics/batch.go:301.3,301.62 1 13
github.com/mrz1836/go-broadcast/internal/analytics/batch.go:301.62,303.4 1 2
github.com/mrz1836/go-broadcast/internal/analytics/batch.go:306.3,306.59 1 13
github.com/mrz1836/go-broadcast/internal/analytics/batch.go:306.59,308.4 1 1
github.com/mrz1836/go-broadcast/internal/analytics/batch.go:311.3,311.78 1 13
github.com/mrz1836/go-broadcast/internal/analytics/batch.go:311.78,312.50 1 3
github.com/mrz1836/go-broadcast/internal/analytics/batch.go:312.50,314.5 1 3
github.com/mrz1836/go-broadcast/internal/analytics/batch.go:315.4,315.52 1 3
github.com/mrz1836/go-broadcast/internal/analytics/batch.go:315.52,317.5 1 3
github.com/mrz1836/go-broadcast/internal/analytics/batch.go:321.3,321.88 1 13
github.com/mrz1836/go-broadcast/internal/analytics/batch.go:321.88,322.66 1 3
github.com/mrz1836/go-broadcast/internal/analytics/batch.go:322.66,324.32 2 3
github.com/mrz1836/go-broadcast/internal/analytics/batch.go:324.32,325.58 1 17
github.com/mrz1836/go-broadcast/internal/analytics/batch.go:325.58,326.69 1 17
github.com/mrz1836/go-broadcast/internal/analytics/batch.go:326.69,327.50 1 17
github.com/mrz1836/go-broadcast/internal/analytics/batch.go:327.50,329.9 1 17
github.com/mrz1836/go-broadcast/internal/analytics/batch.go:333.5,333.29 1 3
github.com/mrz1836/go-broadcast/internal/analytics/batch.go:338.3,338.70 1 13
github.com/mrz1836/go-broadcast/internal/analytics/batch.go:338.70,340.4 1 2
github.com/mrz1836/go-broadcast/internal/analytics/batch.go:341.3,341.66 1 13
github.com/mrz1836/go-broadcast/internal/analytics/batch.go:341.66,343.4 1 1
github.com/mrz1836/go-broadcast/internal/analytics/batch.go:344.3,344.80 1 13
github.com/mrz1836/go-broadcast/internal/analytics/batch.go:344.80,346.4 1 1
github.com/mrz1836/go-broadcast/internal/analytics/batch.go:349.3,349.46 1 13
github.com/mrz1836/go-broadcast/internal/analytics/batch.go:349.46,352.4 2 8
github.com/mrz1836/go-broadcast/internal/analytics/batch.go:353.3,353.52 1 13
github.com/mrz1836/go-broadcast/internal/analytics/batch.go:353.52,355.4 1 8
github.com/mrz1836/go-broadcast/internal/analytics/batch.go:357.3,357.35 1 13
github.com/mrz1836/go-broadcast/internal/analytics/batch.go:360.2,360.20 1 13
github.com/mrz1836/go-broadcast/internal/analytics/change.go:25.64,27.21 1 17
github.com/mrz1836/go-broadcast/internal/analytics/change.go:27.21,29.3 1 1
github.com/mrz1836/go-broadcast/internal/analytics/change.go:32.2,32.37 1 16
github.com/mrz1836/go-broadcast/internal/analytics/change.go:32.37,34.3 1 2
github.com/mrz1836/go-broadcast/internal/analytics/change.go:35.2,35.37 1 14
github.com/mrz1836/go-broadcast/internal/analytics/change.go:35.37,37.3 1 1
github.com/mrz1836/go-broadcast/internal/analytics/change.go:38.2,38.47 1 13
github.com/mrz1836/go-broadcast/internal/analytics/change.go:38.47,40.3 1 1
github.com/mrz1836/go-broadcast/internal/analytics/change.go:41.2,41.41 1 12
github.com/mrz1836/go-broadcast/internal/analytics/change.go:41.41,43.3 1 1
github.com/mrz1836/go-broadcast/internal/analytics/change.go:44.2,44.49 1 11
github.com/mrz1836/go-broadcast/internal/analytics/change.go:44.49,46.3 1 1
github.com/mrz1836/go-broadcast/internal/analytics/change.go:49.2,49.53 1 10
github.com/mrz1836/go-broadcast/internal/analytics/change.go:49.53,51.3 1 1
github.com/mrz1836/go-broadcast/internal/analytics/change.go:52.2,52.45 1 9
github.com/mrz1836/go-broadcast/internal/analytics/change.go:52.45,54.3 1 1
github.com/mrz1836/go-broadcast/internal/analytics/change.go:57.2,57.53 1 8
github.com/mrz1836/go-broadcast/internal/analytics/change.go:57.53,59.3 1 2
github.com/mrz1836/go-broadcast/internal/analytics/change.go:62.2,62.67 1 6
github.com/mrz1836/go-broadcast/internal/analytics/change.go:62.67,64.3 1 1
github.com/mrz1836/go-broadcast/internal/analytics/change.go:65.2,65.71 1 5
github.com/mrz1836/go-broadcast/internal/analytics/change.go:65.71,67.3 1 1
github.com/mrz1836/go-broadcast/internal/analytics/change.go:68.2,68.75 1 4
github.com/mrz1836/go-broadcast/internal/analytics/change.go:68.75,70.3 1 1
github.com/mrz1836/go-broadcast/internal/analytics/change.go:73.2,73.14 1 3
github.com/mrz1836/go-broadcast/internal/analytics/change.go:78.38,79.26 1 13
github.com/mrz1836/go-broadcast/internal/analytics/change.go:79.26,81.3 1 7
github.com/mrz1836/go-broadcast/internal/analytics/change.go:82.2,82.26 1 6
github.com/mrz1836/go-broadcast/internal/analytics/change.go:82.26,84.3 1 3
github.com/mrz1836/go-broadcast/internal/analytics/change.go:85.2,85.20 1 3
github.com/mrz1836/go-broadcast/internal/analytics/ci.go:63.77,68.2 1 9
github.com/mrz1836/go-broadcast/internal/analytics/ci.go:72.113,73.21 1 9
github.com/mrz1836/go-broadcast/internal/analytics/ci.go:73.21,75.3 1 1
github.com/mrz1836/go-broadcast/internal/analytics/ci.go:77.2,77.21 1 8
github.com/mrz1836/go-broadcast/internal/analytics/ci.go:77.21,79.3 1 7
github.com/mrz1836/go-broadcast/internal/analytics/ci.go:81.2,87.29 5 8
github.com/mrz1836/go-broadcast/internal/analytics/ci.go:87.29,88.21 1 8
github.com/mrz1836/go-broadcast/internal/analytics/ci.go:88.21,90.18 2 8
github.com/mrz1836/go-broadcast/internal/analytics/ci.go:90.18,91.24 1 2
github.com/mrz1836/go-broadcast/internal/analytics/ci.go:91.24,93.6 1 1
github.com/mrz1836/go-broadcast/internal/analytics/ci.go:94.5,94.15 1 2
github.com/mrz1836/go-broadcast/internal/analytics/ci.go:97.4,97.22 1 6
github.com/mrz1836/go-broadcast/internal/analytics/ci.go:97.22,102.24 4 4
github.com/mrz1836/go-broadcast/internal/analytics/ci.go:102.24,109.6 1 4
github.com/mrz1836/go-broadcast/internal/analytics/ci.go:112.4,112.14 1 6
github.com/mrz1836/go-broadcast/internal/analytics/ci.go:116.2,116.33 1 8
github.com/mrz1836/go-broadcast/internal/analytics/ci.go:116.33,118.3 1 0
github.com/mrz1836/go-broadcast/internal/analytics/ci.go:120.2,120.21 1 8
github.com/mrz1836/go-broadcast/internal/analytics/ci.go:120.21,122.3 1 7
github.com/mrz1836/go-broadcast/internal/analytics/ci.go:124.2,124.21 1 8
github.com/mrz1836/go-broadcast/internal/analytics/ci.go:129.91,132.16 2 8
github.com/mrz1836/go-broadcast/internal/analytics/ci.go:132.16,134.3 1 2
github.com/mrz1836/go-broadcast/internal/analytics/ci.go:136.2,137.31 2 6
github.com/mrz1836/go-broadcast/internal/analytics/ci.go:137.31,138.40 1 6
github.com/mrz1836/go-broadcast/internal/analytics/ci.go:138.40,140.9 2 5
github.com/mrz1836/go-broadcast/internal/analytics/ci.go:143.2,143.21 1 6
github.com/mrz1836/go-broadcast/internal/analytics/ci.go:143.21,145.3 1 1
github.com/mrz1836/go-broadcast/internal/analytics/ci.go:148.2,149.16 2 5
github.com/mrz1836/go-broadcast/internal/analytics/ci.go:149.16,151.3 1 0
github.com/mrz1836/go-broadcast/internal/analytics/ci.go:152.2,152.20 1 5
github.com/mrz1836/go-broadcast/internal/analytics/ci.go:152.20,154.3 1 1
github.com/mrz1836/go-broadcast/internal/analytics/ci.go:155.2,159.16 3 4
github.com/mrz1836/go-broadcast/internal/analytics/ci.go:159.16,161.3 1 0
github.com/mrz1836/go-broadcast/internal/analytics/ci.go:164.2,165.30 2 4
github.com/mrz1836/go-broadcast/internal/analytics/ci.go:165.30,167.3 1 5
github.com/mrz1836/go-broadcast/internal/analytics/ci.go:169.2,177.16 3 4
github.com/mrz1836/go-broadcast/internal/analytics/ci.go:177.16,179.3 1 0
github.com/mrz1836/go-broadcast/internal/analytics/ci.go:180.2,180.15 1 4
github.com/mrz1836/go-broadcast/internal/analytics/ci.go:180.15,180.43 1 4
github.com/mrz1836/go-broadcast/internal/analytics/ci.go:183.2,183.37 1 4
github.com/mrz1836/go-broadcast/internal/analytics/ci.go:183.37,185.3 1 2
github.com/mrz1836/go-broadcast/internal/analytics/ci.go:185.8,185.46 1 2
github.com/mrz1836/go-broadcast/internal/analytics/ci.go:185.46,187.3 1 1
github.com/mrz1836/go-broadcast/internal/analytics/ci.go:190.2,190.45 1 4
github.com/mrz1836/go-broadcast/internal/analytics/ci.go:190.45,192.3 1 1
github.com/mrz1836/go-broadcast/internal/analytics/ci.go:195.2,196.34 2 4
github.com/mrz1836/go-broadcast/internal/analytics/ci.go:196.34,197.55 1 5
github.com/mrz1836/go-broadcast/internal/analytics/ci.go:197.55,200.9 3 0
github.com/mrz1836/go-broadcast/internal/analytics/ci.go:203.2,203.60 1 4
github.com/mrz1836/go-broadcast/internal/analytics/ci.go:203.60,205.3 1 0
github.com/mrz1836/go-broadcast/internal/analytics/ci.go:208.2,208.34 1 4
github.com/mrz1836/go-broadcast/internal/analytics/ci.go:208.34,209.51 1 5
github.com/mrz1836/go-broadcast/internal/analytics/ci.go:209.51,211.4 1 1
github.com/mrz1836/go-broadcast/internal/analytics/ci.go:214.2,214.21 1 4
github.com/mrz1836/go-broadcast/internal/analytics/ci.go:218.128,220.87 2 2
github.com/mrz1836/go-broadcast/internal/analytics/ci.go:220.87,221.22 1 1
github.com/mrz1836/go-broadcast/internal/analytics/ci.go:221.22,223.4 1 1
github.com/mrz1836/go-broadcast/internal/analytics/ci.go:224.3,224.9 1 1
github.com/mrz1836/go-broadcast/internal/analytics/ci.go:227.2,228.16 2 1
github.com/mrz1836/go-broadcast/internal/analytics/ci.go:228.16,229.22 1 0
github.com/mrz1836/go-broadcast/internal/analytics/ci.go:229.22,231.4 1 0
github.com/mrz1836/go-broadcast/internal/analytics/ci.go:232.3,232.9 1 0
github.com/mrz1836/go-broadcast/internal/analytics/ci.go:235.2,236.16 2 1
github.com/mrz1836/go-broadcast/internal/analytics/ci.go:236.16,241.3 4 1
github.com/mrz1836/go-broadcast/internal/analytics/ci.go:245.134,247.101 2 1
github.com/mrz1836/go-broadcast/internal/analytics/ci.go:247.101,248.22 1 0
github.com/mrz1836/go-broadcast/internal/analytics/ci.go:248.22,250.4 1 0
github.com/mrz1836/go-broadcast/internal/analytics/ci.go:251.3,251.9 1 0
github.com/mrz1836/go-broadcast/internal/analytics/ci.go:254.2,255.16 2 1
github.com/mrz1836/go-broadcast/internal/analytics/ci.go:255.16,256.22 1 0
github.com/mrz1836/go-broadcast/internal/analytics/ci.go:256.22,258.4 1 0
github.com/mrz1836/go-broadcast/internal/analytics/ci.go:259.3,259.9 1 0
github.com/mrz1836/go-broadcast/internal/analytics/ci.go:262.2,266.36 5 1
github.com/mrz1836/go-broadcast/internal/analytics/ci.go:270.127,272.107 2 1
github.com/mrz1836/go-broadcast/internal/analytics/ci.go:272.107,273.22 1 0
github.com/mrz1836/go-broadcast/internal/analytics/ci.go:273.22,275.4 1 0
github.com/mrz1836/go-broadcast/internal/analytics/ci.go:276.3,276.9 1 0
github.com/mrz1836/go-broadcast/internal/analytics/ci.go:279.2,280.16 2 1
github.com/mrz1836/go-broadcast/internal/analytics/ci.go:280.16,281.22 1 0
github.com/mrz1836/go-broadcast/internal/analytics/ci.go:281.22,283.4 1 0
github.com/mrz1836/go-broadcast/internal/analytics/ci.go:284.3,284.9 1 0
github.com/mrz1836/go-broadcast/internal/analytics/ci.go:287.2,288.16 2 1
github.com/mrz1836/go-broadcast/internal/analytics/ci.go:288.16,290.3 1 1
github.com/mrz1836/go-broadcast/internal/analytics/ci.go:294.124,296.103 2 0
github.com/mrz1836/go-broadcast/internal/analytics/ci.go:296.103,297.22 1 0
github.com/mrz1836/go-broadcast/internal/analytics/ci.go:297.22,299.4 1 0
github.com/mrz1836/go-broadcast/internal/analytics/ci.go:300.3,300.9 1 0
github.com/mrz1836/go-broadcast/internal/analytics/ci.go:303.2,304.16 2 0
github.com/mrz1836/go-broadcast/internal/analytics/ci.go:304.16,305.22 1 0
github.com/mrz1836/go-broadcast/internal/analytics/ci.go:305.22,307.4 1 0
github.com/mrz1836/go-broadcast/internal/analytics/ci.go:308.3,308.9 1 0
github.com/mrz1836/go-broadcast/internal/analytics/ci.go:311.2,311.54 1 0
github.com/mrz1836/go-broadcast/internal/analytics/ci.go:315.134,317.87 2 0
github.com/mrz1836/go-broadcast/internal/analytics/ci.go:317.87,318.22 1 0
github.com/mrz1836/go-broadcast/internal/analytics/ci.go:318.22,320.4 1 0
github.com/mrz1836/go-broadcast/internal/analytics/ci.go:321.3,321.9 1 0
github.com/mrz1836/go-broadcast/internal/analytics/ci.go:325.2,327.16 3 0
github.com/mrz1836/go-broadcast/internal/analytics/ci.go:327.16,328.22 1 0
github.com/mrz1836/go-broadcast/internal/analytics/ci.go:328.22,330.4 1 0
github.com/mrz1836/go-broadcast/internal/analytics/ci.go:331.3,331.9 1 0
github.com/mrz1836/go-broadcast/internal/analytics/ci.go:334.2,335.19 2 0
github.com/mrz1836/go-broadcast/internal/analytics/ci.go:335.19,337.3 1 0
github.com/mrz1836/go-broadcast/internal/analytics/ci.go:341.130,343.87 2 1
github.com/mrz1836/go-broadcast/internal/analytics/ci.go:343.87,344.22 1 0
github.com/mrz1836/go-broadcast/internal/analytics/ci.go:344.22,346.4 1 0
github.com/mrz1836/go-broadcast/internal/analytics/ci.go:347.3,347.9 1 0
github.com/mrz1836/go-broadcast/internal/analytics/ci.go:350.2,351.16 2 1
github.com/mrz1836/go-broadcast/internal/analytics/ci.go:351.16,352.22 1 0
github.com/mrz1836/go-broadcast/internal/analytics/ci.go:352.22,354.4 1 0
github.com/mrz1836/go-broadcast/internal/analytics/ci.go:355.3,355.9 1 0
github.com/mrz1836/go-broadcast/internal/analytics/ci.go:358.2,358.53 1 1
github.com/mrz1836/go-broadcast/internal/analytics/ci.go:374.41,376.51 2 6
github.com/mrz1836/go-broadcast/internal/analytics/ci.go:376.51,378.3 1 1
github.com/mrz1836/go-broadcast/internal/analytics/ci.go:380.2,380.102 1 5
github.com/mrz1836/go-broadcast/internal/analytics/ci.go:380.102,382.3 1 2
github.com/mrz1836/go-broadcast/internal/analytics/ci.go:383.2,383.13 1 3
github.com/mrz1836/go-broadcast/internal/analytics/ci.go:388.81,390.21 2 5
github.com/mrz1836/go-broadcast/internal/analytics/ci.go:390.21,392.35 2 19
github.com/mrz1836/go-broadcast/internal/analytics/ci.go:392.35,393.12 1 3
github.com/mrz1836/go-broadcast/internal/analytics/ci.go:396.3,397.20 2 16
github.com/mrz1836/go-broadcast/internal/analytics/ci.go:397.20,398.12 1 0
github.com/mrz1836/go-broadcast/internal/analytics/ci.go:401.3,405.10 4 16
github.com/mrz1836/go-broadcast/internal/analytics/ci.go:406.48,408.43 2 3
github.com/mrz1836/go-broadcast/internal/analytics/ci.go:409.46,411.41 2 3
github.com/mrz1836/go-broadcast/internal/analytics/ci.go:414.2,414.43 1 5
github.com/mrz1836/go-broadcast/internal/analytics/ci.go:418.46,420.51 2 8
github.com/mrz1836/go-broadcast/internal/analytics/ci.go:420.51,422.3 1 1
github.com/mrz1836/go-broadcast/internal/analytics/ci.go:425.2,425.74 1 7
github.com/mrz1836/go-broadcast/internal/analytics/ci.go:425.74,426.30 1 11
github.com/mrz1836/go-broadcast/internal/analytics/ci.go:426.30,427.27 1 6
github.com/mrz1836/go-broadcast/internal/analytics/ci.go:428.17,429.14 1 3
github.com/mrz1836/go-broadcast/internal/analytics/ci.go:430.16,431.56 1 2
github.com/mrz1836/go-broadcast/internal/analytics/ci.go:431.56,433.6 1 1
github.com/mrz1836/go-broadcast/internal/analytics/ci.go:438.2,438.12 1 3
github.com/mrz1836/go-broadcast/internal/analytics/ci.go:442.43,444.51 2 5
github.com/mrz1836/go-broadcast/internal/analytics/ci.go:444.51,446.3 1 1
github.com/mrz1836/go-broadcast/internal/analytics/ci.go:448.2,448.45 1 4
github.com/mrz1836/go-broadcast/internal/analytics/ci.go:448.45,449.28 1 3
github.com/mrz1836/go-broadcast/internal/analytics/ci.go:450.16,451.17 1 3
github.com/mrz1836/go-broadcast/internal/analytics/ci.go:452.12,453.12 1 0
github.com/mrz1836/go-broadcast/internal/analytics/ci.go:457.2,457.10 1 1
github.com/mrz1836/go-broadcast/internal/analytics/ci.go:461.43,463.21 2 6
github.com/mrz1836/go-broadcast/internal/analytics/ci.go:463.21,467.54 3 9
github.com/mrz1836/go-broadcast/internal/analytics/ci.go:467.54,468.12 1 2
github.com/mrz1836/go-broadcast/internal/analytics/ci.go:472.3,472.76 1 7
github.com/mrz1836/go-broadcast/internal/analytics/ci.go:472.76,473.68 1 3
github.com/mrz1836/go-broadcast/internal/analytics/ci.go:473.68,475.55 1 3
github.com/mrz1836/go-broadcast/internal/analytics/ci.go:475.55,476.37 1 1
github.com/mrz1836/go-broadcast/internal/analytics/ci.go:477.19,478.20 1 1
github.com/mrz1836/go-broadcast/internal/analytics/ci.go:479.15,480.15 1 0
github.com/mrz1836/go-broadcast/internal/analytics/ci.go:484.5,484.42 1 2
github.com/mrz1836/go-broadcast/internal/analytics/ci.go:484.42,485.31 1 1
github.com/mrz1836/go-broadcast/internal/analytics/ci.go:486.19,487.20 1 1
github.com/mrz1836/go-broadcast/internal/analytics/ci.go:488.15,489.15 1 0
github.com/mrz1836/go-broadcast/internal/analytics/ci.go:495.2,495.10 1 4
github.com/mrz1836/go-broadcast/internal/analytics/ci.go:502.50,505.21 3 6
github.com/mrz1836/go-broadcast/internal/analytics/ci.go:505.21,508.24 3 11
github.com/mrz1836/go-broadcast/internal/analytics/ci.go:508.24,510.22 2 5
github.com/mrz1836/go-broadcast/internal/analytics/ci.go:510.22,512.5 1 5
github.com/mrz1836/go-broadcast/internal/analytics/ci.go:515.2,515.19 1 6
github.com/mrz1836/go-broadcast/internal/analytics/ci.go:523.50,525.2 1 6
github.com/mrz1836/go-broadcast/internal/analytics/ci.go:528.54,530.2 1 3
github.com/mrz1836/go-broadcast/internal/analytics/ci.go:533.55,535.16 2 9
github.com/mrz1836/go-broadcast/internal/analytics/ci.go:535.16,537.3 1 1
github.com/mrz1836/go-broadcast/internal/analytics/ci.go:539.2,539.32 1 8
github.com/mrz1836/go-broadcast/internal/analytics/ci.go:539.32,540.20 1 7
github.com/mrz1836/go-broadcast/internal/analytics/ci.go:540.20,541.12 1 0
github.com/mrz1836/go-broadcast/internal/analytics/ci.go:543.3,543.43 1 7
github.com/mrz1836/go-broadcast/internal/analytics/ci.go:543.43,548.4 3 6
github.com/mrz1836/go-broadcast/internal/analytics/ci.go:551.2,551.75 1 2
github.com/mrz1836/go-broadcast/internal/analytics/ci.go:555.38,562.2 5 25
github.com/mrz1836/go-broadcast/internal/analytics/pipeline.go:32.157,40.2 1 3
github.com/mrz1836/go-broadcast/internal/analytics/pipeline.go:43.44,45.2 1 0
github.com/mrz1836/go-broadcast/internal/analytics/pipeline.go:48.47,50.2 1 0
github.com/mrz1836/go-broadcast/internal/analytics/pipeline.go:54.104,57.16 2 0
github.com/mrz1836/go-broadcast/internal/analytics/pipeline.go:57.16,59.3 1 0
github.com/mrz1836/go-broadcast/internal/analytics/pipeline.go:61.2,61.21 1 0
github.com/mrz1836/go-broadcast/internal/analytics/pipeline.go:61.21,66.3 1 0
github.com/mrz1836/go-broadcast/internal/analytics/pipeline.go:68.2,68.31 1 0
github.com/mrz1836/go-broadcast/internal/analytics/pipeline.go:68.31,70.3 1 0
github.com/mrz1836/go-broadcast/internal/analytics/pipeline.go:73.2,73.48 1 0
github.com/mrz1836/go-broadcast/internal/analytics/pipeline.go:77.105,80.16 2 0
github.com/mrz1836/go-broadcast/internal/analytics/pipeline.go:80.16,82.3 1 0
github.com/mrz1836/go-broadcast/internal/analytics/pipeline.go:85.2,86.16 2 0
github.com/mrz1836/go-broadcast/internal/analytics/pipeline.go:86.16,88.3 1 0
github.com/mrz1836/go-broadcast/internal/analytics/pipeline.go:91.2,92.29 2 0
github.com/mrz1836/go-broadcast/internal/analytics/pipeline.go:92.29,100.3 1 0
github.com/mrz1836/go-broadcast/internal/analytics/pipeline.go:102.2,102.23 1 0
github.com/mrz1836/go-broadcast/internal/analytics/pipeline.go:106.99,118.16 3 2
github.com/mrz1836/go-broadcast/internal/analytics/pipeline.go:118.16,120.3 1 0
github.com/mrz1836/go-broadcast/internal/analytics/pipeline.go:122.2,123.9 2 2
github.com/mrz1836/go-broadcast/internal/analytics/pipeline.go:123.9,125.3 1 1
github.com/mrz1836/go-broadcast/internal/analytics/pipeline.go:127.2,127.20 1 1
github.com/mrz1836/go-broadcast/internal/analytics/pipeline.go:131.112,135.21 2 2
github.com/mrz1836/go-broadcast/internal/analytics/pipeline.go:135.21,141.3 1 0
github.com/mrz1836/go-broadcast/internal/analytics/pipeline.go:143.2,146.32 2 2
github.com/mrz1836/go-broadcast/internal/analytics/pipeline.go:146.32,148.10 1 2
github.com/mrz1836/go-broadcast/internal/analytics/pipeline.go:149.21,150.33 1 0
github.com/mrz1836/go-broadcast/internal/analytics/pipeline.go:151.11,151.11 0 2
github.com/mrz1836/go-broadcast/internal/analytics/pipeline.go:154.3,154.22 1 2
github.com/mrz1836/go-broadcast/internal/analytics/pipeline.go:154.22,159.4 1 0
github.com/mrz1836/go-broadcast/internal/analytics/pipeline.go:162.3,163.18 2 2
github.com/mrz1836/go-broadcast/internal/analytics/pipeline.go:163.18,164.12 1 0
github.com/mrz1836/go-broadcast/internal/analytics/pipeline.go:168.3,169.17 2 2
github.com/mrz1836/go-broadcast/internal/analytics/pipeline.go:169.17,171.23 1 1
github.com/mrz1836/go-broadcast/internal/analytics/pipeline.go:171.23,173.5 1 0
github.com/mrz1836/go-broadcast/internal/analytics/pipeline.go:176.4,176.30 1 1
github.com/mrz1836/go-broadcast/internal/analytics/pipeline.go:176.30,177.24 1 0
github.com/mrz1836/go-broadcast/internal/analytics/pipeline.go:177.24,179.6 1 0
github.com/mrz1836/go-broadcast/internal/analytics/pipeline.go:182.5,183.47 2 0
github.com/mrz1836/go-broadcast/internal/analytics/pipeline.go:183.47,186.25 3 0
github.com/mrz1836/go-broadcast/internal/analytics/pipeline.go:186.25,187.26 1 0
github.com/mrz1836/go-broadcast/internal/analytics/pipeline.go:187.26,192.8 1 0
github.com/mrz1836/go-broadcast/internal/analytics/pipeline.go:193.7,193.15 1 0
github.com/mrz1836/go-broadcast/internal/analytics/pipeline.go:197.6,198.25 2 0
github.com/mrz1836/go-broadcast/internal/analytics/pipeline.go:198.25,199.26 1 0
github.com/mrz1836/go-broadcast/internal/analytics/pipeline.go:199.26,201.8 1 0
github.com/mrz1836/go-broadcast/internal/analytics/pipeline.go:202.7,202.15 1 0
github.com/mrz1836/go-broadcast/internal/analytics/pipeline.go:205.6,205.33 1 0
github.com/mrz1836/go-broadcast/internal/analytics/pipeline.go:205.33,207.7 1 0
github.com/mrz1836/go-broadcast/internal/analytics/pipeline.go:211.4,211.12 1 1
github.com/mrz1836/go-broadcast/internal/analytics/pipeline.go:215.3,216.17 2 1
github.com/mrz1836/go-broadcast/internal/analytics/pipeline.go:216.17,217.23 1 0
github.com/mrz1836/go-broadcast/internal/analytics/pipeline.go:217.23,219.5 1 0
github.com/mrz1836/go-broadcast/internal/analytics/pipeline.go:220.4,220.12 1 0
github.com/mrz1836/go-broadcast/internal/analytics/pipeline.go:224.3,224.30 1 1
github.com/mrz1836/go-broadcast/internal/analytics/pipeline.go:224.30,226.4 1 1
github.com/mrz1836/go-broadcast/internal/analytics/pipeline.go:228.3,228.22 1 1
github.com/mrz1836/go-broadcast/internal/analytics/pipeline.go:228.22,233.4 1 0
github.com/mrz1836/go-broadcast/internal/analytics/pipeline.go:236.2,236.21 1 2
github.com/mrz1836/go-broadcast/internal/analytics/pipeline.go:236.21,241.3 1 0
github.com/mrz1836/go-broadcast/internal/analytics/pipeline.go:243.2,243.25 1 2
github.com/mrz1836/go-broadcast/internal/analytics/pipeline.go:247.40,248.16 1 6
github.com/mrz1836/go-broadcast/internal/analytics/pipeline.go:248.16,250.3 1 1
github.com/mrz1836/go-broadcast/internal/analytics/pipeline.go:251.2,252.132 2 5
github.com/mrz1836/go-broadcast/internal/analytics/pipeline.go:260.115,269.55 2 0
github.com/mrz1836/go-broadcast/internal/analytics/pipeline.go:269.55,271.3 1 0
github.com/mrz1836/go-broadcast/internal/analytics/pipeline.go:273.2,273.21 1 0
github.com/mrz1836/go-broadcast/internal/analytics/pipeline.go:273.21,280.3 1 0
github.com/mrz1836/go-broadcast/internal/analytics/pipeline.go:282.2,282.17 1 0
github.com/mrz1836/go-broadcast/internal/analytics/pipeline.go:286.86,287.55 1 0
github.com/mrz1836/go-broadcast/internal/analytics/pipeline.go:287.55,289.3 1 0
github.com/mrz1836/go-broadcast/internal/analytics/pipeline.go:290.2,290.12 1 0
github.com/mrz1836/go-broadcast/internal/analytics/pipeline.go:294.95,300.55 5 0
github.com/mrz1836/go-broadcast/internal/analytics/pipeline.go:300.55,302.3 1 0
github.com/mrz1836/go-broadcast/internal/analytics/pipeline.go:304.2,304.21 1 0
github.com/mrz1836/go-broadcast/internal/analytics/pipeline.go:304.21,313.3 1 0
github.com/mrz1836/go-broadcast/internal/analytics/pipeline.go:315.2,315.12 1 0
github.com/mrz1836/go-broadcast/internal/analytics/pipeline.go:319.101,327.23 2 0
github.com/mrz1836/go-broadcast/internal/analytics/pipeline.go:327.23,331.3 1 0
github.com/mrz1836/go-broadcast/internal/analytics/pipeline.go:331.8,333.10 2 0
github.com/mrz1836/go-broadcast/internal/analytics/pipeline.go:333.10,335.4 1 0
github.com/mrz1836/go-broadcast/internal/analytics/pipeline.go:336.3,337.37 2 0
github.com/mrz1836/go-broadcast/internal/analytics/pipeline.go:340.2,343.21 3 0
github.com/mrz1836/go-broadcast/internal/analytics/pipeline.go:343.21,349.3 1 0
github.com/mrz1836/go-broadcast/internal/analytics/security.go:55.89,60.2 1 8
github.com/mrz1836/go-broadcast/internal/analytics/security.go:64.121,65.21 1 8
github.com/mrz1836/go-broadcast/internal/analytics/security.go:65.21,67.3 1 1
github.com/mrz1836/go-broadcast/internal/analytics/security.go:69.2,69.21 1 7
github.com/mrz1836/go-broadcast/internal/analytics/security.go:69.21,71.3 1 0
github.com/mrz1836/go-broadcast/internal/analytics/security.go:74.2,82.29 5 7
github.com/mrz1836/go-broadcast/internal/analytics/security.go:82.29,83.21 1 111
github.com/mrz1836/go-broadcast/internal/analytics/security.go:83.21,85.18 2 111
github.com/mrz1836/go-broadcast/internal/analytics/security.go:85.18,86.24 1 1
github.com/mrz1836/go-broadcast/internal/analytics/security.go:86.24,88.6 1 0
github.com/mrz1836/go-broadcast/internal/analytics/security.go:90.5,90.15 1 1
github.com/mrz1836/go-broadcast/internal/analytics/security.go:93.4,93.23 1 110
github.com/mrz1836/go-broadcast/internal/analytics/security.go:93.23,98.24 4 54
github.com/mrz1836/go-broadcast/internal/analytics/security.go:98.24,103.6 1 0
github.com/mrz1836/go-broadcast/internal/analytics/security.go:106.4,106.14 1 110
github.com/mrz1836/go-broadcast/internal/analytics/security.go:111.2,111.33 1 7
github.com/mrz1836/go-broadcast/internal/analytics/security.go:111.33,113.3 1 0
github.com/mrz1836/go-broadcast/internal/analytics/security.go:115.2,115.21 1 7
github.com/mrz1836/go-broadcast/internal/analytics/security.go:115.21,117.34 2 0
github.com/mrz1836/go-broadcast/internal/analytics/security.go:117.34,119.4 1 0
github.com/mrz1836/go-broadcast/internal/analytics/security.go:120.3,123.48 1 0
github.com/mrz1836/go-broadcast/internal/analytics/security.go:126.2,126.21 1 7
github.com/mrz1836/go-broadcast/internal/analytics/security.go:130.106,135.16 3 111
github.com/mrz1836/go-broadcast/internal/analytics/security.go:135.16,137.3 1 1
github.com/mrz1836/go-broadcast/internal/analytics/security.go:138.2,138.41 1 110
github.com/mrz1836/go-broadcast/internal/analytics/security.go:138.41,153.3 1 54
github.com/mrz1836/go-broadcast/internal/analytics/security.go:156.2,157.16 2 110
github.com/mrz1836/go-broadcast/internal/analytics/security.go:157.16,159.3 1 0
github.com/mrz1836/go-broadcast/internal/analytics/security.go:160.2,160.43 1 110
github.com/mrz1836/go-broadcast/internal/analytics/security.go:160.43,175.3 1 1
github.com/mrz1836/go-broadcast/internal/analytics/security.go:178.2,179.16 2 110
github.com/mrz1836/go-broadcast/internal/analytics/security.go:179.16,181.3 1 0
github.com/mrz1836/go-broadcast/internal/analytics/security.go:182.2,182.45 1 110
github.com/mrz1836/go-broadcast/internal/analytics/security.go:182.45,184.29 2 1
github.com/mrz1836/go-broadcast/internal/analytics/security.go:184.29,186.4 1 0
github.com/mrz1836/go-broadcast/internal/analytics/security.go:187.3,197.5 1 1
github.com/mrz1836/go-broadcast/internal/analytics/security.go:200.2,200.23 1 110
github.com/mrz1836/go-broadcast/internal/analytics/security.go:204.42,205.14 1 111
github.com/mrz1836/go-broadcast/internal/analytics/security.go:205.14,207.3 1 111
github.com/mrz1836/go-broadcast/internal/analytics/security.go:208.2,209.13 2 0
github.com/mrz1836/go-broadcast/internal/ai/cache.go:32.51,39.2 1 21
github.com/mrz1836/go-broadcast/internal/ai/cache.go:42.35,46.2 3 793
github.com/mrz1836/go-broadcast/internal/ai/cache.go:49.64,50.16 1 262
github.com/mrz1836/go-broadcast/internal/ai/cache.go:50.16,52.3 1 1
github.com/mrz1836/go-broadcast/internal/ai/cache.go:53.2,54.26 2 261
github.com/mrz1836/go-broadcast/internal/ai/cache.go:59.63,64.9 4 523
github.com/mrz1836/go-broadcast/internal/ai/cache.go:64.9,66.3 1 21
github.com/mrz1836/go-broadcast/internal/ai/cache.go:69.2,69.41 1 502
github.com/mrz1836/go-broadcast/internal/ai/cache.go:69.41,71.3 1 1
github.com/mrz1836/go-broadcast/internal/ai/cache.go:73.2,73.29 1 501
github.com/mrz1836/go-broadcast/internal/ai/cache.go:77.59,78.16 1 263
github.com/mrz1836/go-broadcast/internal/ai/cache.go:78.16,80.3 1 1
github.com/mrz1836/go-broadcast/internal/ai/cache.go:81.2,82.29 2 262
github.com/mrz1836/go-broadcast/internal/ai/cache.go:87.58,92.33 3 276
github.com/mrz1836/go-broadcast/internal/ai/cache.go:92.33,94.3 1 1
github.com/mrz1836/go-broadcast/internal/ai/cache.go:96.2,99.3 1 276
github.com/mrz1836/go-broadcast/internal/ai/cache.go:110.47,111.16 1 264
github.com/mrz1836/go-broadcast/internal/ai/cache.go:111.16,115.3 2 2
github.com/mrz1836/go-broadcast/internal/ai/cache.go:118.2,122.41 3 262
github.com/mrz1836/go-broadcast/internal/ai/cache.go:122.41,127.3 4 245
github.com/mrz1836/go-broadcast/internal/ai/cache.go:129.2,135.16 5 17
github.com/mrz1836/go-broadcast/internal/ai/cache.go:135.16,137.3 1 3
github.com/mrz1836/go-broadcast/internal/ai/cache.go:140.2,142.29 2 14
github.com/mrz1836/go-broadcast/internal/ai/cache.go:150.39,155.37 3 1
github.com/mrz1836/go-broadcast/internal/ai/cache.go:155.37,156.41 1 3
github.com/mrz1836/go-broadcast/internal/ai/cache.go:156.41,158.4 1 0
github.com/mrz1836/go-broadcast/internal/ai/cache.go:161.2,161.32 1 1
github.com/mrz1836/go-broadcast/internal/ai/cache.go:161.32,163.3 1 0
github.com/mrz1836/go-broadcast/internal/ai/cache.go:166.2,166.33 1 1
github.com/mrz1836/go-broadcast/internal/ai/cache.go:166.33,169.24 2 1
github.com/mrz1836/go-broadcast/internal/ai/cache.go:169.24,171.4 1 1
github.com/mrz1836/go-broadcast/internal/ai/cache.go:173.3,178.38 3 1
github.com/mrz1836/go-broadcast/internal/ai/cache.go:178.38,180.4 1 3
github.com/mrz1836/go-broadcast/internal/ai/cache.go:183.3,183.40 1 1
github.com/mrz1836/go-broadcast/internal/ai/cache.go:183.40,185.4 1 2
github.com/mrz1836/go-broadcast/internal/ai/cache.go:188.3,188.55 1 1
github.com/mrz1836/go-broadcast/internal/ai/cache.go:188.55,190.4 1 1
github.com/mrz1836/go-broadcast/internal/ai/cache.go:195.64,199.2 3 256
github.com/mrz1836/go-broadcast/internal/ai/cache.go:202.33,208.2 5 1
github.com/mrz1836/go-broadcast/internal/ai/cache.go:211.36,215.2 3 8
github.com/mrz1836/go-broadcast/internal/ai/commit_generator.go:44.27,45.19 1 15
github.com/mrz1836/go-broadcast/internal/ai/commit_generator.go:45.19,47.3 1 14
github.com/mrz1836/go-broadcast/internal/ai/commit_generator.go:48.2,48.24 1 15
github.com/mrz1836/go-broadcast/internal/ai/commit_generator.go:48.24,50.3 1 14
github.com/mrz1836/go-broadcast/internal/ai/commit_generator.go:51.2,51.18 1 15
github.com/mrz1836/go-broadcast/internal/ai/commit_generator.go:51.18,53.3 1 1
github.com/mrz1836/go-broadcast/internal/ai/commit_generator.go:55.2,63.3 1 15
github.com/mrz1836/go-broadcast/internal/ai/commit_generator.go:71.113,73.22 1 9
github.com/mrz1836/go-broadcast/internal/ai/commit_generator.go:73.22,76.3 2 0
github.com/mrz1836/go-broadcast/internal/ai/commit_generator.go:79.2,79.52 1 9
github.com/mrz1836/go-broadcast/internal/ai/commit_generator.go:79.52,82.3 2 2
github.com/mrz1836/go-broadcast/internal/ai/commit_generator.go:85.2,85.65 1 7
github.com/mrz1836/go-broadcast/internal/ai/commit_generator.go:85.65,89.3 3 7
github.com/mrz1836/go-broadcast/internal/ai/commit_generator.go:91.2,95.20 3 7
github.com/mrz1836/go-broadcast/internal/ai/commit_generator.go:95.20,98.132 3 2
github.com/mrz1836/go-broadcast/internal/ai/commit_generator.go:98.132,100.4 1 1
github.com/mrz1836/go-broadcast/internal/ai/commit_generator.go:102.3,102.15 1 2
github.com/mrz1836/go-broadcast/internal/ai/commit_generator.go:102.15,104.4 1 1
github.com/mrz1836/go-broadcast/internal/ai/commit_generator.go:105.8,109.3 2 5
github.com/mrz1836/go-broadcast/internal/ai/commit_generator.go:111.2,111.16 1 7
github.com/mrz1836/go-broadcast/internal/ai/commit_generator.go:111.16,113.46 1 3
github.com/mrz1836/go-broadcast/internal/ai/commit_generator.go:113.46,116.4 2 0
github.com/mrz1836/go-broadcast/internal/ai/commit_generator.go:117.3,118.56 2 3
github.com/mrz1836/go-broadcast/internal/ai/commit_generator.go:122.2,123.21 2 4
github.com/mrz1836/go-broadcast/internal/ai/commit_generator.go:123.21,126.3 2 1
github.com/mrz1836/go-broadcast/internal/ai/commit_generator.go:128.2,128.23 1 3
github.com/mrz1836/go-broadcast/internal/ai/commit_generator.go:132.112,135.116 2 6
github.com/mrz1836/go-broadcast/internal/ai/commit_generator.go:135.116,141.3 1 6
github.com/mrz1836/go-broadcast/internal/ai/commit_generator.go:142.2,142.16 1 6
github.com/mrz1836/go-broadcast/internal/ai/commit_generator.go:142.16,144.3 1 3
github.com/mrz1836/go-broadcast/internal/ai/commit_generator.go:146.2,146.26 1 3
github.com/mrz1836/go-broadcast/internal/ai/commit_generator.go:150.84,151.58 1 10
github.com/mrz1836/go-broadcast/internal/ai/commit_generator.go:151.58,153.3 1 2
github.com/mrz1836/go-broadcast/internal/ai/commit_generator.go:155.2,155.38 1 8
github.com/mrz1836/go-broadcast/internal/ai/commit_generator.go:155.38,157.3 1 5
github.com/mrz1836/go-broadcast/internal/ai/commit_generator.go:159.2,159.97 1 3
github.com/mrz1836/go-broadcast/internal/ai/commit_prompt.go:79.47,80.33 1 22
github.com/mrz1836/go-broadcast/internal/ai/commit_prompt.go:80.33,82.3 1 1
github.com/mrz1836/go-broadcast/internal/ai/commit_prompt.go:83.2,83.25 1 22
github.com/mrz1836/go-broadcast/internal/ai/commit_prompt.go:88.51,89.16 1 22
github.com/mrz1836/go-broadcast/internal/ai/commit_prompt.go:89.16,91.3 1 2
github.com/mrz1836/go-broadcast/internal/ai/commit_prompt.go:93.2,94.65 2 20
github.com/mrz1836/go-broadcast/internal/ai/commit_prompt.go:94.65,99.3 2 0
github.com/mrz1836/go-broadcast/internal/ai/commit_prompt.go:101.2,101.21 1 20
github.com/mrz1836/go-broadcast/internal/ai/commit_validator.go:14.47,18.15 2 64
github.com/mrz1836/go-broadcast/internal/ai/commit_validator.go:18.15,20.3 1 2
github.com/mrz1836/go-broadcast/internal/ai/commit_validator.go:23.2,23.48 1 62
github.com/mrz1836/go-broadcast/internal/ai/commit_validator.go:23.48,25.3 1 3
github.com/mrz1836/go-broadcast/internal/ai/commit_validator.go:28.2,37.39 4 62
github.com/mrz1836/go-broadcast/internal/ai/commit_validator.go:37.39,40.3 1 2
github.com/mrz1836/go-broadcast/internal/ai/commit_validator.go:42.2,42.12 1 62
github.com/mrz1836/go-broadcast/internal/ai/commit_validator.go:46.50,57.2 5 70
github.com/mrz1836/go-broadcast/internal/ai/commit_validator.go:61.42,63.72 1 77
github.com/mrz1836/go-broadcast/internal/ai/commit_validator.go:63.72,65.3 1 45
github.com/mrz1836/go-broadcast/internal/ai/commit_validator.go:68.2,80.43 2 32
github.com/mrz1836/go-broadcast/internal/ai/commit_validator.go:80.43,81.37 1 161
github.com/mrz1836/go-broadcast/internal/ai/commit_validator.go:81.37,84.4 2 26
github.com/mrz1836/go-broadcast/internal/ai/commit_validator.go:88.2,88.23 1 6
github.com/mrz1836/go-broadcast/internal/ai/commit_validator.go:92.58,93.22 1 10
github.com/mrz1836/go-broadcast/internal/ai/commit_validator.go:93.22,95.3 1 3
github.com/mrz1836/go-broadcast/internal/ai/commit_validator.go:98.2,99.26 2 7
github.com/mrz1836/go-broadcast/internal/ai/commit_validator.go:99.26,101.3 1 4
github.com/mrz1836/go-broadcast/internal/ai/commit_validator.go:104.2,104.19 1 3
github.com/mrz1836/go-broadcast/internal/ai/config.go:25.68,29.2 3 3
github.com/mrz1836/go-broadcast/internal/ai/config.go:33.59,37.19 4 12
github.com/mrz1836/go-broadcast/internal/ai/config.go:37.19,39.3 1 1
github.com/mrz1836/go-broadcast/internal/ai/config.go:108.27,115.18 5 24
github.com/mrz1836/go-broadcast/internal/ai/config.go:115.18,117.3 1 7
github.com/mrz1836/go-broadcast/internal/ai/config.go:120.2,120.18 1 24
github.com/mrz1836/go-broadcast/internal/ai/config.go:120.18,121.19 1 17
github.com/mrz1836/go-broadcast/internal/ai/config.go:122.26,124.20 2 12
github.com/mrz1836/go-broadcast/internal/ai/config.go:124.20,126.5 1 2
github.com/mrz1836/go-broadcast/internal/ai/config.go:127.23,129.20 2 2
github.com/mrz1836/go-broadcast/internal/ai/config.go:129.20,131.5 1 1
github.com/mrz1836/go-broadcast/internal/ai/config.go:132.23,134.20 2 2
github.com/mrz1836/go-broadcast/internal/ai/config.go:134.20,136.5 1 1
github.com/mrz1836/go-broadcast/internal/ai/config.go:140.2,171.21 2 24
github.com/mrz1836/go-broadcast/internal/ai/config.go:171.21,173.3 1 22
github.com/mrz1836/go-broadcast/internal/ai/config.go:175.2,175.12 1 24
github.com/mrz1836/go-broadcast/internal/ai/config.go:179.35,181.2 1 23
github.com/mrz1836/go-broadcast/internal/ai/config.go:184.37,186.2 1 8
github.com/mrz1836/go-broadcast/internal/ai/config.go:189.41,191.2 1 8
github.com/mrz1836/go-broadcast/internal/ai/config.go:195.35,197.20 1 23
github.com/mrz1836/go-broadcast/internal/ai/config.go:198.57,198.57 0 22
github.com/mrz1836/go-broadcast/internal/ai/config.go:200.10,201.85 1 1
github.com/mrz1836/go-broadcast/internal/ai/config.go:205.2,205.48 1 22
github.com/mrz1836/go-broadcast/internal/ai/config.go:205.48,207.3 1 2
github.com/mrz1836/go-broadcast/internal/ai/config.go:210.2,210.22 1 20
github.com/mrz1836/go-broadcast/internal/ai/config.go:210.22,212.3 1 2
github.com/mrz1836/go-broadcast/internal/ai/config.go:215.2,215.20 1 18
github.com/mrz1836/go-broadcast/internal/ai/config.go:215.20,217.3 1 2
github.com/mrz1836/go-broadcast/internal/ai/config.go:220.2,220.25 1 16
github.com/mrz1836/go-broadcast/internal/ai/config.go:220.25,222.3 1 1
github.com/mrz1836/go-broadcast/internal/ai/config.go:225.2,225.32 1 15
github.com/mrz1836/go-broadcast/internal/ai/config.go:225.32,227.3 1 1
github.com/mrz1836/go-broadcast/internal/ai/config.go:230.2,230.43 1 14
github.com/mrz1836/go-broadcast/internal/ai/config.go:230.43,232.3 1 1
github.com/mrz1836/go-broadcast/internal/ai/config.go:235.2,235.39 1 13
github.com/mrz1836/go-broadcast/internal/ai/config.go:235.39,237.3 1 1
github.com/mrz1836/go-broadcast/internal/ai/config.go:240.2,240.29 1 12
github.com/mrz1836/go-broadcast/internal/ai/config.go:240.29,242.3 1 1
github.com/mrz1836/go-broadcast/internal/ai/config.go:245.2,245.30 1 11
[...]
github.com/mrz1836/go-broadcast/internal/cli/upgrade.go:73.18,75.5 1 0
github.com/mrz1836/go-broadcast/internal/cli/upgrade.go:77.4,78.18 2 0
github.com/mrz1836/go-broadcast/internal/cli/upgrade.go:78.18,80.5 1 0
github.com/mrz1836/go-broadcast/internal/cli/upgrade.go:82.4,83.18 2 0
github.com/mrz1836/go-broadcast/internal/cli/upgrade.go:83.18,85.5 1 0
github.com/mrz1836/go-broadcast/internal/cli/upgrade.go:87.4,87.44 1 0
github.com/mrz1836/go-broadcast/internal/cli/upgrade.go:92.2,97.12 5 31
github.com/mrz1836/go-broadcast/internal/cli/upgrade.go:100.75,104.102 2 6
github.com/mrz1836/go-broadcast/internal/cli/upgrade.go:104.102,105.41 1 0
github.com/mrz1836/go-broadcast/internal/cli/upgrade.go:105.41,109.4 3 0
github.com/mrz1836/go-broadcast/internal/cli/upgrade.go:112.2,117.16 4 6
github.com/mrz1836/go-broadcast/internal/cli/upgrade.go:117.16,119.3 1 6
github.com/mrz1836/go-broadcast/internal/cli/upgrade.go:121.2,127.31 4 0
github.com/mrz1836/go-broadcast/internal/cli/upgrade.go:127.31,130.3 2 0
github.com/mrz1836/go-broadcast/internal/cli/upgrade.go:132.2,132.22 1 0
github.com/mrz1836/go-broadcast/internal/cli/upgrade.go:132.22,133.14 1 0
github.com/mrz1836/go-broadcast/internal/cli/upgrade.go:133.14,136.4 2 0
github.com/mrz1836/go-broadcast/internal/cli/upgrade.go:136.9,138.4 1 0
github.com/mrz1836/go-broadcast/internal/cli/upgrade.go:139.3,139.13 1 0
github.com/mrz1836/go-broadcast/internal/cli/upgrade.go:143.2,143.13 1 0
github.com/mrz1836/go-broadcast/internal/cli/upgrade.go:143.13,145.3 1 0
github.com/mrz1836/go-broadcast/internal/cli/upgrade.go:145.8,145.25 1 0
github.com/mrz1836/go-broadcast/internal/cli/upgrade.go:145.25,147.3 1 0
github.com/mrz1836/go-broadcast/internal/cli/upgrade.go:150.2,150.22 1 0
github.com/mrz1836/go-broadcast/internal/cli/upgrade.go:150.22,151.54 1 0
github.com/mrz1836/go-broadcast/internal/cli/upgrade.go:151.54,153.58 2 0
github.com/mrz1836/go-broadcast/internal/cli/upgrade.go:153.58,155.5 1 0
github.com/mrz1836/go-broadcast/internal/cli/upgrade.go:157.8,158.57 1 0
github.com/mrz1836/go-broadcast/internal/cli/upgrade.go:158.57,160.55 2 0
github.com/mrz1836/go-broadcast/internal/cli/upgrade.go:160.55,162.5 1 0
github.com/mrz1836/go-broadcast/internal/cli/upgrade.go:166.2,170.35 3 0
github.com/mrz1836/go-broadcast/internal/cli/upgrade.go:170.35,173.30 3 0
github.com/mrz1836/go-broadcast/internal/cli/upgrade.go:173.30,174.37 1 0
github.com/mrz1836/go-broadcast/internal/cli/upgrade.go:174.37,176.5 1 0
github.com/mrz1836/go-broadcast/internal/cli/upgrade.go:180.2,180.12 1 0
github.com/mrz1836/go-broadcast/internal/cli/upgrade.go:183.37,184.38 1 16
github.com/mrz1836/go-broadcast/internal/cli/upgrade.go:184.38,186.3 1 4
github.com/mrz1836/go-broadcast/internal/cli/upgrade.go:187.2,187.32 1 12
github.com/mrz1836/go-broadcast/internal/cli/upgrade.go:187.32,189.3 1 10
github.com/mrz1836/go-broadcast/internal/cli/upgrade.go:190.2,190.10 1 2
github.com/mrz1836/go-broadcast/internal/cli/upgrade.go:194.44,198.16 3 1
github.com/mrz1836/go-broadcast/internal/cli/upgrade.go:198.16,200.3 1 1
github.com/mrz1836/go-broadcast/internal/cli/upgrade.go:204.2,207.29 3 0
github.com/mrz1836/go-broadcast/internal/cli/upgrade.go:207.29,208.44 1 0
github.com/mrz1836/go-broadcast/internal/cli/upgrade.go:208.44,213.4 3 0
github.com/mrz1836/go-broadcast/internal/cli/upgrade.go:216.2,216.67 1 0
github.com/mrz1836/go-broadcast/internal/cli/upgrade.go:220.31,222.34 2 1
github.com/mrz1836/go-broadcast/internal/cli/upgrade.go:222.34,224.3 1 0
github.com/mrz1836/go-broadcast/internal/cli/upgrade.go:225.2,225.12 1 1
github.com/mrz1836/go-broadcast/internal/cli/upgrade.go:229.34,232.16 3 1
github.com/mrz1836/go-broadcast/internal/cli/upgrade.go:232.16,234.3 1 0
github.com/mrz1836/go-broadcast/internal/cli/upgrade.go:236.2,237.18 2 1
github.com/mrz1836/go-broadcast/internal/cli/upgrade.go:237.18,240.17 2 0
github.com/mrz1836/go-broadcast/internal/cli/upgrade.go:240.17,242.4 1 0
github.com/mrz1836/go-broadcast/internal/cli/upgrade.go:243.3,243.38 1 0
github.com/mrz1836/go-broadcast/internal/cli/upgrade.go:246.2,246.43 1 1
github.com/mrz1836/go-broadcast/internal/cli/upgrade.go:250.22,253.2 2 1
github.com/mrz1836/go-broadcast/internal/cli/upgrade.go:256.42,257.31 1 12
github.com/mrz1836/go-broadcast/internal/cli/upgrade.go:257.31,259.3 1 0
github.com/mrz1836/go-broadcast/internal/cli/upgrade.go:260.2,260.38 1 12
github.com/mrz1836/go-broadcast/internal/cli/upgrade.go:264.46,269.43 2 25
github.com/mrz1836/go-broadcast/internal/cli/upgrade.go:269.43,271.3 1 7
github.com/mrz1836/go-broadcast/internal/cli/upgrade.go:274.2,274.28 1 18
github.com/mrz1836/go-broadcast/internal/cli/upgrade.go:274.28,275.75 1 174
github.com/mrz1836/go-broadcast/internal/cli/upgrade.go:275.75,277.4 1 9
github.com/mrz1836/go-broadcast/internal/cli/upgrade.go:280.2,280.13 1 9
github.com/mrz1836/go-broadcast/internal/cli/upgrade.go:284.33,286.2 1 7
github.com/mrz1836/go-broadcast/internal/cli/upgrade.go:289.51,298.38 6 2
github.com/mrz1836/go-broadcast/internal/cli/upgrade.go:298.38,300.3 1 2
github.com/mrz1836/go-broadcast/internal/cli/upgrade.go:302.2,302.12 1 0
github.com/mrz1836/go-broadcast/internal/cli/upgrade.go:306.48,309.16 2 11
github.com/mrz1836/go-broadcast/internal/cli/upgrade.go:309.16,311.3 1 11
github.com/mrz1836/go-broadcast/internal/cli/upgrade.go:314.2,324.16 6 0
github.com/mrz1836/go-broadcast/internal/cli/upgrade.go:324.16,326.3 1 0
github.com/mrz1836/go-broadcast/internal/cli/upgrade.go:328.2,330.16 3 0
github.com/mrz1836/go-broadcast/internal/cli/upgrade.go:330.16,332.3 1 0
github.com/mrz1836/go-broadcast/internal/cli/upgrade.go:333.2,333.15 1 0
github.com/mrz1836/go-broadcast/internal/cli/upgrade.go:333.15,333.40 1 0
github.com/mrz1836/go-broadcast/internal/cli/upgrade.go:335.2,335.38 1 0
github.com/mrz1836/go-broadcast/internal/cli/upgrade.go:335.38,337.3 1 0
github.com/mrz1836/go-broadcast/internal/cli/upgrade.go:340.2,341.16 2 0
github.com/mrz1836/go-broadcast/internal/cli/upgrade.go:341.16,343.3 1 0
github.com/mrz1836/go-broadcast/internal/cli/upgrade.go:344.2,344.15 1 0
github.com/mrz1836/go-broadcast/internal/cli/upgrade.go:344.15,344.44 1 0
github.com/mrz1836/go-broadcast/internal/cli/upgrade.go:347.2,348.16 2 0
github.com/mrz1836/go-broadcast/internal/cli/upgrade.go:348.16,350.3 1 0
github.com/mrz1836/go-broadcast/internal/cli/upgrade.go:353.2,354.61 2 0
github.com/mrz1836/go-broadcast/internal/cli/upgrade.go:354.61,356.3 1 0
github.com/mrz1836/go-broadcast/internal/cli/upgrade.go:359.2,359.66 1 0
github.com/mrz1836/go-broadcast/internal/cli/upgrade.go:359.66,363.3 2 0
github.com/mrz1836/go-broadcast/internal/cli/upgrade.go:366.2,369.12 3 0
github.com/mrz1836/go-broadcast/internal/cli/upgrade.go:373.81,376.16 2 6
github.com/mrz1836/go-broadcast/internal/cli/upgrade.go:376.16,378.3 1 2
github.com/mrz1836/go-broadcast/internal/cli/upgrade.go:379.2,379.15 1 4
github.com/mrz1836/go-broadcast/internal/cli/upgrade.go:379.15,379.41 1 4
github.com/mrz1836/go-broadcast/internal/cli/upgrade.go:382.2,385.6 2 4
github.com/mrz1836/go-broadcast/internal/cli/upgrade.go:385.6,387.20 2 7
github.com/mrz1836/go-broadcast/internal/cli/upgrade.go:387.20,388.9 1 2
github.com/mrz1836/go-broadcast/internal/cli/upgrade.go:390.3,390.17 1 5
github.com/mrz1836/go-broadcast/internal/cli/upgrade.go:390.17,392.4 1 0
github.com/mrz1836/go-broadcast/internal/cli/upgrade.go:395.3,395.85 1 5
github.com/mrz1836/go-broadcast/internal/cli/upgrade.go:395.85,399.18 3 2
github.com/mrz1836/go-broadcast/internal/cli/upgrade.go:399.18,401.5 1 0
github.com/mrz1836/go-broadcast/internal/cli/upgrade.go:404.4,409.22 4 2
github.com/mrz1836/go-broadcast/internal/cli/upgrade.go:409.22,411.5 1 0
github.com/mrz1836/go-broadcast/internal/cli/upgrade.go:413.4,413.23 1 2
github.com/mrz1836/go-broadcast/internal/cli/upgrade.go:413.23,415.5 1 0
github.com/mrz1836/go-broadcast/internal/cli/upgrade.go:417.4,417.24 1 2
github.com/mrz1836/go-broadcast/internal/cli/upgrade.go:421.2,421.39 1 2
github.com/mrz1836/go-broadcast/internal/cli/validate.go:70.56,72.2 1 3
github.com/mrz1836/go-broadcast/internal/cli/validate.go:74.67,81.55 4 14
github.com/mrz1836/go-broadcast/internal/cli/validate.go:81.55,83.3 1 2
github.com/mrz1836/go-broadcast/internal/cli/validate.go:86.2,87.16 2 12
github.com/mrz1836/go-broadcast/internal/cli/validate.go:87.16,89.3 1 12
github.com/mrz1836/go-broadcast/internal/cli/validate.go:92.2,93.16 2 12
github.com/mrz1836/go-broadcast/internal/cli/validate.go:93.16,96.3 2 2
github.com/mrz1836/go-broadcast/internal/cli/validate.go:98.2,101.75 2 10
github.com/mrz1836/go-broadcast/internal/cli/validate.go:101.75,104.3 2 0
github.com/mrz1836/go-broadcast/internal/cli/validate.go:107.2,113.22 6 10
github.com/mrz1836/go-broadcast/internal/cli/validate.go:113.22,116.3 2 0
github.com/mrz1836/go-broadcast/internal/cli/validate.go:119.2,124.21 3 10
github.com/mrz1836/go-broadcast/internal/cli/validate.go:124.21,126.40 2 10
github.com/mrz1836/go-broadcast/internal/cli/validate.go:126.40,132.33 4 12
github.com/mrz1836/go-broadcast/internal/cli/validate.go:132.33,134.5 1 1
github.com/mrz1836/go-broadcast/internal/cli/validate.go:136.4,137.26 2 12
github.com/mrz1836/go-broadcast/internal/cli/validate.go:137.26,139.5 1 1
github.com/mrz1836/go-broadcast/internal/cli/validate.go:141.4,141.35 1 12
github.com/mrz1836/go-broadcast/internal/cli/validate.go:145.2,161.23 11 10
github.com/mrz1836/go-broadcast/internal/cli/validate.go:161.23,171.107 4 9
github.com/mrz1836/go-broadcast/internal/cli/validate.go:171.107,174.4 1 9
github.com/mrz1836/go-broadcast/internal/cli/validate.go:177.3,177.65 1 9
github.com/mrz1836/go-broadcast/internal/cli/validate.go:178.8,183.3 4 1
github.com/mrz1836/go-broadcast/internal/cli/validate.go:185.2,185.12 1 10
github.com/mrz1836/go-broadcast/internal/cli/validate.go:189.132,191.16 1 17
github.com/mrz1836/go-broadcast/internal/cli/validate.go:191.16,193.3 1 3
github.com/mrz1836/go-broadcast/internal/cli/validate.go:196.2,197.16 2 14
github.com/mrz1836/go-broadcast/internal/cli/validate.go:197.16,198.56 1 14
github.com/mrz1836/go-broadcast/internal/cli/validate.go:198.56,202.4 3 0
github.com/mrz1836/go-broadcast/internal/cli/validate.go:203.3,203.57 1 14
github.com/mrz1836/go-broadcast/internal/cli/validate.go:203.57,207.4 3 14
github.com/mrz1836/go-broadcast/internal/cli/validate.go:208.3,208.67 1 0
github.com/mrz1836/go-broadcast/internal/cli/validate.go:211.2,211.82 1 0
github.com/mrz1836/go-broadcast/internal/cli/validate.go:215.132,217.16 1 18
github.com/mrz1836/go-broadcast/internal/cli/validate.go:217.16,219.3 1 2
github.com/mrz1836/go-broadcast/internal/cli/validate.go:221.2,225.22 3 16
github.com/mrz1836/go-broadcast/internal/cli/validate.go:225.22,228.3 2 1
github.com/mrz1836/go-broadcast/internal/cli/validate.go:230.2,233.16 4 15
github.com/mrz1836/go-broadcast/internal/cli/validate.go:233.16,234.56 1 7
github.com/mrz1836/go-broadcast/internal/cli/validate.go:234.56,237.4 2 2
github.com/mrz1836/go-broadcast/internal/cli/validate.go:238.3,238.89 1 5
github.com/mrz1836/go-broadcast/internal/cli/validate.go:238.89,242.4 3 2
github.com/mrz1836/go-broadcast/internal/cli/validate.go:243.3,244.63 2 3
github.com/mrz1836/go-broadcast/internal/cli/validate.go:246.2,249.16 2 8
github.com/mrz1836/go-broadcast/internal/cli/validate.go:249.16,252.3 2 2
github.com/mrz1836/go-broadcast/internal/cli/validate.go:255.2,255.39 1 6
github.com/mrz1836/go-broadcast/internal/cli/validate.go:255.39,263.17 3 12
github.com/mrz1836/go-broadcast/internal/cli/validate.go:263.17,264.90 1 7
github.com/mrz1836/go-broadcast/internal/cli/validate.go:264.90,267.13 3 3
github.com/mrz1836/go-broadcast/internal/cli/validate.go:269.4,270.12 2 4
github.com/mrz1836/go-broadcast/internal/cli/validate.go:272.3,272.85 1 5
github.com/mrz1836/go-broadcast/internal/cli/validate.go:275.2,275.12 1 6
github.com/mrz1836/go-broadcast/internal/cli/validate.go:279.52,286.31 5 13
github.com/mrz1836/go-broadcast/internal/cli/validate.go:286.31,288.3 1 14
github.com/mrz1836/go-broadcast/internal/cli/validate.go:291.2,291.31 1 13
github.com/mrz1836/go-broadcast/internal/cli/validate.go:291.31,293.64 2 14
github.com/mrz1836/go-broadcast/internal/cli/validate.go:293.64,296.4 2 2
github.com/mrz1836/go-broadcast/internal/cli/validate.go:299.2,299.22 1 13
github.com/mrz1836/go-broadcast/internal/cli/validate.go:299.22,301.3 1 12
github.com/mrz1836/go-broadcast/internal/cli/validate.go:304.2,304.31 1 13
github.com/mrz1836/go-broadcast/internal/cli/validate.go:304.31,309.46 3 14
github.com/mrz1836/go-broadcast/internal/cli/validate.go:309.46,311.4 1 0
github.com/mrz1836/go-broadcast/internal/cli/validate.go:311.9,313.4 1 14
github.com/mrz1836/go-broadcast/internal/cli/validate.go:316.3,316.31 1 14
github.com/mrz1836/go-broadcast/internal/cli/validate.go:316.31,318.4 1 2
github.com/mrz1836/go-broadcast/internal/cli/validate.go:321.3,328.40 4 14
github.com/mrz1836/go-broadcast/internal/cli/validate.go:328.40,329.43 1 16
github.com/mrz1836/go-broadcast/internal/cli/validate.go:329.43,330.26 1 0
github.com/mrz1836/go-broadcast/internal/cli/validate.go:330.26,332.6 1 0
github.com/mrz1836/go-broadcast/internal/cli/validate.go:335.3,335.22 1 14
github.com/mrz1836/go-broadcast/internal/cli/validate.go:335.22,337.4 1 0
github.com/mrz1836/go-broadcast/internal/cli/validate.go:339.3,339.18 1 14
github.com/mrz1836/go-broadcast/internal/cli/validate.go:343.2,344.31 2 13
github.com/mrz1836/go-broadcast/internal/cli/validate.go:344.31,346.3 1 14
github.com/mrz1836/go-broadcast/internal/cli/validate.go:348.2,349.40 2 13
github.com/mrz1836/go-broadcast/internal/cli/validate.go:349.40,350.19 1 14
github.com/mrz1836/go-broadcast/internal/cli/validate.go:350.19,353.4 2 0
github.com/mrz1836/go-broadcast/internal/cli/validate.go:356.2,356.26 1 13
github.com/mrz1836/go-broadcast/internal/cli/validate.go:356.26,358.3 1 13
github.com/mrz1836/go-broadcast/internal/cli/validate.go:362.111,363.22 1 74
github.com/mrz1836/go-broadcast/internal/cli/validate.go:363.22,365.3 1 10
github.com/mrz1836/go-broadcast/internal/cli/validate.go:367.2,369.47 2 64
github.com/mrz1836/go-broadcast/internal/cli/validate.go:369.47,370.61 1 43
github.com/mrz1836/go-broadcast/internal/cli/validate.go:370.61,372.4 1 24
github.com/mrz1836/go-broadcast/internal/cli/validate.go:375.2,376.14 2 40
github.com/mrz1836/go-broadcast/internal/cli/validate.go:380.102,383.16 2 13
github.com/mrz1836/go-broadcast/internal/cli/validate.go:383.16,386.3 2 13
github.com/mrz1836/go-broadcast/internal/cli/validate.go:388.2,388.56 1 0
github.com/mrz1836/go-broadcast/internal/cli/validate.go:393.102,399.22 4 10
github.com/mrz1836/go-broadcast/internal/cli/validate.go:399.22,402.3 2 0
github.com/mrz1836/go-broadcast/internal/cli/validate.go:403.2,404.39 2 10
github.com/mrz1836/go-broadcast/internal/cli/validate.go:404.39,405.37 1 13
github.com/mrz1836/go-broadcast/internal/cli/validate.go:405.37,406.37 1 26
github.com/mrz1836/go-broadcast/internal/cli/validate.go:406.37,407.13 1 3
github.com/mrz1836/go-broadcast/internal/cli/validate.go:409.4,409.32 1 23
github.com/mrz1836/go-broadcast/internal/cli/validate.go:413.2,413.27 1 10
github.com/mrz1836/go-broadcast/internal/cli/validate.go:413.27,416.3 2 1
github.com/mrz1836/go-broadcast/internal/cli/validate.go:419.2,421.35 3 9
github.com/mrz1836/go-broadcast/internal/cli/validate.go:421.35,430.17 4 18
github.com/mrz1836/go-broadcast/internal/cli/validate.go:430.17,431.55 1 3
github.com/mrz1836/go-broadcast/internal/cli/validate.go:431.55,433.13 2 1
github.com/mrz1836/go-broadcast/internal/cli/validate.go:435.4,436.12 2 2
github.com/mrz1836/go-broadcast/internal/cli/validate.go:438.3,438.15 1 15
github.com/mrz1836/go-broadcast/internal/cli/validate.go:441.2,441.32 1 9
github.com/mrz1836/go-broadcast/internal/cli/validate.go:441.32,443.3 1 7
github.com/mrz1836/go-broadcast/internal/cli/validate.go:443.8,445.3 1 2
github.com/mrz1836/go-broadcast/internal/cli/validate.go:449.13,452.2 2 1
github.com/mrz1836/go-broadcast/internal/cli/version.go:36.42,46.16 2 9
github.com/mrz1836/go-broadcast/internal/cli/version.go:46.16,50.3 3 3
github.com/mrz1836/go-broadcast/internal/cli/version.go:53.2,59.12 6 6
github.com/mrz1836/go-broadcast/internal/cli/version.go:64.37,67.13 3 6
github.com/mrz1836/go-broadcast/internal/cli/version.go:67.13,69.3 1 3
github.com/mrz1836/go-broadcast/internal/cli/version.go:70.2,70.13 1 6
github.com/mrz1836/go-broadcast/internal/cli/version.go:70.13,72.3 1 3
github.com/mrz1836/go-broadcast/internal/cli/version.go:73.2,73.13 1 6
github.com/mrz1836/go-broadcast/internal/cli/version.go:73.13,75.3 1 3
github.com/mrz1836/go-broadcast/internal/cli/version.go:79.27,83.2 3 37
github.com/mrz1836/go-broadcast/internal/cli/version.go:86.26,90.2 3 41
github.com/mrz1836/go-broadcast/internal/cli/version.go:93.29,97.2 3 41
github.com/mrz1836/go-broadcast/internal/cli/version.go:100.29,104.2 3 18
github.com/mrz1836/go-broadcast/internal/cli/version.go:107.28,111.2 3 19
github.com/mrz1836/go-broadcast/internal/cli/version.go:114.31,118.2 3 19
github.com/mrz1836/go-broadcast/internal/cli/version.go:121.25,127.2 5 0
github.com/mrz1836/go-broadcast/internal/cli/version.go:130.26,132.2 1 10
github.com/mrz1836/go-broadcast/internal/cli/version.go:135.25,137.2 1 6
github.com/mrz1836/go-broadcast/internal/cli/version.go:140.28,142.2 1 6
github.com/mrz1836/go-broadcast/internal/cli/version.go:145.35,154.2 1 4
github.com/mrz1836/go-broadcast/internal/cli/version.go:157.38,162.38 4 34
github.com/mrz1836/go-broadcast/internal/cli/version.go:162.38,164.3 1 22
github.com/mrz1836/go-broadcast/internal/cli/version.go:167.2,167.43 1 12
github.com/mrz1836/go-broadcast/internal/cli/version.go:167.43,169.64 1 12
github.com/mrz1836/go-broadcast/internal/cli/version.go:169.64,172.4 1 0
github.com/mrz1836/go-broadcast/internal/cli/version.go:175.3,175.41 1 12
github.com/mrz1836/go-broadcast/internal/cli/version.go:175.41,176.60 1 144
github.com/mrz1836/go-broadcast/internal/cli/version.go:176.60,178.31 1 0
github.com/mrz1836/go-broadcast/internal/cli/version.go:178.31,180.6 1 0
github.com/mrz1836/go-broadcast/internal/cli/version.go:181.5,181.25 1 0
github.com/mrz1836/go-broadcast/internal/cli/version.go:187.2,187.25 1 12
github.com/mrz1836/go-broadcast/internal/cli/version.go:191.37,196.35 4 30
github.com/mrz1836/go-broadcast/internal/cli/version.go:196.35,198.3 1 17
github.com/mrz1836/go-broadcast/internal/cli/version.go:201.2,201.43 1 13
github.com/mrz1836/go-broadcast/internal/cli/version.go:201.43,202.41 1 13
github.com/mrz1836/go-broadcast/internal/cli/version.go:202.41,203.60 1 156
github.com/mrz1836/go-broadcast/internal/cli/version.go:203.60,205.31 1 0
github.com/mrz1836/go-broadcast/internal/cli/version.go:205.31,207.6 1 0
github.com/mrz1836/go-broadcast/internal/cli/version.go:208.5,208.25 1 0
github.com/mrz1836/go-broadcast/internal/cli/version.go:213.3,213.26 1 13
github.com/mrz1836/go-broadcast/internal/cli/version.go:213.26,215.89 1 0
github.com/mrz1836/go-broadcast/internal/cli/version.go:215.89,217.5 1 0
github.com/mrz1836/go-broadcast/internal/cli/version.go:221.2,221.22 1 13
github.com/mrz1836/go-broadcast/internal/cli/version.go:225.40,230.37 4 30
github.com/mrz1836/go-broadcast/internal/cli/version.go:230.37,232.3 1 17
github.com/mrz1836/go-broadcast/internal/cli/version.go:235.2,235.43 1 13
github.com/mrz1836/go-broadcast/internal/cli/version.go:235.43,236.41 1 13
github.com/mrz1836/go-broadcast/internal/cli/version.go:236.41,237.56 1 156
github.com/mrz1836/go-broadcast/internal/cli/version.go:237.56,239.70 1 0
github.com/mrz1836/go-broadcast/internal/cli/version.go:239.70,241.6 1 0
github.com/mrz1836/go-broadcast/internal/cli/version.go:242.5,242.25 1 0
github.com/mrz1836/go-broadcast/internal/cli/version.go:247.3,247.64 1 13
github.com/mrz1836/go-broadcast/internal/cli/version.go:247.64,249.4 1 0
github.com/mrz1836/go-broadcast/internal/cli/version.go:252.2,252.22 1 13
