mode: atomic
github.com/mrz1836/go-broadcast/cmd/generate-corpus/main.go:16.13,18.34 2 0
github.com/mrz1836/go-broadcast/cmd/generate-corpus/main.go:18.34,20.3 1 0
github.com/mrz1836/go-broadcast/cmd/generate-corpus/main.go:55.51,57.2 1 2
github.com/mrz1836/go-broadcast/cmd/generate-corpus/main.go:59.65,61.2 1 2
github.com/mrz1836/go-broadcast/cmd/generate-corpus/main.go:63.65,65.2 1 0
github.com/mrz1836/go-broadcast/cmd/generate-corpus/main.go:70.68,72.2 1 4
github.com/mrz1836/go-broadcast/cmd/generate-corpus/main.go:77.92,79.2 1 4
github.com/mrz1836/go-broadcast/cmd/generate-corpus/main.go:88.61,90.2 1 2
github.com/mrz1836/go-broadcast/cmd/generate-corpus/main.go:93.48,99.2 1 15
github.com/mrz1836/go-broadcast/cmd/generate-corpus/main.go:102.147,108.2 1 16
github.com/mrz1836/go-broadcast/cmd/generate-corpus/main.go:111.43,118.64 3 14
github.com/mrz1836/go-broadcast/cmd/generate-corpus/main.go:118.64,120.3 1 1
github.com/mrz1836/go-broadcast/cmd/generate-corpus/main.go:120.8,120.23 1 13
github.com/mrz1836/go-broadcast/cmd/generate-corpus/main.go:120.23,122.3 1 4
github.com/mrz1836/go-broadcast/cmd/generate-corpus/main.go:124.2,127.42 3 9
github.com/mrz1836/go-broadcast/cmd/generate-corpus/main.go:127.42,129.3 1 5
github.com/mrz1836/go-broadcast/cmd/generate-corpus/main.go:131.2,134.12 3 4
github.com/mrz1836/go-broadcast/cmd/run-benchmarks/main.go:24.13,31.22 6 0
github.com/mrz1836/go-broadcast/cmd/run-benchmarks/main.go:31.22,33.3 1 0
github.com/mrz1836/go-broadcast/cmd/run-benchmarks/main.go:35.2,39.54 3 0
github.com/mrz1836/go-broadcast/cmd/run-benchmarks/main.go:39.54,42.3 2 0
github.com/mrz1836/go-broadcast/cmd/run-benchmarks/main.go:44.2,49.25 5 0
github.com/mrz1836/go-broadcast/cmd/run-benchmarks/main.go:49.25,52.3 2 0
github.com/mrz1836/go-broadcast/cmd/run-benchmarks/main.go:52.8,55.3 2 0
github.com/mrz1836/go-broadcast/cmd/run-benchmarks/main.go:58.2,112.35 3 0
github.com/mrz1836/go-broadcast/cmd/run-benchmarks/main.go:112.35,123.39 3 0
github.com/mrz1836/go-broadcast/cmd/run-benchmarks/main.go:123.39,128.4 4 0
github.com/mrz1836/go-broadcast/cmd/run-benchmarks/main.go:130.3,130.67 1 0
github.com/mrz1836/go-broadcast/cmd/run-benchmarks/main.go:130.67,133.4 1 0
github.com/mrz1836/go-broadcast/cmd/run-benchmarks/main.go:137.2,143.76 5 0
github.com/mrz1836/go-broadcast/cmd/run-benchmarks/main.go:143.76,145.32 2 0
github.com/mrz1836/go-broadcast/cmd/run-benchmarks/main.go:145.32,147.4 1 0
github.com/mrz1836/go-broadcast/cmd/run-benchmarks/main.go:150.2,153.70 3 0
github.com/mrz1836/go-broadcast/cmd/run-benchmarks/main.go:153.70,161.3 6 0
github.com/mrz1836/go-broadcast/cmd/run-benchmarks/main.go:163.2,165.126 3 0
github.com/mrz1836/go-broadcast/cmd/run-benchmarks/main.go:168.80,173.16 3 0
github.com/mrz1836/go-broadcast/cmd/run-benchmarks/main.go:173.16,175.3 1 0
github.com/mrz1836/go-broadcast/cmd/run-benchmarks/main.go:176.2,176.15 1 0
github.com/mrz1836/go-broadcast/cmd/run-benchmarks/main.go:176.15,176.35 1 0
github.com/mrz1836/go-broadcast/cmd/run-benchmarks/main.go:179.2,183.34 3 0
github.com/mrz1836/go-broadcast/cmd/run-benchmarks/main.go:183.34,185.3 1 0
github.com/mrz1836/go-broadcast/cmd/run-benchmarks/main.go:187.2,187.12 1 0
github.com/mrz1836/go-broadcast/cmd/run-benchmarks/main.go:190.76,192.16 2 0
github.com/mrz1836/go-broadcast/cmd/run-benchmarks/main.go:192.16,194.3 1 0
github.com/mrz1836/go-broadcast/cmd/run-benchmarks/main.go:195.2,195.15 1 0
github.com/mrz1836/go-broadcast/cmd/run-benchmarks/main.go:195.15,195.35 1 0
github.com/mrz1836/go-broadcast/cmd/run-benchmarks/main.go:197.2,199.21 3 0
github.com/mrz1836/go-broadcast/cmd/run-benchmarks/main.go:199.21,201.43 2 0
github.com/mrz1836/go-broadcast/cmd/run-benchmarks/main.go:201.43,203.32 2 0
github.com/mrz1836/go-broadcast/cmd/run-benchmarks/main.go:203.32,204.10 1 0
github.com/mrz1836/go-broadcast/cmd/run-benchmarks/main.go:209.2,209.38 1 0
github.com/mrz1836/go-broadcast/cmd/run-benchmarks/main.go:209.38,211.3 1 0
github.com/mrz1836/go-broadcast/cmd/run-benchmarks/main.go:213.2,213.21 1 0
github.com/mrz1836/go-broadcast/cmd/validate-examples/main.go:30.13,50.14 14 0
github.com/mrz1836/go-broadcast/cmd/validate-examples/main.go:50.14,53.3 2 0
github.com/mrz1836/go-broadcast/cmd/validate-examples/main.go:55.2,55.17 1 0
github.com/mrz1836/go-broadcast/cmd/validate-examples/main.go:55.17,58.3 1 0
github.com/mrz1836/go-broadcast/cmd/validate-examples/main.go:60.2,63.62 2 0
github.com/mrz1836/go-broadcast/cmd/validate-examples/main.go:63.62,67.3 3 0
github.com/mrz1836/go-broadcast/cmd/validate-examples/main.go:69.2,101.74 10 0
github.com/mrz1836/go-broadcast/cmd/validate-examples/main.go:104.18,121.2 16 0
github.com/mrz1836/go-broadcast/cmd/validate-examples/main.go:123.41,128.2 4 0
github.com/mrz1836/go-broadcast/cmd/validate-examples/main.go:130.59,132.2 1 0
github.com/mrz1836/go-broadcast/cmd/validate-examples/main.go:134.123,142.34 6 0
github.com/mrz1836/go-broadcast/cmd/validate-examples/main.go:142.34,145.3 2 0
github.com/mrz1836/go-broadcast/cmd/validate-examples/main.go:145.8,148.3 2 0
github.com/mrz1836/go-broadcast/cmd/validate-examples/main.go:149.2,149.32 1 0
github.com/mrz1836/go-broadcast/cmd/validate-examples/main.go:152.118,153.33 1 0
github.com/mrz1836/go-broadcast/cmd/validate-examples/main.go:153.33,155.3 1 0
github.com/mrz1836/go-broadcast/cmd/validate-examples/main.go:158.91,167.34 7 0
github.com/mrz1836/go-broadcast/cmd/validate-examples/main.go:167.34,169.3 1 0
github.com/mrz1836/go-broadcast/cmd/validate-examples/main.go:169.8,171.3 1 0
github.com/mrz1836/go-broadcast/cmd/validate-examples/main.go:172.2,172.32 1 0
github.com/mrz1836/go-broadcast/cmd/validate-examples/main.go:175.63,189.29 2 0
github.com/mrz1836/go-broadcast/cmd/validate-examples/main.go:189.29,191.3 1 0
github.com/mrz1836/go-broadcast/cmd/validate-examples/main.go:194.65,202.34 6 0
github.com/mrz1836/go-broadcast/cmd/validate-examples/main.go:202.34,204.3 1 0
github.com/mrz1836/go-broadcast/cmd/validate-examples/main.go:204.8,206.3 1 0
github.com/mrz1836/go-broadcast/cmd/validate-examples/main.go:207.2,207.32 1 0
github.com/mrz1836/go-broadcast/cmd/validate-examples/main.go:210.110,216.32 5 0
github.com/mrz1836/go-broadcast/cmd/validate-examples/main.go:216.32,218.3 1 0
github.com/mrz1836/go-broadcast/cmd/validate-examples/main.go:218.8,220.3 1 0
github.com/mrz1836/go-broadcast/cmd/validate-examples/main.go:222.2,225.33 3 0
github.com/mrz1836/go-broadcast/cmd/validate-examples/main.go:225.33,228.3 2 0
github.com/mrz1836/go-broadcast/cmd/validate-examples/main.go:229.2,230.12 2 0
github.com/mrz1836/go-broadcast/examples/monitor/advanced/main.go:20.13,37.62 12 0
github.com/mrz1836/go-broadcast/examples/monitor/advanced/main.go:37.62,39.3 1 0
github.com/mrz1836/go-broadcast/examples/monitor/advanced/main.go:42.2,53.12 6 0
github.com/mrz1836/go-broadcast/examples/monitor/advanced/main.go:53.12,54.56 1 0
github.com/mrz1836/go-broadcast/examples/monitor/advanced/main.go:54.56,56.4 1 0
github.com/mrz1836/go-broadcast/examples/monitor/advanced/main.go:60.2,78.55 12 0
github.com/mrz1836/go-broadcast/examples/monitor/advanced/main.go:82.26,89.21 5 0
github.com/mrz1836/go-broadcast/examples/monitor/advanced/main.go:89.21,95.23 4 0
github.com/mrz1836/go-broadcast/examples/monitor/advanced/main.go:95.23,97.4 1 0
github.com/mrz1836/go-broadcast/examples/monitor/advanced/main.go:100.3,100.27 1 0
github.com/mrz1836/go-broadcast/examples/monitor/advanced/main.go:100.27,101.20 1 0
github.com/mrz1836/go-broadcast/examples/monitor/advanced/main.go:101.20,105.30 3 0
github.com/mrz1836/go-broadcast/examples/monitor/advanced/main.go:105.30,107.6 1 0
github.com/mrz1836/go-broadcast/examples/monitor/advanced/main.go:110.5,110.56 1 0
github.com/mrz1836/go-broadcast/examples/monitor/advanced/main.go:115.3,115.21 1 0
github.com/mrz1836/go-broadcast/examples/monitor/advanced/main.go:115.21,117.4 1 0
github.com/mrz1836/go-broadcast/examples/monitor/advanced/main.go:119.3,119.22 1 0
github.com/mrz1836/go-broadcast/examples/monitor/advanced/main.go:119.22,121.4 1 0
github.com/mrz1836/go-broadcast/examples/monitor/advanced/main.go:126.25,133.21 5 0
github.com/mrz1836/go-broadcast/examples/monitor/advanced/main.go:133.21,137.24 2 0
github.com/mrz1836/go-broadcast/examples/monitor/advanced/main.go:138.10,140.30 1 0
github.com/mrz1836/go-broadcast/examples/monitor/advanced/main.go:140.30,144.5 3 0
github.com/mrz1836/go-broadcast/examples/monitor/advanced/main.go:146.10,148.28 1 0
github.com/mrz1836/go-broadcast/examples/monitor/advanced/main.go:148.28,150.25 2 0
github.com/mrz1836/go-broadcast/examples/monitor/advanced/main.go:150.25,152.6 1 0
github.com/mrz1836/go-broadcast/examples/monitor/advanced/main.go:153.5,153.13 1 0
github.com/mrz1836/go-broadcast/examples/monitor/advanced/main.go:156.10,159.31 2 0
github.com/mrz1836/go-broadcast/examples/monitor/advanced/main.go:159.31,161.31 2 0
github.com/mrz1836/go-broadcast/examples/monitor/advanced/main.go:161.31,163.6 1 0
github.com/mrz1836/go-broadcast/examples/monitor/advanced/main.go:164.5,164.14 1 0
github.com/mrz1836/go-broadcast/examples/monitor/advanced/main.go:167.10,170.30 2 0
github.com/mrz1836/go-broadcast/examples/monitor/advanced/main.go:170.30,172.5 1 0
github.com/mrz1836/go-broadcast/examples/monitor/advanced/main.go:174.4,174.14 1 0
github.com/mrz1836/go-broadcast/examples/monitor/advanced/main.go:174.14,177.5 2 0
github.com/mrz1836/go-broadcast/examples/monitor/advanced/main.go:180.3,180.24 1 0
github.com/mrz1836/go-broadcast/examples/monitor/advanced/main.go:180.24,185.4 3 0
github.com/mrz1836/go-broadcast/examples/monitor/advanced/main.go:190.28,195.21 4 0
github.com/mrz1836/go-broadcast/examples/monitor/advanced/main.go:195.21,199.26 2 0
github.com/mrz1836/go-broadcast/examples/monitor/advanced/main.go:199.26,200.26 1 0
github.com/mrz1836/go-broadcast/examples/monitor/advanced/main.go:200.26,203.25 2 0
github.com/mrz1836/go-broadcast/examples/monitor/advanced/main.go:203.25,205.6 1 0
github.com/mrz1836/go-broadcast/examples/monitor/advanced/main.go:209.5,210.30 2 0
github.com/mrz1836/go-broadcast/examples/monitor/advanced/main.go:210.30,212.6 1 0
github.com/mrz1836/go-broadcast/examples/monitor/advanced/main.go:214.5,221.42 5 0
github.com/mrz1836/go-broadcast/examples/monitor/advanced/main.go:221.42,223.6 1 0
github.com/mrz1836/go-broadcast/examples/monitor/advanced/main.go:225.5,231.33 5 0
github.com/mrz1836/go-broadcast/examples/monitor/advanced/main.go:231.33,233.6 1 0
github.com/mrz1836/go-broadcast/examples/monitor/advanced/main.go:234.5,234.12 1 0
github.com/mrz1836/go-broadcast/examples/monitor/advanced/main.go:238.3,238.23 1 0
github.com/mrz1836/go-broadcast/examples/monitor/advanced/main.go:238.23,241.4 1 0
github.com/mrz1836/go-broadcast/examples/monitor/simple/main.go:18.13,43.12 14 0
github.com/mrz1836/go-broadcast/examples/monitor/simple/main.go:43.12,44.56 1 0
github.com/mrz1836/go-broadcast/examples/monitor/simple/main.go:44.56,46.4 1 0
github.com/mrz1836/go-broadcast/examples/monitor/simple/main.go:50.2,61.38 6 0
github.com/mrz1836/go-broadcast/examples/monitor/simple/main.go:65.25,73.21 5 0
github.com/mrz1836/go-broadcast/examples/monitor/simple/main.go:73.21,86.21 7 0
github.com/mrz1836/go-broadcast/examples/monitor/simple/main.go:86.21,87.27 1 0
github.com/mrz1836/go-broadcast/examples/monitor/simple/main.go:87.27,88.21 1 0
github.com/mrz1836/go-broadcast/examples/monitor/simple/main.go:88.21,92.6 2 0
github.com/mrz1836/go-broadcast/examples/monitor/simple/main.go:97.3,97.21 1 0
github.com/mrz1836/go-broadcast/examples/monitor/simple/main.go:97.21,99.4 1 0
github.com/mrz1836/go-broadcast/examples/monitor/simple/main.go:102.3,102.22 1 0
github.com/mrz1836/go-broadcast/examples/monitor/simple/main.go:102.22,104.4 1 0
github.com/mrz1836/go-broadcast/cmd/test-cleanup/main.go:22.13,24.41 2 0
github.com/mrz1836/go-broadcast/cmd/test-cleanup/main.go:24.41,26.3 1 0
github.com/mrz1836/go-broadcast/cmd/test-cleanup/main.go:65.82,76.43 8 2
github.com/mrz1836/go-broadcast/cmd/test-cleanup/main.go:76.43,78.3 1 0
github.com/mrz1836/go-broadcast/cmd/test-cleanup/main.go:81.2,84.20 3 2
github.com/mrz1836/go-broadcast/cmd/test-cleanup/main.go:90.72,92.2 1 0
github.com/mrz1836/go-broadcast/cmd/test-cleanup/main.go:97.65,99.2 1 0
github.com/mrz1836/go-broadcast/cmd/test-cleanup/main.go:101.65,103.2 1 0
github.com/mrz1836/go-broadcast/cmd/test-cleanup/main.go:108.60,110.2 1 0
github.com/mrz1836/go-broadcast/cmd/test-cleanup/main.go:112.73,114.2 1 0
github.com/mrz1836/go-broadcast/cmd/test-cleanup/main.go:117.42,124.2 1 1
github.com/mrz1836/go-broadcast/cmd/test-cleanup/main.go:127.142,134.2 1 6
github.com/mrz1836/go-broadcast/cmd/test-cleanup/main.go:137.53,140.16 2 3
github.com/mrz1836/go-broadcast/cmd/test-cleanup/main.go:140.16,142.3 1 1
github.com/mrz1836/go-broadcast/cmd/test-cleanup/main.go:144.2,144.20 1 2
github.com/mrz1836/go-broadcast/cmd/test-cleanup/main.go:144.20,151.3 6 1
github.com/mrz1836/go-broadcast/cmd/test-cleanup/main.go:153.2,153.37 1 2
github.com/mrz1836/go-broadcast/cmd/test-cleanup/main.go:157.77,161.98 3 4
github.com/mrz1836/go-broadcast/cmd/test-cleanup/main.go:161.98,162.17 1 2
github.com/mrz1836/go-broadcast/cmd/test-cleanup/main.go:162.17,164.4 1 0
github.com/mrz1836/go-broadcast/cmd/test-cleanup/main.go:167.3,167.19 1 2
github.com/mrz1836/go-broadcast/cmd/test-cleanup/main.go:167.19,168.50 1 0
github.com/mrz1836/go-broadcast/cmd/test-cleanup/main.go:168.50,169.43 1 0
github.com/mrz1836/go-broadcast/cmd/test-cleanup/main.go:169.43,171.6 1 0
github.com/mrz1836/go-broadcast/cmd/test-cleanup/main.go:173.4,173.14 1 0
github.com/mrz1836/go-broadcast/cmd/test-cleanup/main.go:177.3,178.43 2 2
github.com/mrz1836/go-broadcast/cmd/test-cleanup/main.go:178.43,180.80 2 2
github.com/mrz1836/go-broadcast/cmd/test-cleanup/main.go:180.80,181.23 1 2
github.com/mrz1836/go-broadcast/cmd/test-cleanup/main.go:181.23,183.6 1 1
github.com/mrz1836/go-broadcast/cmd/test-cleanup/main.go:185.5,185.23 1 2
github.com/mrz1836/go-broadcast/cmd/test-cleanup/main.go:185.23,186.57 1 1
github.com/mrz1836/go-broadcast/cmd/test-cleanup/main.go:186.57,188.7 1 0
github.com/mrz1836/go-broadcast/cmd/test-cleanup/main.go:191.5,193.10 3 2
github.com/mrz1836/go-broadcast/cmd/test-cleanup/main.go:197.3,197.13 1 2
github.com/mrz1836/go-broadcast/cmd/test-cleanup/main.go:199.2,199.16 1 4
github.com/mrz1836/go-broadcast/cmd/test-cleanup/main.go:199.16,201.3 1 1
github.com/mrz1836/go-broadcast/cmd/test-cleanup/main.go:204.2,204.19 1 3
github.com/mrz1836/go-broadcast/cmd/test-cleanup/main.go:204.19,207.3 2 2
github.com/mrz1836/go-broadcast/cmd/test-cleanup/main.go:207.8,210.3 2 1
github.com/mrz1836/go-broadcast/cmd/test-cleanup/main.go:212.2,212.45 1 3
github.com/mrz1836/go-broadcast/cmd/test-cleanup/main.go:212.45,214.37 2 1
github.com/mrz1836/go-broadcast/cmd/test-cleanup/main.go:214.37,216.4 1 1
github.com/mrz1836/go-broadcast/cmd/test-cleanup/main.go:219.2,219.12 1 3
github.com/mrz1836/go-broadcast/cmd/test-cleanup/main.go:222.38,224.18 2 9
github.com/mrz1836/go-broadcast/cmd/test-cleanup/main.go:224.18,226.3 1 3
github.com/mrz1836/go-broadcast/cmd/test-cleanup/main.go:227.2,228.46 2 6
github.com/mrz1836/go-broadcast/cmd/test-cleanup/main.go:228.46,231.3 2 3
github.com/mrz1836/go-broadcast/cmd/test-cleanup/main.go:232.2,232.76 1 6
github.com/mrz1836/go-broadcast/cmd/go-broadcast/main.go:19.13,21.45 2 0
github.com/mrz1836/go-broadcast/cmd/go-broadcast/main.go:21.45,23.3 1 0
github.com/mrz1836/go-broadcast/cmd/go-broadcast/main.go:46.39,48.2 1 4
github.com/mrz1836/go-broadcast/cmd/go-broadcast/main.go:50.50,52.2 1 6
github.com/mrz1836/go-broadcast/cmd/go-broadcast/main.go:57.46,59.2 1 2
github.com/mrz1836/go-broadcast/cmd/go-broadcast/main.go:62.20,67.2 1 25
github.com/mrz1836/go-broadcast/cmd/go-broadcast/main.go:71.88,72.26 1 36
github.com/mrz1836/go-broadcast/cmd/go-broadcast/main.go:72.26,73.41 1 2
github.com/mrz1836/go-broadcast/cmd/go-broadcast/main.go:75.2,75.24 1 34
github.com/mrz1836/go-broadcast/cmd/go-broadcast/main.go:75.24,76.39 1 1
github.com/mrz1836/go-broadcast/cmd/go-broadcast/main.go:78.2,81.3 1 33
github.com/mrz1836/go-broadcast/cmd/go-broadcast/main.go:88.43,90.15 1 36
github.com/mrz1836/go-broadcast/cmd/go-broadcast/main.go:90.15,91.31 1 36
github.com/mrz1836/go-broadcast/cmd/go-broadcast/main.go:91.31,96.4 2 12
github.com/mrz1836/go-broadcast/cmd/go-broadcast/main.go:100.2,104.43 2 36
github.com/mrz1836/go-broadcast/cmd/go-broadcast/main.go:104.43,108.3 1 35
github.com/mrz1836/go-broadcast/cmd/go-broadcast/main.go:111.2,111.32 1 35
github.com/mrz1836/go-broadcast/cmd/profile_demo/main.go:25.36,26.17 1 147868
github.com/mrz1836/go-broadcast/cmd/profile_demo/main.go:26.17,28.3 1 2
github.com/mrz1836/go-broadcast/cmd/profile_demo/main.go:29.2,30.16 2 147866
github.com/mrz1836/go-broadcast/cmd/profile_demo/main.go:30.16,33.3 1 0
github.com/mrz1836/go-broadcast/cmd/profile_demo/main.go:34.2,34.23 1 147866
github.com/mrz1836/go-broadcast/cmd/profile_demo/main.go:37.13,39.34 2 0
github.com/mrz1836/go-broadcast/cmd/profile_demo/main.go:39.34,41.3 1 0
github.com/mrz1836/go-broadcast/cmd/profile_demo/main.go:92.51,94.2 1 1
github.com/mrz1836/go-broadcast/cmd/profile_demo/main.go:96.65,98.2 1 1
github.com/mrz1836/go-broadcast/cmd/profile_demo/main.go:103.81,105.2 1 1
github.com/mrz1836/go-broadcast/cmd/profile_demo/main.go:110.87,112.2 1 0
github.com/mrz1836/go-broadcast/cmd/profile_demo/main.go:123.80,125.2 1 0
github.com/mrz1836/go-broadcast/cmd/profile_demo/main.go:127.79,129.2 1 0
github.com/mrz1836/go-broadcast/cmd/profile_demo/main.go:131.60,133.2 1 0
github.com/mrz1836/go-broadcast/cmd/profile_demo/main.go:138.60,142.2 3 1
github.com/mrz1836/go-broadcast/cmd/profile_demo/main.go:144.58,148.2 3 0
github.com/mrz1836/go-broadcast/cmd/profile_demo/main.go:150.72,154.2 3 0
github.com/mrz1836/go-broadcast/cmd/profile_demo/main.go:156.65,160.2 3 0
github.com/mrz1836/go-broadcast/cmd/profile_demo/main.go:165.108,168.2 2 1
github.com/mrz1836/go-broadcast/cmd/profile_demo/main.go:171.42,179.2 1 1
github.com/mrz1836/go-broadcast/cmd/profile_demo/main.go:182.197,190.2 1 6
github.com/mrz1836/go-broadcast/cmd/profile_demo/main.go:193.40,198.68 3 5
github.com/mrz1836/go-broadcast/cmd/profile_demo/main.go:198.68,200.3 1 1
github.com/mrz1836/go-broadcast/cmd/profile_demo/main.go:202.2,221.72 4 4
github.com/mrz1836/go-broadcast/cmd/profile_demo/main.go:221.72,223.3 1 1
github.com/mrz1836/go-broadcast/cmd/profile_demo/main.go:225.2,250.46 16 3
github.com/mrz1836/go-broadcast/cmd/profile_demo/main.go:250.46,252.3 1 1
github.com/mrz1836/go-broadcast/cmd/profile_demo/main.go:255.2,256.86 2 3
github.com/mrz1836/go-broadcast/cmd/profile_demo/main.go:256.86,258.3 1 1
github.com/mrz1836/go-broadcast/cmd/profile_demo/main.go:260.2,263.12 3 2
github.com/mrz1836/go-broadcast/cmd/profile_demo/main.go:266.23,269.16 2 6
github.com/mrz1836/go-broadcast/cmd/profile_demo/main.go:269.16,272.3 2 0
github.com/mrz1836/go-broadcast/cmd/profile_demo/main.go:274.2,281.33 5 6
github.com/mrz1836/go-broadcast/cmd/profile_demo/main.go:281.33,287.43 3 600
github.com/mrz1836/go-broadcast/cmd/profile_demo/main.go:287.43,289.4 1 0
github.com/mrz1836/go-broadcast/cmd/profile_demo/main.go:292.2,292.11 1 6
github.com/mrz1836/go-broadcast/cmd/profile_demo/main.go:295.21,303.38 3 2
github.com/mrz1836/go-broadcast/cmd/profile_demo/main.go:303.38,306.15 2 2000
github.com/mrz1836/go-broadcast/cmd/profile_demo/main.go:306.15,310.4 2 668
github.com/mrz1836/go-broadcast/cmd/profile_demo/main.go:310.9,313.4 1 1332
github.com/mrz1836/go-broadcast/cmd/profile_demo/main.go:317.35,327.32 2 2
github.com/mrz1836/go-broadcast/cmd/profile_demo/main.go:327.32,329.3 1 10
github.com/mrz1836/go-broadcast/cmd/profile_demo/main.go:332.2,332.26 1 2
github.com/mrz1836/go-broadcast/cmd/profile_demo/main.go:332.26,336.3 3 20
github.com/mrz1836/go-broadcast/cmd/profile_demo/main.go:339.28,345.76 4 6
github.com/mrz1836/go-broadcast/cmd/profile_demo/main.go:345.76,349.3 2 12
github.com/mrz1836/go-broadcast/cmd/profile_demo/main.go:351.2,351.15 1 6
github.com/mrz1836/go-broadcast/cmd/profile_demo/main.go:351.15,352.42 1 6
github.com/mrz1836/go-broadcast/cmd/profile_demo/main.go:352.42,354.4 1 0
github.com/mrz1836/go-broadcast/cmd/profile_demo/main.go:358.2,359.33 2 6
github.com/mrz1836/go-broadcast/cmd/profile_demo/main.go:359.33,361.45 2 600
github.com/mrz1836/go-broadcast/cmd/profile_demo/main.go:361.45,363.4 1 0
github.com/mrz1836/go-broadcast/cmd/profile_demo/main.go:367.2,367.42 1 6
github.com/mrz1836/go-broadcast/cmd/profile_demo/main.go:367.42,369.3 1 0
github.com/mrz1836/go-broadcast/cmd/profile_demo/main.go:372.74,436.16 10 8
github.com/mrz1836/go-broadcast/cmd/profile_demo/main.go:436.16,439.3 2 0
github.com/mrz1836/go-broadcast/cmd/profile_demo/main.go:442.2,442.52 1 8
github.com/mrz1836/go-broadcast/cmd/profile_demo/main.go:442.52,445.3 2 3
github.com/mrz1836/go-broadcast/cmd/profile_demo/main.go:447.2,447.86 1 5
github.com/mrz1836/go-broadcast/cmd/profile_demo/main.go:457.58,462.28 3 611
github.com/mrz1836/go-broadcast/cmd/profile_demo/main.go:462.28,464.3 1 611000
github.com/mrz1836/go-broadcast/cmd/profile_demo/main.go:467.2,468.22 2 611
github.com/mrz1836/go-broadcast/cmd/profile_demo/main.go:468.22,470.3 1 625664
github.com/mrz1836/go-broadcast/cmd/profile_demo/main.go:472.2,472.12 1 611
github.com/mrz1836/go-broadcast/cmd/profile_demo/main.go:475.39,477.2 1 601
github.com/mrz1836/go-broadcast/cmd/profile_demo/main.go:479.40,482.24 3 1283
github.com/mrz1836/go-broadcast/cmd/profile_demo/main.go:482.24,484.3 1 98911
github.com/mrz1836/go-broadcast/cmd/profile_demo/main.go:485.2,485.23 1 1283
github.com/mrz1836/go-broadcast/cmd/profile_demo/main.go:488.42,490.43 2 13
github.com/mrz1836/go-broadcast/cmd/profile_demo/main.go:490.43,492.23 1 0
github.com/mrz1836/go-broadcast/cmd/profile_demo/main.go:492.23,494.4 1 0
github.com/mrz1836/go-broadcast/cmd/profile_demo/main.go:497.2,497.31 1 13
github.com/mrz1836/go-broadcast/cmd/profile_demo/main.go:497.31,499.3 1 1144
github.com/mrz1836/go-broadcast/cmd/profile_demo/main.go:500.2,500.13 1 13
github.com/mrz1836/go-broadcast/cmd/profile_demo/main.go:503.40,506.24 3 29
github.com/mrz1836/go-broadcast/cmd/profile_demo/main.go:506.24,508.3 1 31831
github.com/mrz1836/go-broadcast/cmd/profile_demo/main.go:509.2,509.15 1 29
github.com/mrz1836/go-broadcast/cmd/profile_demo/main.go:512.52,519.38 4 30
github.com/mrz1836/go-broadcast/cmd/profile_demo/main.go:519.38,520.31 1 27
github.com/mrz1836/go-broadcast/cmd/profile_demo/main.go:520.31,522.26 1 2
github.com/mrz1836/go-broadcast/cmd/profile_demo/main.go:522.26,524.5 1 22
github.com/mrz1836/go-broadcast/cmd/profile_demo/main.go:525.9,528.29 2 25
github.com/mrz1836/go-broadcast/cmd/profile_demo/main.go:528.29,530.5 1 11392
github.com/mrz1836/go-broadcast/cmd/profile_demo/main.go:533.4,533.44 1 25
github.com/mrz1836/go-broadcast/cmd/profile_demo/main.go:533.44,536.5 2 11367
github.com/mrz1836/go-broadcast/cmd/profile_demo/main.go:539.4,539.37 1 25
github.com/mrz1836/go-broadcast/cmd/profile_demo/main.go:539.37,541.5 1 1587
github.com/mrz1836/go-broadcast/cmd/profile_demo/main.go:545.2,545.15 1 30
github.com/mrz1836/go-broadcast/internal/algorithms/optimized.go:22.59,29.2 1 9
github.com/mrz1836/go-broadcast/internal/algorithms/optimized.go:32.45,34.2 1 8
github.com/mrz1836/go-broadcast/internal/algorithms/optimized.go:37.85,38.23 1 12
github.com/mrz1836/go-broadcast/internal/algorithms/optimized.go:38.23,40.3 1 1
github.com/mrz1836/go-broadcast/internal/algorithms/optimized.go:43.2,44.39 2 11
github.com/mrz1836/go-broadcast/internal/algorithms/optimized.go:44.39,46.3 1 2
github.com/mrz1836/go-broadcast/internal/algorithms/optimized.go:48.2,52.34 3 11
github.com/mrz1836/go-broadcast/internal/algorithms/optimized.go:52.34,53.21 1 9011
github.com/mrz1836/go-broadcast/internal/algorithms/optimized.go:53.21,56.45 2 4
github.com/mrz1836/go-broadcast/internal/algorithms/optimized.go:56.45,58.5 1 2
github.com/mrz1836/go-broadcast/internal/algorithms/optimized.go:63.2,63.69 1 9
github.com/mrz1836/go-broadcast/internal/algorithms/optimized.go:63.69,65.3 1 2
github.com/mrz1836/go-broadcast/internal/algorithms/optimized.go:68.2,68.45 1 7
github.com/mrz1836/go-broadcast/internal/algorithms/optimized.go:72.78,74.32 1 2
github.com/mrz1836/go-broadcast/internal/algorithms/optimized.go:74.32,76.3 1 1
github.com/mrz1836/go-broadcast/internal/algorithms/optimized.go:79.2,80.27 2 1
github.com/mrz1836/go-broadcast/internal/algorithms/optimized.go:80.27,81.34 1 4
github.com/mrz1836/go-broadcast/internal/algorithms/optimized.go:81.34,83.4 1 0
github.com/mrz1836/go-broadcast/internal/algorithms/optimized.go:86.2,87.41 2 1
github.com/mrz1836/go-broadcast/internal/algorithms/optimized.go:91.77,92.22 1 7
github.com/mrz1836/go-broadcast/internal/algorithms/optimized.go:92.22,94.3 1 0
github.com/mrz1836/go-broadcast/internal/algorithms/optimized.go:97.2,101.27 4 7
github.com/mrz1836/go-broadcast/internal/algorithms/optimized.go:101.27,105.65 2 800
github.com/mrz1836/go-broadcast/internal/algorithms/optimized.go:105.65,107.4 1 407
github.com/mrz1836/go-broadcast/internal/algorithms/optimized.go:110.3,110.14 1 800
github.com/mrz1836/go-broadcast/internal/algorithms/optimized.go:110.14,112.4 1 304
github.com/mrz1836/go-broadcast/internal/algorithms/optimized.go:115.2,122.45 4 7
github.com/mrz1836/go-broadcast/internal/algorithms/optimized.go:122.45,124.3 1 1
github.com/mrz1836/go-broadcast/internal/algorithms/optimized.go:127.2,127.24 1 6
github.com/mrz1836/go-broadcast/internal/algorithms/optimized.go:127.24,129.3 1 2
github.com/mrz1836/go-broadcast/internal/algorithms/optimized.go:132.2,133.35 2 4
github.com/mrz1836/go-broadcast/internal/algorithms/optimized.go:133.35,134.16 1 1024
github.com/mrz1836/go-broadcast/internal/algorithms/optimized.go:134.16,136.4 1 53
github.com/mrz1836/go-broadcast/internal/algorithms/optimized.go:139.2,140.45 2 4
github.com/mrz1836/go-broadcast/internal/algorithms/optimized.go:140.45,142.3 1 0
github.com/mrz1836/go-broadcast/internal/algorithms/optimized.go:144.2,144.14 1 4
github.com/mrz1836/go-broadcast/internal/algorithms/optimized.go:148.43,149.19 1 9
github.com/mrz1836/go-broadcast/internal/algorithms/optimized.go:149.19,151.3 1 1
github.com/mrz1836/go-broadcast/internal/algorithms/optimized.go:154.2,166.33 2 8
github.com/mrz1836/go-broadcast/internal/algorithms/optimized.go:166.33,167.58 1 35
github.com/mrz1836/go-broadcast/internal/algorithms/optimized.go:167.58,169.4 1 6
github.com/mrz1836/go-broadcast/internal/algorithms/optimized.go:172.2,172.14 1 2
github.com/mrz1836/go-broadcast/internal/algorithms/optimized.go:176.43,179.2 1 1533
github.com/mrz1836/go-broadcast/internal/algorithms/optimized.go:190.37,197.2 1 6
github.com/mrz1836/go-broadcast/internal/algorithms/optimized.go:200.61,204.2 3 5
github.com/mrz1836/go-broadcast/internal/algorithms/optimized.go:207.77,209.23 1 8
github.com/mrz1836/go-broadcast/internal/algorithms/optimized.go:209.23,211.3 1 2
github.com/mrz1836/go-broadcast/internal/algorithms/optimized.go:214.2,214.22 1 6
github.com/mrz1836/go-broadcast/internal/algorithms/optimized.go:214.22,216.36 2 5
github.com/mrz1836/go-broadcast/internal/algorithms/optimized.go:216.36,218.4 1 1
github.com/mrz1836/go-broadcast/internal/algorithms/optimized.go:222.2,223.64 2 5
github.com/mrz1836/go-broadcast/internal/algorithms/optimized.go:223.64,225.3 1 0
github.com/mrz1836/go-broadcast/internal/algorithms/optimized.go:228.2,229.26 2 5
github.com/mrz1836/go-broadcast/internal/algorithms/optimized.go:229.26,232.3 2 4
github.com/mrz1836/go-broadcast/internal/algorithms/optimized.go:232.8,234.3 1 1
github.com/mrz1836/go-broadcast/internal/algorithms/optimized.go:237.2,238.14 2 5
github.com/mrz1836/go-broadcast/internal/algorithms/optimized.go:238.14,240.3 1 1
github.com/mrz1836/go-broadcast/internal/algorithms/optimized.go:243.2,245.21 3 4
github.com/mrz1836/go-broadcast/internal/algorithms/optimized.go:249.40,255.24 2 7
github.com/mrz1836/go-broadcast/internal/algorithms/optimized.go:255.24,257.3 1 1
github.com/mrz1836/go-broadcast/internal/algorithms/optimized.go:259.2,259.16 1 6
github.com/mrz1836/go-broadcast/internal/algorithms/optimized.go:263.83,265.40 1 5
github.com/mrz1836/go-broadcast/internal/algorithms/optimized.go:265.40,267.3 1 4
github.com/mrz1836/go-broadcast/internal/algorithms/optimized.go:270.2,270.43 1 1
github.com/mrz1836/go-broadcast/internal/algorithms/optimized.go:274.78,280.2 3 4
github.com/mrz1836/go-broadcast/internal/algorithms/optimized.go:283.78,289.40 3 1
github.com/mrz1836/go-broadcast/internal/algorithms/optimized.go:289.40,291.3 1 0
github.com/mrz1836/go-broadcast/internal/algorithms/optimized.go:294.2,295.66 2 1
github.com/mrz1836/go-broadcast/internal/algorithms/optimized.go:295.66,297.3 1 3
github.com/mrz1836/go-broadcast/internal/algorithms/optimized.go:300.2,302.111 3 1
github.com/mrz1836/go-broadcast/internal/algorithms/optimized.go:302.111,306.3 3 0
github.com/mrz1836/go-broadcast/internal/algorithms/optimized.go:309.2,309.22 1 1
github.com/mrz1836/go-broadcast/internal/algorithms/optimized.go:309.22,311.3 1 1
github.com/mrz1836/go-broadcast/internal/algorithms/optimized.go:313.2,313.40 1 1
github.com/mrz1836/go-broadcast/internal/algorithms/optimized.go:313.40,316.3 2 1
github.com/mrz1836/go-broadcast/internal/algorithms/optimized.go:318.2,318.40 1 1
github.com/mrz1836/go-broadcast/internal/algorithms/optimized.go:318.40,321.3 2 1
github.com/mrz1836/go-broadcast/internal/algorithms/optimized.go:323.2,323.22 1 1
github.com/mrz1836/go-broadcast/internal/algorithms/optimized.go:323.22,325.3 1 0
github.com/mrz1836/go-broadcast/internal/algorithms/optimized.go:327.2,327.40 1 1
github.com/mrz1836/go-broadcast/internal/algorithms/optimized.go:331.75,335.17 2 8
github.com/mrz1836/go-broadcast/internal/algorithms/optimized.go:335.17,337.3 1 0
github.com/mrz1836/go-broadcast/internal/algorithms/optimized.go:340.2,341.21 2 8
github.com/mrz1836/go-broadcast/internal/algorithms/optimized.go:341.21,343.3 1 23
github.com/mrz1836/go-broadcast/internal/algorithms/optimized.go:346.2,346.26 1 8
github.com/mrz1836/go-broadcast/internal/algorithms/optimized.go:346.26,347.27 1 15
github.com/mrz1836/go-broadcast/internal/algorithms/optimized.go:347.27,348.35 1 40
github.com/mrz1836/go-broadcast/internal/algorithms/optimized.go:348.35,350.5 1 9
github.com/mrz1836/go-broadcast/internal/algorithms/optimized.go:350.10,352.5 1 31
github.com/mrz1836/go-broadcast/internal/algorithms/optimized.go:357.2,357.52 1 8
github.com/mrz1836/go-broadcast/internal/algorithms/optimized.go:361.97,364.21 2 8
github.com/mrz1836/go-broadcast/internal/algorithms/optimized.go:364.21,365.37 1 23
github.com/mrz1836/go-broadcast/internal/algorithms/optimized.go:365.37,367.4 1 2
github.com/mrz1836/go-broadcast/internal/algorithms/optimized.go:369.3,369.52 1 21
github.com/mrz1836/go-broadcast/internal/algorithms/optimized.go:369.52,373.4 2 9
github.com/mrz1836/go-broadcast/internal/algorithms/optimized.go:373.9,373.61 1 12
github.com/mrz1836/go-broadcast/internal/algorithms/optimized.go:373.61,377.4 2 8
github.com/mrz1836/go-broadcast/internal/algorithms/optimized.go:377.9,377.19 1 4
github.com/mrz1836/go-broadcast/internal/algorithms/optimized.go:377.19,381.4 2 4
github.com/mrz1836/go-broadcast/internal/algorithms/optimized.go:384.2,384.13 1 6
github.com/mrz1836/go-broadcast/internal/algorithms/optimized.go:388.82,392.37 2 2
github.com/mrz1836/go-broadcast/internal/algorithms/optimized.go:392.37,393.37 1 7
github.com/mrz1836/go-broadcast/internal/algorithms/optimized.go:393.37,395.4 1 0
github.com/mrz1836/go-broadcast/internal/algorithms/optimized.go:397.3,397.70 1 7
github.com/mrz1836/go-broadcast/internal/algorithms/optimized.go:397.70,401.4 2 3
github.com/mrz1836/go-broadcast/internal/algorithms/optimized.go:401.9,406.67 3 4
github.com/mrz1836/go-broadcast/internal/algorithms/optimized.go:406.67,407.86 1 6
github.com/mrz1836/go-broadcast/internal/algorithms/optimized.go:407.86,409.34 1 0
github.com/mrz1836/go-broadcast/internal/algorithms/optimized.go:409.34,411.7 1 0
github.com/mrz1836/go-broadcast/internal/algorithms/optimized.go:412.6,413.23 2 0
github.com/mrz1836/go-broadcast/internal/algorithms/optimized.go:414.11,414.93 1 6
github.com/mrz1836/go-broadcast/internal/algorithms/optimized.go:414.93,416.34 1 0
github.com/mrz1836/go-broadcast/internal/algorithms/optimized.go:416.34,418.7 1 0
github.com/mrz1836/go-broadcast/internal/algorithms/optimized.go:419.6,420.23 2 0
github.com/mrz1836/go-broadcast/internal/algorithms/optimized.go:424.4,424.19 1 4
github.com/mrz1836/go-broadcast/internal/algorithms/optimized.go:424.19,426.22 1 4
github.com/mrz1836/go-broadcast/internal/algorithms/optimized.go:426.22,429.6 2 4
github.com/mrz1836/go-broadcast/internal/algorithms/optimized.go:430.5,430.22 1 4
github.com/mrz1836/go-broadcast/internal/algorithms/optimized.go:430.22,433.6 2 4
github.com/mrz1836/go-broadcast/internal/algorithms/optimized.go:438.2,438.13 1 2
github.com/mrz1836/go-broadcast/internal/algorithms/optimized.go:442.40,443.23 1 14
github.com/mrz1836/go-broadcast/internal/algorithms/optimized.go:443.23,445.3 1 2
github.com/mrz1836/go-broadcast/internal/algorithms/optimized.go:448.2,452.27 4 12
github.com/mrz1836/go-broadcast/internal/algorithms/optimized.go:452.27,453.34 1 1529
github.com/mrz1836/go-broadcast/internal/algorithms/optimized.go:453.34,455.4 1 506
github.com/mrz1836/go-broadcast/internal/algorithms/optimized.go:458.2,458.56 1 12
github.com/mrz1836/go-broadcast/internal/algorithms/optimized.go:488.57,495.2 1 1
github.com/mrz1836/go-broadcast/internal/algorithms/optimized.go:498.106,510.22 2 5
github.com/mrz1836/go-broadcast/internal/algorithms/optimized.go:510.22,513.3 2 1
github.com/mrz1836/go-broadcast/internal/algorithms/optimized.go:515.2,515.11 1 5
github.com/mrz1836/go-broadcast/internal/algorithms/optimized.go:519.55,525.35 4 11
github.com/mrz1836/go-broadcast/internal/algorithms/optimized.go:525.35,527.3 1 2
github.com/mrz1836/go-broadcast/internal/algorithms/optimized.go:529.2,529.12 1 9
github.com/mrz1836/go-broadcast/internal/algorithms/optimized.go:533.63,537.29 3 1
github.com/mrz1836/go-broadcast/internal/algorithms/optimized.go:537.29,540.36 2 5
github.com/mrz1836/go-broadcast/internal/algorithms/optimized.go:540.36,541.37 1 2
github.com/mrz1836/go-broadcast/internal/algorithms/optimized.go:541.37,543.5 1 0
github.com/mrz1836/go-broadcast/internal/algorithms/optimized.go:547.2,547.12 1 1
github.com/mrz1836/go-broadcast/internal/algorithms/optimized.go:551.41,556.2 3 8
github.com/mrz1836/go-broadcast/internal/algorithms/optimized.go:559.40,560.18 1 5
github.com/mrz1836/go-broadcast/internal/algorithms/optimized.go:560.18,563.3 2 1
github.com/mrz1836/go-broadcast/internal/algorithms/optimized.go:565.2,565.19 1 5
github.com/mrz1836/go-broadcast/internal/algorithms/optimized.go:569.55,578.2 3 1
github.com/mrz1836/go-broadcast/internal/algorithms/optimized.go:588.41,589.24 1 13
github.com/mrz1836/go-broadcast/internal/algorithms/optimized.go:589.24,591.3 1 5
github.com/mrz1836/go-broadcast/internal/algorithms/optimized.go:593.2,603.12 8 8
github.com/mrz1836/go-broadcast/internal/algorithms/optimized.go:607.45,613.6 4 1
github.com/mrz1836/go-broadcast/internal/algorithms/optimized.go:613.6,614.10 1 3
github.com/mrz1836/go-broadcast/internal/algorithms/optimized.go:615.19,621.19 3 2
github.com/mrz1836/go-broadcast/internal/algorithms/optimized.go:621.19,623.5 1 1
github.com/mrz1836/go-broadcast/internal/algorithms/optimized.go:624.4,624.18 1 2
github.com/mrz1836/go-broadcast/internal/algorithms/optimized.go:626.22,629.10 2 1
github.com/mrz1836/go-broadcast/internal/algorithms/optimized.go:636.21,637.11 1 8
github.com/mrz1836/go-broadcast/internal/algorithms/optimized.go:637.11,639.3 1 4
github.com/mrz1836/go-broadcast/internal/algorithms/optimized.go:640.2,640.10 1 4
github.com/mrz1836/go-broadcast/internal/algorithms/optimized.go:643.27,644.11 1 24
github.com/mrz1836/go-broadcast/internal/algorithms/optimized.go:644.11,646.3 1 2
github.com/mrz1836/go-broadcast/internal/algorithms/optimized.go:647.2,647.10 1 22
github.com/mrz1836/go-broadcast/internal/algorithms/optimized.go:650.27,651.11 1 35
github.com/mrz1836/go-broadcast/internal/algorithms/optimized.go:651.11,653.3 1 9
github.com/mrz1836/go-broadcast/internal/algorithms/optimized.go:654.2,654.10 1 26
github.com/mrz1836/go-broadcast/internal/ai/cache.go:32.51,39.2 1 21
github.com/mrz1836/go-broadcast/internal/ai/cache.go:42.35,46.2 3 793
github.com/mrz1836/go-broadcast/internal/ai/cache.go:49.64,50.16 1 262
github.com/mrz1836/go-broadcast/internal/ai/cache.go:50.16,52.3 1 1
github.com/mrz1836/go-broadcast/internal/ai/cache.go:53.2,54.26 2 261
github.com/mrz1836/go-broadcast/internal/ai/cache.go:59.63,64.9 4 523
github.com/mrz1836/go-broadcast/internal/ai/cache.go:64.9,66.3 1 26
github.com/mrz1836/go-broadcast/internal/ai/cache.go:69.2,69.41 1 497
github.com/mrz1836/go-broadcast/internal/ai/cache.go:69.41,71.3 1 1
github.com/mrz1836/go-broadcast/internal/ai/cache.go:73.2,73.29 1 496
github.com/mrz1836/go-broadcast/internal/ai/cache.go:77.59,78.16 1 263
github.com/mrz1836/go-broadcast/internal/ai/cache.go:78.16,80.3 1 1
github.com/mrz1836/go-broadcast/internal/ai/cache.go:81.2,82.29 2 262
github.com/mrz1836/go-broadcast/internal/ai/cache.go:87.58,92.33 3 281
github.com/mrz1836/go-broadcast/internal/ai/cache.go:92.33,94.3 1 1
github.com/mrz1836/go-broadcast/internal/ai/cache.go:96.2,99.3 1 281
github.com/mrz1836/go-broadcast/internal/ai/cache.go:110.47,111.16 1 264
github.com/mrz1836/go-broadcast/internal/ai/cache.go:111.16,115.3 2 2
github.com/mrz1836/go-broadcast/internal/ai/cache.go:118.2,122.41 3 262
github.com/mrz1836/go-broadcast/internal/ai/cache.go:122.41,127.3 4 240
github.com/mrz1836/go-broadcast/internal/ai/cache.go:129.2,135.16 5 22
github.com/mrz1836/go-broadcast/internal/ai/cache.go:135.16,137.3 1 3
github.com/mrz1836/go-broadcast/internal/ai/cache.go:140.2,142.29 2 19
github.com/mrz1836/go-broadcast/internal/ai/cache.go:150.39,155.37 3 1
github.com/mrz1836/go-broadcast/internal/ai/cache.go:155.37,156.41 1 3
github.com/mrz1836/go-broadcast/internal/ai/cache.go:156.41,158.4 1 0
github.com/mrz1836/go-broadcast/internal/ai/cache.go:161.2,161.32 1 1
github.com/mrz1836/go-broadcast/internal/ai/cache.go:161.32,163.3 1 0
github.com/mrz1836/go-broadcast/internal/ai/cache.go:166.2,166.33 1 1
github.com/mrz1836/go-broadcast/internal/ai/cache.go:166.33,169.24 2 1
github.com/mrz1836/go-broadcast/internal/ai/cache.go:169.24,171.4 1 1
github.com/mrz1836/go-broadcast/internal/ai/cache.go:173.3,178.38 3 1
github.com/mrz1836/go-broadcast/internal/ai/cache.go:178.38,180.4 1 3
github.com/mrz1836/go-broadcast/internal/ai/cache.go:183.3,183.40 1 1
github.com/mrz1836/go-broadcast/internal/ai/cache.go:183.40,185.4 1 3
github.com/mrz1836/go-broadcast/internal/ai/cache.go:188.3,188.55 1 1
github.com/mrz1836/go-broadcast/internal/ai/cache.go:188.55,190.4 1 1
github.com/mrz1836/go-broadcast/internal/ai/cache.go:195.64,199.2 3 256
github.com/mrz1836/go-broadcast/internal/ai/cache.go:202.33,208.2 5 1
github.com/mrz1836/go-broadcast/internal/ai/cache.go:211.36,215.2 3 8
github.com/mrz1836/go-broadcast/internal/ai/commit_generator.go:44.27,45.19 1 15
github.com/mrz1836/go-broadcast/internal/ai/commit_generator.go:45.19,47.3 1 14
github.com/mrz1836/go-broadcast/internal/ai/commit_generator.go:48.2,48.24 1 15
github.com/mrz1836/go-broadcast/internal/ai/commit_generator.go:48.24,50.3 1 14
github.com/mrz1836/go-broadcast/internal/ai/commit_generator.go:51.2,51.18 1 15
github.com/mrz1836/go-broadcast/internal/ai/commit_generator.go:51.18,53.3 1 1
github.com/mrz1836/go-broadcast/internal/ai/commit_generator.go:55.2,63.3 1 15
github.com/mrz1836/go-broadcast/internal/ai/commit_generator.go:71.113,73.22 1 9
github.com/mrz1836/go-broadcast/internal/ai/commit_generator.go:73.22,76.3 2 0
github.com/mrz1836/go-broadcast/internal/ai/commit_generator.go:79.2,79.52 1 9
github.com/mrz1836/go-broadcast/internal/ai/commit_generator.go:79.52,82.3 2 2
github.com/mrz1836/go-broadcast/internal/ai/commit_generator.go:85.2,85.65 1 7
github.com/mrz1836/go-broadcast/internal/ai/commit_generator.go:85.65,89.3 3 7
github.com/mrz1836/go-broadcast/internal/ai/commit_generator.go:91.2,95.20 3 7
github.com/mrz1836/go-broadcast/internal/ai/commit_generator.go:95.20,98.132 3 2
github.com/mrz1836/go-broadcast/internal/ai/commit_generator.go:98.132,100.4 1 1
github.com/mrz1836/go-broadcast/internal/ai/commit_generator.go:102.3,102.15 1 2
github.com/mrz1836/go-broadcast/internal/ai/commit_generator.go:102.15,104.4 1 1
github.com/mrz1836/go-broadcast/internal/ai/commit_generator.go:105.8,109.3 2 5
github.com/mrz1836/go-broadcast/internal/ai/commit_generator.go:111.2,111.16 1 7
github.com/mrz1836/go-broadcast/internal/ai/commit_generator.go:111.16,113.46 1 3
github.com/mrz1836/go-broadcast/internal/ai/commit_generator.go:113.46,116.4 2 0
github.com/mrz1836/go-broadcast/internal/ai/commit_generator.go:117.3,118.56 2 3
github.com/mrz1836/go-broadcast/internal/ai/commit_generator.go:122.2,123.21 2 4
github.com/mrz1836/go-broadcast/internal/ai/commit_generator.go:123.21,126.3 2 1
github.com/mrz1836/go-broadcast/internal/ai/commit_generator.go:128.2,128.23 1 3
github.com/mrz1836/go-broadcast/internal/ai/commit_generator.go:132.112,135.116 2 6
github.com/mrz1836/go-broadcast/internal/ai/commit_generator.go:135.116,141.3 1 6
github.com/mrz1836/go-broadcast/internal/ai/commit_generator.go:142.2,142.16 1 6
github.com/mrz1836/go-broadcast/internal/ai/commit_generator.go:142.16,144.3 1 3
github.com/mrz1836/go-broadcast/internal/ai/commit_generator.go:146.2,146.26 1 3
github.com/mrz1836/go-broadcast/internal/ai/commit_generator.go:150.84,151.58 1 10
github.com/mrz1836/go-broadcast/internal/ai/commit_generator.go:151.58,153.3 1 2
github.com/mrz1836/go-broadcast/internal/ai/commit_generator.go:155.2,155.38 1 8
github.com/mrz1836/go-broadcast/internal/ai/commit_generator.go:155.38,157.3 1 5
github.com/mrz1836/go-broadcast/internal/ai/commit_generator.go:159.2,159.97 1 3
github.com/mrz1836/go-broadcast/internal/ai/commit_prompt.go:79.47,80.33 1 22
github.com/mrz1836/go-broadcast/internal/ai/commit_prompt.go:80.33,82.3 1 1
github.com/mrz1836/go-broadcast/internal/ai/commit_prompt.go:83.2,83.25 1 22
github.com/mrz1836/go-broadcast/internal/ai/commit_prompt.go:88.51,89.16 1 22
github.com/mrz1836/go-broadcast/internal/ai/commit_prompt.go:89.16,91.3 1 2
github.com/mrz1836/go-broadcast/internal/ai/commit_prompt.go:93.2,94.65 2 20
github.com/mrz1836/go-broadcast/internal/ai/commit_prompt.go:94.65,99.3 2 0
github.com/mrz1836/go-broadcast/internal/ai/commit_prompt.go:101.2,101.21 1 20
github.com/mrz1836/go-broadcast/internal/ai/commit_validator.go:14.47,18.15 2 64
github.com/mrz1836/go-broadcast/internal/ai/commit_validator.go:18.15,20.3 1 2
github.com/mrz1836/go-broadcast/internal/ai/commit_validator.go:23.2,23.48 1 62
github.com/mrz1836/go-broadcast/internal/ai/commit_validator.go:23.48,25.3 1 3
github.com/mrz1836/go-broadcast/internal/ai/commit_validator.go:28.2,37.39 4 62
github.com/mrz1836/go-broadcast/internal/ai/commit_validator.go:37.39,40.3 1 2
github.com/mrz1836/go-broadcast/internal/ai/commit_validator.go:42.2,42.12 1 62
github.com/mrz1836/go-broadcast/internal/ai/commit_validator.go:46.50,57.2 5 70
github.com/mrz1836/go-broadcast/internal/ai/commit_validator.go:61.42,63.72 1 77
github.com/mrz1836/go-broadcast/internal/ai/commit_validator.go:63.72,65.3 1 45
github.com/mrz1836/go-broadcast/internal/ai/commit_validator.go:68.2,80.43 2 32
github.com/mrz1836/go-broadcast/internal/ai/commit_validator.go:80.43,81.37 1 161
github.com/mrz1836/go-broadcast/internal/ai/commit_validator.go:81.37,84.4 2 26
github.com/mrz1836/go-broadcast/internal/ai/commit_validator.go:88.2,88.23 1 6
github.com/mrz1836/go-broadcast/internal/ai/commit_validator.go:92.58,93.22 1 10
github.com/mrz1836/go-broadcast/internal/ai/commit_validator.go:93.22,95.3 1 3
github.com/mrz1836/go-broadcast/internal/ai/commit_validator.go:98.2,99.26 2 7
github.com/mrz1836/go-broadcast/internal/ai/commit_validator.go:99.26,101.3 1 4
github.com/mrz1836/go-broadcast/internal/ai/commit_validator.go:104.2,104.19 1 3
github.com/mrz1836/go-broadcast/internal/ai/config.go:25.68,29.2 3 3
github.com/mrz1836/go-broadcast/internal/ai/config.go:33.59,37.19 4 12
github.com/mrz1836/go-broadcast/internal/ai/config.go:37.19,39.3 1 1
github.com/mrz1836/go-broadcast/internal/ai/config.go:108.27,115.18 5 24
github.com/mrz1836/go-broadcast/internal/ai/config.go:115.18,117.3 1 7
github.com/mrz1836/go-broadcast/internal/ai/config.go:120.2,120.18 1 24
github.com/mrz1836/go-broadcast/internal/ai/config.go:120.18,121.19 1 17
github.com/mrz1836/go-broadcast/internal/ai/config.go:122.26,124.20 2 12
github.com/mrz1836/go-broadcast/internal/ai/config.go:124.20,126.5 1 2
github.com/mrz1836/go-broadcast/internal/ai/config.go:127.23,129.20 2 2
github.com/mrz1836/go-broadcast/internal/ai/config.go:129.20,131.5 1 1
github.com/mrz1836/go-broadcast/internal/ai/config.go:132.23,134.20 2 2
github.com/mrz1836/go-broadcast/internal/ai/config.go:134.20,136.5 1 1
github.com/mrz1836/go-broadcast/internal/ai/config.go:140.2,171.21 2 24
github.com/mrz1836/go-broadcast/internal/ai/config.go:171.21,173.3 1 22
github.com/mrz1836/go-broadcast/internal/ai/config.go:175.2,175.12 1 24
github.com/mrz1836/go-broadcast/internal/ai/config.go:179.35,181.2 1 23
github.com/mrz1836/go-broadcast/internal/ai/config.go:184.37,186.2 1 8
github.com/mrz1836/go-broadcast/internal/ai/config.go:189.41,191.2 1 8
github.com/mrz1836/go-broadcast/internal/ai/config.go:195.35,197.20 1 23
github.com/mrz1836/go-broadcast/internal/ai/config.go:198.57,198.57 0 22
github.com/mrz1836/go-broadcast/internal/ai/config.go:200.10,201.85 1 1
github.com/mrz1836/go-broadcast/internal/ai/config.go:205.2,205.48 1 22
github.com/mrz1836/go-broadcast/internal/ai/config.go:205.48,207.3 1 2
github.com/mrz1836/go-broadcast/internal/ai/config.go:210.2,210.22 1 20
github.com/mrz1836/go-broadcast/internal/ai/config.go:210.22,212.3 1 2
github.com/mrz1836/go-broadcast/internal/ai/config.go:215.2,215.20 1 18
github.com/mrz1836/go-broadcast/internal/ai/config.go:215.20,217.3 1 2
github.com/mrz1836/go-broadcast/internal/ai/config.go:220.2,220.25 1 16
github.com/mrz1836/go-broadcast/internal/ai/config.go:220.25,222.3 1 1
github.com/mrz1836/go-broadcast/internal/ai/config.go:225.2,225.32 1 15
github.com/mrz1836/go-broadcast/internal/ai/config.go:225.32,227.3 1 1
github.com/mrz1836/go-broadcast/internal/ai/config.go:230.2,230.43 1 14
github.com/mrz1836/go-broadcast/internal/ai/config.go:230.43,232.3 1 1
github.com/mrz1836/go-broadcast/internal/ai/config.go:235.2,235.39 1 13
github.com/mrz1836/go-broadcast/internal/ai/config.go:235.39,237.3 1 1
github.com/mrz1836/go-broadcast/internal/ai/config.go:240.2,240.29 1 12
github.com/mrz1836/go-broadcast/internal/ai/config.go:240.29,242.3 1 1
github.com/mrz1836/go-broadcast/internal/ai/config.go:245.2,245.30 1 11
github.com/mrz1836/go-broadcast/internal/ai/config.go:245.30,247.3 1 1
github.com/mrz1836/go-broadcast/internal/ai/config.go:250.2,250.43 1 10
github.com/mrz1836/go-broadcast/internal/ai/config.go:250.43,252.3 1 1
github.com/mrz1836/go-broadcast/internal/ai/config.go:254.2,254.12 1 9
github.com/mrz1836/go-broadcast/internal/ai/config.go:259.60,261.17 2 125
github.com/mrz1836/go-broadcast/internal/ai/config.go:261.17,263.3 1 6
github.com/mrz1836/go-broadcast/internal/ai/config.go:264.2,265.16 2 119
github.com/mrz1836/go-broadcast/internal/ai/config.go:265.16,268.3 2 3
github.com/mrz1836/go-broadcast/internal/ai/config.go:269.2,269.15 1 116
github.com/mrz1836/go-broadcast/internal/ai/config.go:274.70,276.17 2 29
github.com/mrz1836/go-broadcast/internal/ai/config.go:276.17,278.3 1 2
github.com/mrz1836/go-broadcast/internal/ai/config.go:279.2,280.16 2 27
github.com/mrz1836/go-broadcast/internal/ai/config.go:280.16,283.3 2 2
github.com/mrz1836/go-broadcast/internal/ai/config.go:284.2,284.15 1 25
github.com/mrz1836/go-broadcast/internal/ai/config.go:289.92,291.17 2 100
github.com/mrz1836/go-broadcast/internal/ai/config.go:291.17,293.3 1 5
github.com/mrz1836/go-broadcast/internal/ai/config.go:294.2,295.16 2 95
github.com/mrz1836/go-broadcast/internal/ai/config.go:295.16,298.3 2 3
github.com/mrz1836/go-broadcast/internal/ai/config.go:299.2,299.45 1 92
github.com/mrz1836/go-broadcast/internal/ai/config.go:304.63,306.17 2 78
github.com/mrz1836/go-broadcast/internal/ai/config.go:306.17,308.3 1 8
github.com/mrz1836/go-broadcast/internal/ai/config.go:310.2,310.41 1 70
github.com/mrz1836/go-broadcast/internal/ai/config.go:310.41,312.3 1 2
github.com/mrz1836/go-broadcast/internal/ai/config.go:313.2,313.24 1 70
github.com/mrz1836/go-broadcast/internal/ai/diff.go:20.51,25.2 1 22
github.com/mrz1836/go-broadcast/internal/ai/diff.go:28.58,29.33 1 15
github.com/mrz1836/go-broadcast/internal/ai/diff.go:29.33,31.3 1 12
github.com/mrz1836/go-broadcast/internal/ai/diff.go:39.2,42.35 3 3
github.com/mrz1836/go-broadcast/internal/ai/diff.go:42.35,46.54 2 3
github.com/mrz1836/go-broadcast/internal/ai/diff.go:46.54,48.9 2 3
github.com/mrz1836/go-broadcast/internal/ai/diff.go:51.3,51.39 1 0
github.com/mrz1836/go-broadcast/internal/ai/diff.go:54.2,54.24 1 3
github.com/mrz1836/go-broadcast/internal/ai/diff.go:58.64,61.37 2 6
github.com/mrz1836/go-broadcast/internal/ai/diff.go:61.37,63.3 1 3
github.com/mrz1836/go-broadcast/internal/ai/diff.go:66.2,69.28 3 3
github.com/mrz1836/go-broadcast/internal/ai/diff.go:69.28,71.3 1 0
github.com/mrz1836/go-broadcast/internal/ai/diff.go:73.2,74.41 2 3
github.com/mrz1836/go-broadcast/internal/ai/diff.go:79.45,80.29 1 8
github.com/mrz1836/go-broadcast/internal/ai/diff.go:80.29,81.36 1 29
github.com/mrz1836/go-broadcast/internal/ai/diff.go:81.36,83.4 1 5
github.com/mrz1836/go-broadcast/internal/ai/diff.go:86.2,86.20 1 3
github.com/mrz1836/go-broadcast/internal/ai/diff.go:86.20,88.3 1 1
github.com/mrz1836/go-broadcast/internal/ai/diff.go:89.2,89.19 1 2
github.com/mrz1836/go-broadcast/internal/ai/diff.go:93.50,98.29 3 12
github.com/mrz1836/go-broadcast/internal/ai/diff.go:98.29,99.36 1 26
github.com/mrz1836/go-broadcast/internal/ai/diff.go:99.36,100.12 1 12
github.com/mrz1836/go-broadcast/internal/ai/diff.go:102.3,102.12 1 14
github.com/mrz1836/go-broadcast/internal/ai/diff.go:102.12,104.4 1 14
github.com/mrz1836/go-broadcast/internal/ai/diff.go:105.3,105.36 1 14
github.com/mrz1836/go-broadcast/internal/ai/diff.go:108.2,108.17 1 12
github.com/mrz1836/go-broadcast/internal/ai/diff.go:112.116,116.33 3 4
github.com/mrz1836/go-broadcast/internal/ai/diff.go:116.33,118.3 1 3
github.com/mrz1836/go-broadcast/internal/ai/diff.go:120.2,123.35 3 1
github.com/mrz1836/go-broadcast/internal/ai/diff.go:123.35,127.54 2 1
github.com/mrz1836/go-broadcast/internal/ai/diff.go:127.54,129.9 2 1
github.com/mrz1836/go-broadcast/internal/ai/diff.go:132.3,133.18 2 0
github.com/mrz1836/go-broadcast/internal/ai/diff.go:136.2,136.92 1 1
github.com/mrz1836/go-broadcast/internal/ai/diff.go:141.73,149.29 5 6
github.com/mrz1836/go-broadcast/internal/ai/diff.go:149.29,150.17 1 14
github.com/mrz1836/go-broadcast/internal/ai/diff.go:151.12,153.26 2 1
github.com/mrz1836/go-broadcast/internal/ai/diff.go:154.12,155.28 1 2
github.com/mrz1836/go-broadcast/internal/ai/diff.go:156.12,157.26 1 2
github.com/mrz1836/go-broadcast/internal/ai/diff.go:162.2,162.23 1 6
github.com/mrz1836/go-broadcast/internal/ai/diff.go:168.74,178.2 3 5
github.com/mrz1836/go-broadcast/internal/ai/diff.go:181.59,191.2 3 2
github.com/mrz1836/go-broadcast/internal/ai/diff.go:194.71,204.2 3 2
github.com/mrz1836/go-broadcast/internal/ai/errors.go:40.65,41.16 1 2
github.com/mrz1836/go-broadcast/internal/ai/errors.go:41.16,43.3 1 1
github.com/mrz1836/go-broadcast/internal/ai/errors.go:44.2,44.87 1 1
github.com/mrz1836/go-broadcast/internal/ai/errors.go:53.65,54.16 1 2
github.com/mrz1836/go-broadcast/internal/ai/errors.go:54.16,56.3 1 1
github.com/mrz1836/go-broadcast/internal/ai/errors.go:57.2,57.87 1 1
github.com/mrz1836/go-broadcast/internal/ai/errors.go:66.46,68.2 1 15
github.com/mrz1836/go-broadcast/internal/ai/errors.go:76.56,78.2 1 2
github.com/mrz1836/go-broadcast/internal/ai/errors.go:87.75,88.16 1 0
github.com/mrz1836/go-broadcast/internal/ai/errors.go:88.16,90.3 1 0
github.com/mrz1836/go-broadcast/internal/ai/errors.go:91.2,92.63 1 0
github.com/mrz1836/go-broadcast/internal/ai/factory.go:12.92,14.18 1 9
github.com/mrz1836/go-broadcast/internal/ai/factory.go:14.18,16.3 1 3
github.com/mrz1836/go-broadcast/internal/ai/factory.go:18.2,18.22 1 6
github.com/mrz1836/go-broadcast/internal/ai/factory.go:18.22,20.3 1 3
github.com/mrz1836/go-broadcast/internal/ai/factory.go:23.2,23.22 1 3
github.com/mrz1836/go-broadcast/internal/ai/factory.go:24.57,24.57 0 0
github.com/mrz1836/go-broadcast/internal/ai/factory.go:26.10,27.37 1 3
github.com/mrz1836/go-broadcast/internal/ai/factory.go:31.2,31.44 1 0
github.com/mrz1836/go-broadcast/internal/ai/factory.go:36.86,39.2 2 3
github.com/mrz1836/go-broadcast/internal/ai/factory.go:43.87,45.16 2 3
github.com/mrz1836/go-broadcast/internal/ai/factory.go:45.16,46.13 1 3
github.com/mrz1836/go-broadcast/internal/ai/factory.go:48.2,48.17 1 0
github.com/mrz1836/go-broadcast/internal/ai/genkit.go:28.105,29.22 1 2
github.com/mrz1836/go-broadcast/internal/ai/genkit.go:29.22,31.3 1 1
github.com/mrz1836/go-broadcast/internal/ai/genkit.go:33.2,35.22 2 1
github.com/mrz1836/go-broadcast/internal/ai/genkit.go:36.25,37.39 1 0
github.com/mrz1836/go-broadcast/internal/ai/genkit.go:38.22,39.36 1 0
github.com/mrz1836/go-broadcast/internal/ai/genkit.go:40.22,41.36 1 0
github.com/mrz1836/go-broadcast/internal/ai/genkit.go:42.10,43.37 1 1
github.com/mrz1836/go-broadcast/internal/ai/genkit.go:46.2,51.8 1 0
github.com/mrz1836/go-broadcast/internal/ai/genkit.go:55.77,65.2 2 0
github.com/mrz1836/go-broadcast/internal/ai/genkit.go:68.74,78.2 2 0
github.com/mrz1836/go-broadcast/internal/ai/genkit.go:81.74,89.2 2 0
github.com/mrz1836/go-broadcast/internal/ai/genkit.go:92.39,94.17 2 7
github.com/mrz1836/go-broadcast/internal/ai/genkit.go:94.17,96.3 1 3
github.com/mrz1836/go-broadcast/internal/ai/genkit.go:99.2,99.22 1 7
github.com/mrz1836/go-broadcast/internal/ai/genkit.go:100.25,101.30 1 2
github.com/mrz1836/go-broadcast/internal/ai/genkit.go:102.22,103.27 1 2
github.com/mrz1836/go-broadcast/internal/ai/genkit.go:104.22,105.29 1 2
github.com/mrz1836/go-broadcast/internal/ai/genkit.go:106.10,107.15 1 1
github.com/mrz1836/go-broadcast/internal/ai/genkit.go:112.40,114.2 1 3
github.com/mrz1836/go-broadcast/internal/ai/genkit.go:126.109,127.17 1 1
github.com/mrz1836/go-broadcast/internal/ai/genkit.go:127.17,129.3 1 1
github.com/mrz1836/go-broadcast/internal/ai/genkit.go:131.2,149.12 5 0
github.com/mrz1836/go-broadcast/internal/ai/genkit.go:149.12,152.3 2 0
github.com/mrz1836/go-broadcast/internal/ai/genkit.go:155.2,155.9 1 0
github.com/mrz1836/go-broadcast/internal/ai/genkit.go:156.20,157.24 1 0
github.com/mrz1836/go-broadcast/internal/ai/genkit.go:158.23,159.19 1 0
github.com/mrz1836/go-broadcast/internal/ai/genkit.go:159.19,161.4 1 0
github.com/mrz1836/go-broadcast/internal/ai/genkit.go:163.3,164.20 2 0
github.com/mrz1836/go-broadcast/internal/ai/genkit.go:164.20,166.4 1 0
github.com/mrz1836/go-broadcast/internal/ai/genkit.go:168.3,173.9 1 0
github.com/mrz1836/go-broadcast/internal/ai/genkit.go:178.45,180.2 1 2
github.com/mrz1836/go-broadcast/internal/ai/genkit.go:183.54,184.38 1 1
github.com/mrz1836/go-broadcast/internal/ai/genkit.go:184.38,186.3 1 1
github.com/mrz1836/go-broadcast/internal/ai/genkit.go:187.2,187.31 1 0
github.com/mrz1836/go-broadcast/internal/ai/genkit.go:191.59,192.17 1 1
github.com/mrz1836/go-broadcast/internal/ai/genkit.go:192.17,194.3 1 1
github.com/mrz1836/go-broadcast/internal/ai/genkit.go:195.2,195.34 1 0
github.com/mrz1836/go-broadcast/internal/ai/genkit.go:200.40,205.2 2 1
github.com/mrz1836/go-broadcast/internal/ai/guidelines.go:39.47,43.16 3 2
github.com/mrz1836/go-broadcast/internal/ai/guidelines.go:43.16,46.3 1 2
github.com/mrz1836/go-broadcast/internal/ai/guidelines.go:48.2,48.23 1 0
github.com/mrz1836/go-broadcast/internal/ai/guidelines.go:48.23,50.3 1 0
github.com/mrz1836/go-broadcast/internal/ai/guidelines.go:52.2,52.24 1 0
github.com/mrz1836/go-broadcast/internal/ai/mock.go:21.38,24.2 2 2
github.com/mrz1836/go-broadcast/internal/ai/mock.go:27.107,30.2 2 22
github.com/mrz1836/go-broadcast/internal/ai/mock.go:33.43,36.2 2 25
github.com/mrz1836/go-broadcast/internal/ai/mock.go:39.38,41.2 1 28
github.com/mrz1836/go-broadcast/internal/ai/mock.go:44.69,47.2 2 10
github.com/mrz1836/go-broadcast/internal/ai/mock.go:50.61,53.2 2 10
github.com/mrz1836/go-broadcast/internal/ai/mock.go:56.95,59.2 2 6
github.com/mrz1836/go-broadcast/internal/ai/mock.go:62.99,65.2 2 2
github.com/mrz1836/go-broadcast/internal/ai/mock.go:73.17,74.30 1 1
github.com/mrz1836/go-broadcast/internal/ai/mock.go:74.30,76.3 1 2
github.com/mrz1836/go-broadcast/internal/ai/mock.go:77.2,77.10 1 1
github.com/mrz1836/go-broadcast/internal/ai/mock.go:83.51,93.2 5 2
github.com/mrz1836/go-broadcast/internal/ai/mock.go:96.41,101.2 4 2
github.com/mrz1836/go-broadcast/internal/ai/mock.go:104.44,110.2 5 2
github.com/mrz1836/go-broadcast/internal/ai/mock.go:114.60,126.2 5 1
github.com/mrz1836/go-broadcast/internal/ai/mock.go:129.37,135.2 5 1
github.com/mrz1836/go-broadcast/internal/ai/mock.go:138.43,148.2 5 1
github.com/mrz1836/go-broadcast/internal/ai/pr_generator.go:46.20,47.19 1 16
github.com/mrz1836/go-broadcast/internal/ai/pr_generator.go:47.19,49.3 1 15
github.com/mrz1836/go-broadcast/internal/ai/pr_generator.go:50.2,50.24 1 16
github.com/mrz1836/go-broadcast/internal/ai/pr_generator.go:50.24,52.3 1 15
github.com/mrz1836/go-broadcast/internal/ai/pr_generator.go:53.2,53.18 1 16
github.com/mrz1836/go-broadcast/internal/ai/pr_generator.go:53.18,55.3 1 1
github.com/mrz1836/go-broadcast/internal/ai/pr_generator.go:57.2,66.3 1 16
github.com/mrz1836/go-broadcast/internal/ai/pr_generator.go:74.95,76.18 1 12
github.com/mrz1836/go-broadcast/internal/ai/pr_generator.go:76.18,79.3 2 0
github.com/mrz1836/go-broadcast/internal/ai/pr_generator.go:82.2,82.52 1 12
github.com/mrz1836/go-broadcast/internal/ai/pr_generator.go:82.52,85.3 2 3
github.com/mrz1836/go-broadcast/internal/ai/pr_generator.go:88.2,88.65 1 9
github.com/mrz1836/go-broadcast/internal/ai/pr_generator.go:88.65,92.3 3 9
github.com/mrz1836/go-broadcast/internal/ai/pr_generator.go:95.2,96.22 2 9
github.com/mrz1836/go-broadcast/internal/ai/pr_generator.go:96.22,98.3 1 8
github.com/mrz1836/go-broadcast/internal/ai/pr_generator.go:101.2,111.20 2 9
github.com/mrz1836/go-broadcast/internal/ai/pr_generator.go:111.20,113.128 2 2
github.com/mrz1836/go-broadcast/internal/ai/pr_generator.go:113.128,115.4 1 1
github.com/mrz1836/go-broadcast/internal/ai/pr_generator.go:117.3,117.15 1 2
github.com/mrz1836/go-broadcast/internal/ai/pr_generator.go:117.15,119.4 1 1
github.com/mrz1836/go-broadcast/internal/ai/pr_generator.go:121.3,121.17 1 2
github.com/mrz1836/go-broadcast/internal/ai/pr_generator.go:121.17,123.47 1 1
github.com/mrz1836/go-broadcast/internal/ai/pr_generator.go:123.47,126.5 2 0
github.com/mrz1836/go-broadcast/internal/ai/pr_generator.go:127.4,128.53 2 1
github.com/mrz1836/go-broadcast/internal/ai/pr_generator.go:131.3,131.23 1 1
github.com/mrz1836/go-broadcast/internal/ai/pr_generator.go:135.2,137.16 3 7
github.com/mrz1836/go-broadcast/internal/ai/pr_generator.go:137.16,139.46 1 3
github.com/mrz1836/go-broadcast/internal/ai/pr_generator.go:139.46,142.4 2 0
github.com/mrz1836/go-broadcast/internal/ai/pr_generator.go:143.3,144.52 2 3
github.com/mrz1836/go-broadcast/internal/ai/pr_generator.go:147.2,147.22 1 4
github.com/mrz1836/go-broadcast/internal/ai/pr_generator.go:151.97,154.116 2 8
github.com/mrz1836/go-broadcast/internal/ai/pr_generator.go:154.116,160.3 1 8
github.com/mrz1836/go-broadcast/internal/ai/pr_generator.go:161.2,161.16 1 8
github.com/mrz1836/go-broadcast/internal/ai/pr_generator.go:161.16,163.3 1 4
github.com/mrz1836/go-broadcast/internal/ai/pr_generator.go:166.2,167.21 2 4
github.com/mrz1836/go-broadcast/internal/ai/pr_generator.go:167.21,170.3 2 0
github.com/mrz1836/go-broadcast/internal/ai/pr_generator.go:172.2,172.23 1 4
github.com/mrz1836/go-broadcast/internal/ai/pr_generator.go:176.69,177.18 1 8
github.com/mrz1836/go-broadcast/internal/ai/pr_generator.go:177.18,179.3 1 1
github.com/mrz1836/go-broadcast/internal/ai/pr_generator.go:180.2,180.86 1 7
github.com/mrz1836/go-broadcast/internal/ai/pr_generator.go:184.95,206.2 1 11
github.com/mrz1836/go-broadcast/internal/ai/pr_prompt.go:97.43,98.29 1 28
github.com/mrz1836/go-broadcast/internal/ai/pr_prompt.go:98.29,100.3 1 1
github.com/mrz1836/go-broadcast/internal/ai/pr_prompt.go:101.2,101.21 1 28
github.com/mrz1836/go-broadcast/internal/ai/pr_prompt.go:106.43,107.16 1 28
github.com/mrz1836/go-broadcast/internal/ai/pr_prompt.go:107.16,109.3 1 2
github.com/mrz1836/go-broadcast/internal/ai/pr_prompt.go:111.2,112.61 2 26
github.com/mrz1836/go-broadcast/internal/ai/pr_prompt.go:112.61,117.3 2 0
github.com/mrz1836/go-broadcast/internal/ai/pr_prompt.go:119.2,119.21 1 26
github.com/mrz1836/go-broadcast/internal/ai/pr_validator.go:11.41,13.16 2 29
github.com/mrz1836/go-broadcast/internal/ai/pr_validator.go:13.16,15.3 1 2
github.com/mrz1836/go-broadcast/internal/ai/pr_validator.go:18.2,18.35 1 27
github.com/mrz1836/go-broadcast/internal/ai/pr_validator.go:18.35,20.3 1 2
github.com/mrz1836/go-broadcast/internal/ai/pr_validator.go:23.2,25.40 3 25
github.com/mrz1836/go-broadcast/internal/ai/pr_validator.go:25.40,26.43 1 208
github.com/mrz1836/go-broadcast/internal/ai/pr_validator.go:26.43,28.4 1 7
github.com/mrz1836/go-broadcast/internal/ai/pr_validator.go:32.2,32.36 1 18
github.com/mrz1836/go-broadcast/internal/ai/pr_validator.go:32.36,34.3 1 2
github.com/mrz1836/go-broadcast/internal/ai/pr_validator.go:36.2,36.13 1 16
github.com/mrz1836/go-broadcast/internal/ai/provider.go:81.46,82.18 1 37
github.com/mrz1836/go-broadcast/internal/ai/provider.go:83.25,84.38 1 20
github.com/mrz1836/go-broadcast/internal/ai/provider.go:85.22,86.19 1 6
github.com/mrz1836/go-broadcast/internal/ai/provider.go:87.22,88.32 1 6
github.com/mrz1836/go-broadcast/internal/ai/provider.go:89.10,90.12 1 5
github.com/mrz1836/go-broadcast/internal/ai/retry.go:28.40,35.2 1 32
github.com/mrz1836/go-broadcast/internal/ai/retry.go:38.54,45.2 1 1
github.com/mrz1836/go-broadcast/internal/ai/retry.go:54.30,58.58 3 22
github.com/mrz1836/go-broadcast/internal/ai/retry.go:58.58,59.36 1 31
github.com/mrz1836/go-broadcast/internal/ai/retry.go:59.36,61.4 1 21
github.com/mrz1836/go-broadcast/internal/ai/retry.go:62.3,63.17 2 31
github.com/mrz1836/go-broadcast/internal/ai/retry.go:63.17,64.36 1 10
github.com/mrz1836/go-broadcast/internal/ai/retry.go:64.36,66.5 1 1
github.com/mrz1836/go-broadcast/internal/ai/retry.go:67.4,67.20 1 10
github.com/mrz1836/go-broadcast/internal/ai/retry.go:70.3,73.29 2 21
github.com/mrz1836/go-broadcast/internal/ai/retry.go:73.29,74.21 1 6
github.com/mrz1836/go-broadcast/internal/ai/retry.go:74.21,76.5 1 6
github.com/mrz1836/go-broadcast/internal/ai/retry.go:77.4,77.19 1 6
github.com/mrz1836/go-broadcast/internal/ai/retry.go:81.3,81.23 1 15
github.com/mrz1836/go-broadcast/internal/ai/retry.go:81.23,83.4 1 3
github.com/mrz1836/go-broadcast/internal/ai/retry.go:86.3,86.33 1 12
github.com/mrz1836/go-broadcast/internal/ai/retry.go:86.33,87.9 1 3
github.com/mrz1836/go-broadcast/internal/ai/retry.go:90.3,90.20 1 9
github.com/mrz1836/go-broadcast/internal/ai/retry.go:90.20,97.4 1 9
github.com/mrz1836/go-broadcast/internal/ai/retry.go:101.3,102.10 2 9
github.com/mrz1836/go-broadcast/internal/ai/retry.go:103.21,105.25 2 0
github.com/mrz1836/go-broadcast/internal/ai/retry.go:106.18,106.18 0 9
github.com/mrz1836/go-broadcast/internal/ai/retry.go:110.3,111.27 2 9
github.com/mrz1836/go-broadcast/internal/ai/retry.go:111.27,113.4 1 3
github.com/mrz1836/go-broadcast/internal/ai/retry.go:116.2,117.28 1 3
github.com/mrz1836/go-broadcast/internal/ai/retry.go:121.39,122.16 1 49
github.com/mrz1836/go-broadcast/internal/ai/retry.go:122.16,124.3 1 1
github.com/mrz1836/go-broadcast/internal/ai/retry.go:126.2,129.35 2 48
github.com/mrz1836/go-broadcast/internal/ai/retry.go:129.35,131.3 1 0
github.com/mrz1836/go-broadcast/internal/ai/retry.go:134.2,136.49 1 48
github.com/mrz1836/go-broadcast/internal/ai/retry.go:136.49,138.3 1 7
github.com/mrz1836/go-broadcast/internal/ai/retry.go:141.2,145.53 1 41
github.com/mrz1836/go-broadcast/internal/ai/retry.go:145.53,147.3 1 7
github.com/mrz1836/go-broadcast/internal/ai/retry.go:150.2,151.49 1 34
github.com/mrz1836/go-broadcast/internal/ai/retry.go:151.49,153.3 1 17
github.com/mrz1836/go-broadcast/internal/ai/retry.go:156.2,159.35 1 17
github.com/mrz1836/go-broadcast/internal/ai/retry.go:159.35,161.3 1 4
github.com/mrz1836/go-broadcast/internal/ai/retry.go:164.2,165.40 1 13
github.com/mrz1836/go-broadcast/internal/ai/retry.go:165.40,167.3 1 2
github.com/mrz1836/go-broadcast/internal/ai/retry.go:169.2,169.14 1 11
github.com/mrz1836/go-broadcast/internal/ai/retry.go:173.39,175.2 1 28
github.com/mrz1836/go-broadcast/internal/ai/retry.go:179.48,195.44 2 48
github.com/mrz1836/go-broadcast/internal/ai/retry.go:195.44,196.42 1 576
github.com/mrz1836/go-broadcast/internal/ai/retry.go:196.42,198.4 1 0
github.com/mrz1836/go-broadcast/internal/ai/retry.go:200.2,200.14 1 48
github.com/mrz1836/go-broadcast/internal/ai/retry.go:204.44,205.16 1 0
github.com/mrz1836/go-broadcast/internal/ai/retry.go:205.16,207.3 1 0
github.com/mrz1836/go-broadcast/internal/ai/retry.go:208.2,208.60 1 0
github.com/mrz1836/go-broadcast/internal/cache/ttl_cache.go:57.60,59.14 1 18
github.com/mrz1836/go-broadcast/internal/cache/ttl_cache.go:59.14,61.3 1 2
github.com/mrz1836/go-broadcast/internal/cache/ttl_cache.go:64.2,64.18 1 18
github.com/mrz1836/go-broadcast/internal/cache/ttl_cache.go:64.18,66.3 1 2
github.com/mrz1836/go-broadcast/internal/cache/ttl_cache.go:69.2,70.42 2 18
github.com/mrz1836/go-broadcast/internal/cache/ttl_cache.go:70.42,72.3 1 1
github.com/mrz1836/go-broadcast/internal/cache/ttl_cache.go:74.2,85.14 3 18
github.com/mrz1836/go-broadcast/internal/cache/ttl_cache.go:89.56,94.13 4 832
github.com/mrz1836/go-broadcast/internal/cache/ttl_cache.go:94.13,97.3 2 567
github.com/mrz1836/go-broadcast/internal/cache/ttl_cache.go:99.2,99.39 1 265
github.com/mrz1836/go-broadcast/internal/cache/ttl_cache.go:99.39,102.3 2 0
github.com/mrz1836/go-broadcast/internal/cache/ttl_cache.go:104.2,105.26 2 265
github.com/mrz1836/go-broadcast/internal/cache/ttl_cache.go:109.55,114.31 3 628
github.com/mrz1836/go-broadcast/internal/cache/ttl_cache.go:114.31,116.3 1 1
github.com/mrz1836/go-broadcast/internal/cache/ttl_cache.go:118.2,121.3 1 628
github.com/mrz1836/go-broadcast/internal/cache/ttl_cache.go:129.99,131.31 1 303
github.com/mrz1836/go-broadcast/internal/cache/ttl_cache.go:131.31,133.3 1 1
github.com/mrz1836/go-broadcast/internal/cache/ttl_cache.go:136.2,136.61 1 302
github.com/mrz1836/go-broadcast/internal/cache/ttl_cache.go:136.61,139.32 1 253
github.com/mrz1836/go-broadcast/internal/cache/ttl_cache.go:139.32,141.4 1 0
github.com/mrz1836/go-broadcast/internal/cache/ttl_cache.go:144.3,145.17 2 253
github.com/mrz1836/go-broadcast/internal/cache/ttl_cache.go:145.17,147.4 1 1
github.com/mrz1836/go-broadcast/internal/cache/ttl_cache.go:150.3,151.18 2 252
github.com/mrz1836/go-broadcast/internal/cache/ttl_cache.go:154.2,154.17 1 302
github.com/mrz1836/go-broadcast/internal/cache/ttl_cache.go:158.39,163.2 3 251
github.com/mrz1836/go-broadcast/internal/cache/ttl_cache.go:166.28,173.2 5 1
github.com/mrz1836/go-broadcast/internal/cache/ttl_cache.go:179.76,188.15 7 3
github.com/mrz1836/go-broadcast/internal/cache/ttl_cache.go:188.15,190.3 1 2
github.com/mrz1836/go-broadcast/internal/cache/ttl_cache.go:192.2,192.36 1 3
github.com/mrz1836/go-broadcast/internal/cache/ttl_cache.go:196.31,200.2 3 7
github.com/mrz1836/go-broadcast/internal/cache/ttl_cache.go:203.28,204.19 1 28
github.com/mrz1836/go-broadcast/internal/cache/ttl_cache.go:204.19,206.3 1 18
github.com/mrz1836/go-broadcast/internal/cache/ttl_cache.go:210.30,214.6 3 18
github.com/mrz1836/go-broadcast/internal/cache/ttl_cache.go:214.6,215.10 1 48
github.com/mrz1836/go-broadcast/internal/cache/ttl_cache.go:216.19,219.36 3 30
github.com/mrz1836/go-broadcast/internal/cache/ttl_cache.go:219.36,220.35 1 19
github.com/mrz1836/go-broadcast/internal/cache/ttl_cache.go:220.35,222.6 1 10
github.com/mrz1836/go-broadcast/internal/cache/ttl_cache.go:224.4,224.17 1 30
github.com/mrz1836/go-broadcast/internal/cache/ttl_cache.go:225.24,226.10 1 18
github.com/mrz1836/go-broadcast/internal/cache/ttl_cache.go:235.34,239.34 2 1
github.com/mrz1836/go-broadcast/internal/cache/ttl_cache.go:239.34,240.33 1 3
github.com/mrz1836/go-broadcast/internal/cache/ttl_cache.go:240.33,243.4 2 0
github.com/mrz1836/go-broadcast/internal/cache/ttl_cache.go:247.2,250.34 3 1
github.com/mrz1836/go-broadcast/internal/cache/ttl_cache.go:250.34,251.64 1 3
github.com/mrz1836/go-broadcast/internal/cache/ttl_cache.go:251.64,254.4 2 1
github.com/mrz1836/go-broadcast/internal/cache/ttl_cache.go:257.2,257.21 1 1
github.com/mrz1836/go-broadcast/internal/cache/ttl_cache.go:257.21,259.3 1 1
github.com/mrz1836/go-broadcast/internal/benchmark/fixtures.go:34.49,36.21 1 5
github.com/mrz1836/go-broadcast/internal/benchmark/fixtures.go:36.21,38.3 1 1
github.com/mrz1836/go-broadcast/internal/benchmark/fixtures.go:40.2,50.35 3 5
github.com/mrz1836/go-broadcast/internal/benchmark/fixtures.go:50.35,65.3 1 5
github.com/mrz1836/go-broadcast/internal/benchmark/fixtures.go:67.2,67.20 1 5
github.com/mrz1836/go-broadcast/internal/benchmark/fixtures.go:71.49,73.19 1 1005
github.com/mrz1836/go-broadcast/internal/benchmark/fixtures.go:73.19,75.3 1 1
github.com/mrz1836/go-broadcast/internal/benchmark/fixtures.go:77.2,80.33 3 1005
github.com/mrz1836/go-broadcast/internal/benchmark/fixtures.go:80.33,81.12 1 5005
github.com/mrz1836/go-broadcast/internal/benchmark/fixtures.go:81.12,83.4 1 4002
github.com/mrz1836/go-broadcast/internal/benchmark/fixtures.go:84.3,92.51 1 5005
github.com/mrz1836/go-broadcast/internal/benchmark/fixtures.go:95.2,96.20 2 1005
github.com/mrz1836/go-broadcast/internal/benchmark/fixtures.go:100.45,102.14 1 4
github.com/mrz1836/go-broadcast/internal/benchmark/fixtures.go:102.14,104.3 1 1
github.com/mrz1836/go-broadcast/internal/benchmark/fixtures.go:106.2,107.25 2 4
github.com/mrz1836/go-broadcast/internal/benchmark/fixtures.go:107.25,109.3 1 110
github.com/mrz1836/go-broadcast/internal/benchmark/fixtures.go:112.2,115.36 3 4
github.com/mrz1836/go-broadcast/internal/benchmark/fixtures.go:115.36,117.3 1 148
github.com/mrz1836/go-broadcast/internal/benchmark/fixtures.go:119.2,119.24 1 4
github.com/mrz1836/go-broadcast/internal/benchmark/fixtures.go:123.62,125.15 1 4
github.com/mrz1836/go-broadcast/internal/benchmark/fixtures.go:125.15,127.3 1 1
github.com/mrz1836/go-broadcast/internal/benchmark/fixtures.go:129.2,138.29 3 4
github.com/mrz1836/go-broadcast/internal/benchmark/fixtures.go:138.29,142.28 3 10
github.com/mrz1836/go-broadcast/internal/benchmark/fixtures.go:143.10,144.63 1 2
github.com/mrz1836/go-broadcast/internal/benchmark/fixtures.go:145.10,146.59 1 2
github.com/mrz1836/go-broadcast/internal/benchmark/fixtures.go:147.10,148.40 1 2
github.com/mrz1836/go-broadcast/internal/benchmark/fixtures.go:149.10,150.38 1 2
github.com/mrz1836/go-broadcast/internal/benchmark/fixtures.go:151.11,152.19 1 2
github.com/mrz1836/go-broadcast/internal/benchmark/fixtures.go:156.3,156.29 1 10
github.com/mrz1836/go-broadcast/internal/benchmark/fixtures.go:156.29,158.4 1 1
github.com/mrz1836/go-broadcast/internal/benchmark/fixtures.go:160.3,160.21 1 10
github.com/mrz1836/go-broadcast/internal/benchmark/fixtures.go:163.2,163.16 1 4
github.com/mrz1836/go-broadcast/internal/benchmark/fixtures.go:167.58,169.19 1 1005
github.com/mrz1836/go-broadcast/internal/benchmark/fixtures.go:169.19,171.3 1 1
github.com/mrz1836/go-broadcast/internal/benchmark/fixtures.go:172.2,172.22 1 1005
github.com/mrz1836/go-broadcast/internal/benchmark/fixtures.go:172.22,174.3 1 1
github.com/mrz1836/go-broadcast/internal/benchmark/fixtures.go:176.2,178.33 2 1005
github.com/mrz1836/go-broadcast/internal/benchmark/fixtures.go:178.33,186.37 7 3005
github.com/mrz1836/go-broadcast/internal/benchmark/fixtures.go:186.37,187.16 1 15018
github.com/mrz1836/go-broadcast/internal/benchmark/fixtures.go:187.16,190.5 2 6007
github.com/mrz1836/go-broadcast/internal/benchmark/fixtures.go:190.10,192.5 1 9011
github.com/mrz1836/go-broadcast/internal/benchmark/fixtures.go:194.3,194.24 1 3005
github.com/mrz1836/go-broadcast/internal/benchmark/fixtures.go:197.2,197.21 1 1005
github.com/mrz1836/go-broadcast/internal/benchmark/fixtures.go:201.51,203.15 1 5
github.com/mrz1836/go-broadcast/internal/benchmark/fixtures.go:203.15,205.3 1 1
github.com/mrz1836/go-broadcast/internal/benchmark/fixtures.go:207.2,209.29 2 5
github.com/mrz1836/go-broadcast/internal/benchmark/fixtures.go:209.29,213.34 3 7
github.com/mrz1836/go-broadcast/internal/benchmark/fixtures.go:213.34,219.4 1 31
github.com/mrz1836/go-broadcast/internal/benchmark/fixtures.go:221.3,225.4 1 7
github.com/mrz1836/go-broadcast/internal/benchmark/fixtures.go:228.2,228.14 1 5
github.com/mrz1836/go-broadcast/internal/benchmark/fixtures.go:233.27,237.19 4 26020
github.com/mrz1836/go-broadcast/internal/benchmark/fixtures.go:237.19,239.3 1 1040800
github.com/mrz1836/go-broadcast/internal/benchmark/fixtures.go:240.2,241.18 2 26020
github.com/mrz1836/go-broadcast/internal/benchmark/fixtures.go:244.29,248.19 4 10001
github.com/mrz1836/go-broadcast/internal/benchmark/fixtures.go:248.19,250.3 1 200020
github.com/mrz1836/go-broadcast/internal/benchmark/fixtures.go:251.2,252.18 2 10001
github.com/mrz1836/go-broadcast/internal/benchmark/fixtures.go:255.44,256.9 1 7
github.com/mrz1836/go-broadcast/internal/benchmark/fixtures.go:257.22,258.17 1 5
github.com/mrz1836/go-broadcast/internal/benchmark/fixtures.go:259.23,260.18 1 2
github.com/mrz1836/go-broadcast/internal/benchmark/fixtures.go:261.23,262.17 1 0
github.com/mrz1836/go-broadcast/internal/benchmark/fixtures.go:263.10,264.18 1 0
github.com/mrz1836/go-broadcast/internal/benchmark/helpers.go:31.48,41.2 7 3
github.com/mrz1836/go-broadcast/internal/benchmark/helpers.go:44.52,46.28 2 3
github.com/mrz1836/go-broadcast/internal/benchmark/helpers.go:46.28,52.3 5 3
github.com/mrz1836/go-broadcast/internal/benchmark/helpers.go:56.43,64.34 2 7
github.com/mrz1836/go-broadcast/internal/benchmark/helpers.go:64.34,66.23 2 6
github.com/mrz1836/go-broadcast/internal/benchmark/helpers.go:66.23,68.4 1 11639808
github.com/mrz1836/go-broadcast/internal/benchmark/helpers.go:69.3,69.14 1 6
github.com/mrz1836/go-broadcast/internal/benchmark/helpers.go:71.2,71.12 1 1
github.com/mrz1836/go-broadcast/internal/benchmark/helpers.go:75.54,100.2 14 3
github.com/mrz1836/go-broadcast/internal/benchmark/helpers.go:104.66,114.27 8 1
github.com/mrz1836/go-broadcast/internal/benchmark/helpers.go:114.27,116.3 1 1
github.com/mrz1836/go-broadcast/internal/benchmark/helpers.go:117.2,125.13 6 1
github.com/mrz1836/go-broadcast/internal/benchmark/helpers.go:125.13,128.3 2 1
github.com/mrz1836/go-broadcast/internal/benchmark/helpers.go:132.42,135.2 2 1
github.com/mrz1836/go-broadcast/internal/benchmark/helpers.go:148.3,158.2 1 1
github.com/mrz1836/go-broadcast/internal/benchmark/helpers.go:161.29,167.2 1 1
github.com/mrz1836/go-broadcast/internal/benchmark/helpers.go:170.72,174.15 2 3
github.com/mrz1836/go-broadcast/internal/benchmark/helpers.go:174.15,176.3 1 0
github.com/mrz1836/go-broadcast/internal/benchmark/helpers.go:177.2,177.15 1 3
github.com/mrz1836/go-broadcast/internal/benchmark/helpers.go:177.15,179.3 1 0
github.com/mrz1836/go-broadcast/internal/benchmark/helpers.go:181.2,182.29 2 3
github.com/mrz1836/go-broadcast/internal/benchmark/helpers.go:182.29,188.17 5 6
github.com/mrz1836/go-broadcast/internal/benchmark/helpers.go:188.17,190.4 1 0
github.com/mrz1836/go-broadcast/internal/benchmark/helpers.go:191.3,191.22 1 6
github.com/mrz1836/go-broadcast/internal/benchmark/helpers.go:193.2,193.14 1 3
github.com/mrz1836/go-broadcast/internal/benchmark/helpers.go:197.50,202.27 4 3
github.com/mrz1836/go-broadcast/internal/benchmark/helpers.go:202.27,204.3 1 9
github.com/mrz1836/go-broadcast/internal/benchmark/helpers.go:206.2,206.15 1 3
github.com/mrz1836/go-broadcast/internal/benchmark/helpers.go:210.46,213.2 2 1
github.com/mrz1836/go-broadcast/internal/benchmark/reporter.go:57.65,59.20 1 3
github.com/mrz1836/go-broadcast/internal/benchmark/reporter.go:59.20,61.3 1 1
github.com/mrz1836/go-broadcast/internal/benchmark/reporter.go:64.2,65.16 2 2
github.com/mrz1836/go-broadcast/internal/benchmark/reporter.go:65.16,67.3 1 0
github.com/mrz1836/go-broadcast/internal/benchmark/reporter.go:68.2,70.60 2 2
github.com/mrz1836/go-broadcast/internal/benchmark/reporter.go:70.60,72.3 1 0
github.com/mrz1836/go-broadcast/internal/benchmark/reporter.go:74.2,74.12 1 2
github.com/mrz1836/go-broadcast/internal/benchmark/reporter.go:78.61,80.20 1 4
github.com/mrz1836/go-broadcast/internal/benchmark/reporter.go:80.20,82.3 1 1
github.com/mrz1836/go-broadcast/internal/benchmark/reporter.go:84.2,85.16 2 3
github.com/mrz1836/go-broadcast/internal/benchmark/reporter.go:85.16,87.3 1 1
github.com/mrz1836/go-broadcast/internal/benchmark/reporter.go:89.2,90.16 2 2
github.com/mrz1836/go-broadcast/internal/benchmark/reporter.go:90.16,92.3 1 1
github.com/mrz1836/go-broadcast/internal/benchmark/reporter.go:94.2,94.21 1 1
github.com/mrz1836/go-broadcast/internal/benchmark/reporter.go:98.73,106.2 1 2
github.com/mrz1836/go-broadcast/internal/benchmark/reporter.go:109.77,114.61 3 57
github.com/mrz1836/go-broadcast/internal/benchmark/reporter.go:114.61,124.3 1 3
github.com/mrz1836/go-broadcast/internal/benchmark/reporter.go:126.2,130.54 4 54
github.com/mrz1836/go-broadcast/internal/benchmark/reporter.go:130.54,132.14 2 105
github.com/mrz1836/go-broadcast/internal/benchmark/reporter.go:132.14,133.12 1 1
github.com/mrz1836/go-broadcast/internal/benchmark/reporter.go:137.3,142.22 3 104
github.com/mrz1836/go-broadcast/internal/benchmark/reporter.go:142.22,145.4 2 52
github.com/mrz1836/go-broadcast/internal/benchmark/reporter.go:145.9,145.29 1 52
github.com/mrz1836/go-broadcast/internal/benchmark/reporter.go:145.29,148.4 2 52
github.com/mrz1836/go-broadcast/internal/benchmark/reporter.go:150.3,150.23 1 104
github.com/mrz1836/go-broadcast/internal/benchmark/reporter.go:150.23,153.4 2 52
github.com/mrz1836/go-broadcast/internal/benchmark/reporter.go:153.9,153.30 1 52
github.com/mrz1836/go-broadcast/internal/benchmark/reporter.go:153.30,156.4 2 52
github.com/mrz1836/go-broadcast/internal/benchmark/reporter.go:158.3,160.17 3 104
github.com/mrz1836/go-broadcast/internal/benchmark/reporter.go:164.2,165.22 2 54
github.com/mrz1836/go-broadcast/internal/benchmark/reporter.go:165.22,168.3 2 53
github.com/mrz1836/go-broadcast/internal/benchmark/reporter.go:170.2,185.3 2 54
github.com/mrz1836/go-broadcast/internal/benchmark/reporter.go:189.61,213.38 14 55
github.com/mrz1836/go-broadcast/internal/benchmark/reporter.go:213.38,216.39 3 52
github.com/mrz1836/go-broadcast/internal/benchmark/reporter.go:216.39,219.4 1 52
github.com/mrz1836/go-broadcast/internal/benchmark/reporter.go:220.3,220.27 1 52
github.com/mrz1836/go-broadcast/internal/benchmark/reporter.go:224.2,224.37 1 55
github.com/mrz1836/go-broadcast/internal/benchmark/reporter.go:224.37,227.38 3 1
github.com/mrz1836/go-broadcast/internal/benchmark/reporter.go:227.38,229.4 1 1
github.com/mrz1836/go-broadcast/internal/benchmark/reporter.go:230.3,230.27 1 1
github.com/mrz1836/go-broadcast/internal/benchmark/reporter.go:234.2,236.56 3 55
github.com/mrz1836/go-broadcast/internal/benchmark/reporter.go:236.56,238.3 1 61
[...]
github.com/mrz1836/go-broadcast/internal/transform/regex_cache.go:267.53,269.4 1 5
github.com/mrz1836/go-broadcast/internal/transform/regex_cache.go:269.9,271.4 1 7
github.com/mrz1836/go-broadcast/internal/transform/regex_cache.go:274.2,274.25 1 5
github.com/mrz1836/go-broadcast/internal/transform/regex_cache.go:278.59,280.2 1 1
github.com/mrz1836/go-broadcast/internal/transform/repo.go:20.39,24.2 1 35
github.com/mrz1836/go-broadcast/internal/transform/repo.go:27.41,29.2 1 24
github.com/mrz1836/go-broadcast/internal/transform/repo.go:32.82,34.38 1 35
github.com/mrz1836/go-broadcast/internal/transform/repo.go:34.38,36.3 1 2
github.com/mrz1836/go-broadcast/internal/transform/repo.go:39.2,42.52 3 33
github.com/mrz1836/go-broadcast/internal/transform/repo.go:42.52,44.3 1 6
github.com/mrz1836/go-broadcast/internal/transform/repo.go:46.2,55.17 7 27
github.com/mrz1836/go-broadcast/internal/transform/repo.go:56.21,57.91 1 12
github.com/mrz1836/go-broadcast/internal/transform/repo.go:58.29,59.98 1 9
github.com/mrz1836/go-broadcast/internal/transform/repo.go:60.32,61.91 1 5
github.com/mrz1836/go-broadcast/internal/transform/repo.go:62.10,64.92 1 1
github.com/mrz1836/go-broadcast/internal/transform/repo.go:67.2,67.20 1 27
github.com/mrz1836/go-broadcast/internal/transform/repo.go:71.119,98.29 5 12
github.com/mrz1836/go-broadcast/internal/transform/repo.go:98.29,100.17 2 36
github.com/mrz1836/go-broadcast/internal/transform/repo.go:100.17,101.12 1 0
github.com/mrz1836/go-broadcast/internal/transform/repo.go:103.3,103.56 1 36
github.com/mrz1836/go-broadcast/internal/transform/repo.go:106.2,106.15 1 12
github.com/mrz1836/go-broadcast/internal/transform/repo.go:110.126,142.29 5 9
github.com/mrz1836/go-broadcast/internal/transform/repo.go:142.29,144.17 2 36
github.com/mrz1836/go-broadcast/internal/transform/repo.go:144.17,145.12 1 0
github.com/mrz1836/go-broadcast/internal/transform/repo.go:147.3,147.56 1 36
github.com/mrz1836/go-broadcast/internal/transform/repo.go:150.2,150.15 1 9
github.com/mrz1836/go-broadcast/internal/transform/repo.go:154.119,181.29 5 5
github.com/mrz1836/go-broadcast/internal/transform/repo.go:181.29,183.17 2 15
github.com/mrz1836/go-broadcast/internal/transform/repo.go:183.17,184.12 1 0
github.com/mrz1836/go-broadcast/internal/transform/repo.go:186.3,186.56 1 15
github.com/mrz1836/go-broadcast/internal/transform/repo.go:189.2,189.15 1 5
github.com/mrz1836/go-broadcast/internal/transform/repo.go:193.120,215.29 5 1
github.com/mrz1836/go-broadcast/internal/transform/repo.go:215.29,217.17 2 2
github.com/mrz1836/go-broadcast/internal/transform/repo.go:217.17,218.12 1 0
github.com/mrz1836/go-broadcast/internal/transform/repo.go:220.3,220.56 1 2
github.com/mrz1836/go-broadcast/internal/transform/repo.go:223.2,223.15 1 1
github.com/mrz1836/go-broadcast/internal/transform/string_builder.go:33.58,34.21 1 10
github.com/mrz1836/go-broadcast/internal/transform/string_builder.go:34.21,36.3 1 1
github.com/mrz1836/go-broadcast/internal/transform/string_builder.go:38.2,38.21 1 9
github.com/mrz1836/go-broadcast/internal/transform/string_builder.go:38.21,40.3 1 1
github.com/mrz1836/go-broadcast/internal/transform/string_builder.go:43.2,44.29 2 8
github.com/mrz1836/go-broadcast/internal/transform/string_builder.go:44.29,46.3 1 33
github.com/mrz1836/go-broadcast/internal/transform/string_builder.go:48.2,52.34 4 8
github.com/mrz1836/go-broadcast/internal/transform/string_builder.go:52.34,55.3 2 25
github.com/mrz1836/go-broadcast/internal/transform/string_builder.go:57.2,57.20 1 8
github.com/mrz1836/go-broadcast/internal/transform/string_builder.go:73.62,75.33 2 7
github.com/mrz1836/go-broadcast/internal/transform/string_builder.go:75.33,77.3 1 22
github.com/mrz1836/go-broadcast/internal/transform/string_builder.go:79.2,85.33 5 7
github.com/mrz1836/go-broadcast/internal/transform/string_builder.go:85.33,88.3 2 22
github.com/mrz1836/go-broadcast/internal/transform/string_builder.go:90.2,90.20 1 7
github.com/mrz1836/go-broadcast/internal/transform/string_builder.go:94.46,95.22 1 104
github.com/mrz1836/go-broadcast/internal/transform/string_builder.go:95.22,97.3 1 5
github.com/mrz1836/go-broadcast/internal/transform/string_builder.go:98.2,98.13 1 99
github.com/mrz1836/go-broadcast/internal/transform/string_builder.go:115.66,129.2 9 5
github.com/mrz1836/go-broadcast/internal/transform/string_builder.go:145.75,149.22 2 5
github.com/mrz1836/go-broadcast/internal/transform/string_builder.go:149.22,151.34 2 4
github.com/mrz1836/go-broadcast/internal/transform/string_builder.go:151.34,153.4 1 8
github.com/mrz1836/go-broadcast/internal/transform/string_builder.go:156.2,163.22 6 5
github.com/mrz1836/go-broadcast/internal/transform/string_builder.go:163.22,165.34 2 4
github.com/mrz1836/go-broadcast/internal/transform/string_builder.go:165.34,167.26 2 8
github.com/mrz1836/go-broadcast/internal/transform/string_builder.go:167.26,169.5 1 4
github.com/mrz1836/go-broadcast/internal/transform/string_builder.go:173.2,173.20 1 5
github.com/mrz1836/go-broadcast/internal/transform/string_builder.go:190.69,191.21 1 7
github.com/mrz1836/go-broadcast/internal/transform/string_builder.go:191.21,193.3 1 1
github.com/mrz1836/go-broadcast/internal/transform/string_builder.go:196.2,197.29 2 6
github.com/mrz1836/go-broadcast/internal/transform/string_builder.go:197.29,199.3 1 14
github.com/mrz1836/go-broadcast/internal/transform/string_builder.go:200.2,205.29 4 6
github.com/mrz1836/go-broadcast/internal/transform/string_builder.go:205.29,206.12 1 14
github.com/mrz1836/go-broadcast/internal/transform/string_builder.go:206.12,208.4 1 8
github.com/mrz1836/go-broadcast/internal/transform/string_builder.go:209.3,210.23 2 14
github.com/mrz1836/go-broadcast/internal/transform/string_builder.go:213.2,213.20 1 6
github.com/mrz1836/go-broadcast/internal/transform/string_builder.go:231.86,232.21 1 16
github.com/mrz1836/go-broadcast/internal/transform/string_builder.go:232.21,234.3 1 1
github.com/mrz1836/go-broadcast/internal/transform/string_builder.go:237.2,240.25 3 15
github.com/mrz1836/go-broadcast/internal/transform/string_builder.go:240.25,243.3 2 49
github.com/mrz1836/go-broadcast/internal/transform/string_builder.go:244.2,250.27 5 15
github.com/mrz1836/go-broadcast/internal/transform/string_builder.go:250.27,251.12 1 49
github.com/mrz1836/go-broadcast/internal/transform/string_builder.go:251.12,253.4 1 34
github.com/mrz1836/go-broadcast/internal/transform/string_builder.go:254.3,256.50 3 49
github.com/mrz1836/go-broadcast/internal/transform/string_builder.go:259.2,259.20 1 15
github.com/mrz1836/go-broadcast/internal/transform/string_builder.go:283.92,285.86 1 5
github.com/mrz1836/go-broadcast/internal/transform/string_builder.go:285.86,286.33 1 5
github.com/mrz1836/go-broadcast/internal/transform/string_builder.go:286.33,288.4 1 1
github.com/mrz1836/go-broadcast/internal/transform/string_builder.go:289.3,289.27 1 4
github.com/mrz1836/go-broadcast/internal/transform/string_builder.go:310.74,311.22 1 15
github.com/mrz1836/go-broadcast/internal/transform/string_builder.go:311.22,313.3 1 1
github.com/mrz1836/go-broadcast/internal/transform/string_builder.go:316.2,317.26 2 14
github.com/mrz1836/go-broadcast/internal/transform/string_builder.go:317.26,319.3 1 48
github.com/mrz1836/go-broadcast/internal/transform/string_builder.go:320.2,324.33 3 14
github.com/mrz1836/go-broadcast/internal/transform/string_builder.go:324.33,326.3 1 48
github.com/mrz1836/go-broadcast/internal/transform/string_builder.go:328.2,334.27 5 14
github.com/mrz1836/go-broadcast/internal/transform/string_builder.go:334.27,335.12 1 48
github.com/mrz1836/go-broadcast/internal/transform/string_builder.go:335.12,337.4 1 34
github.com/mrz1836/go-broadcast/internal/transform/string_builder.go:338.3,340.30 3 48
github.com/mrz1836/go-broadcast/internal/transform/string_builder.go:343.2,343.20 1 14
github.com/mrz1836/go-broadcast/internal/transform/string_builder.go:360.72,377.2 11 7
github.com/mrz1836/go-broadcast/internal/transform/template.go:28.94,33.2 1 48
github.com/mrz1836/go-broadcast/internal/transform/template.go:36.45,38.2 1 18
github.com/mrz1836/go-broadcast/internal/transform/template.go:56.86,61.55 3 63
github.com/mrz1836/go-broadcast/internal/transform/template.go:61.55,72.46 2 3
github.com/mrz1836/go-broadcast/internal/transform/template.go:72.46,74.4 1 2
github.com/mrz1836/go-broadcast/internal/transform/template.go:77.3,77.29 1 3
github.com/mrz1836/go-broadcast/internal/transform/template.go:77.29,78.46 1 2
github.com/mrz1836/go-broadcast/internal/transform/template.go:78.46,83.5 1 2
github.com/mrz1836/go-broadcast/internal/transform/template.go:87.2,87.29 1 63
github.com/mrz1836/go-broadcast/internal/transform/template.go:87.29,89.56 1 4
github.com/mrz1836/go-broadcast/internal/transform/template.go:89.56,96.4 2 1
github.com/mrz1836/go-broadcast/internal/transform/template.go:97.3,97.22 1 4
github.com/mrz1836/go-broadcast/internal/transform/template.go:100.2,107.31 5 59
github.com/mrz1836/go-broadcast/internal/transform/template.go:107.31,109.3 1 96
github.com/mrz1836/go-broadcast/internal/transform/template.go:112.2,112.42 1 59
github.com/mrz1836/go-broadcast/internal/transform/template.go:112.42,114.3 1 65
github.com/mrz1836/go-broadcast/internal/transform/template.go:117.2,117.34 1 59
github.com/mrz1836/go-broadcast/internal/transform/template.go:117.34,129.36 5 96
github.com/mrz1836/go-broadcast/internal/transform/template.go:129.36,132.31 2 192
github.com/mrz1836/go-broadcast/internal/transform/template.go:132.31,137.5 3 90
github.com/mrz1836/go-broadcast/internal/transform/template.go:140.3,140.15 1 96
github.com/mrz1836/go-broadcast/internal/transform/template.go:140.15,145.57 3 89
github.com/mrz1836/go-broadcast/internal/transform/template.go:145.57,151.5 1 2
github.com/mrz1836/go-broadcast/internal/transform/template.go:156.2,159.27 3 59
github.com/mrz1836/go-broadcast/internal/transform/template.go:159.27,160.56 1 55
github.com/mrz1836/go-broadcast/internal/transform/template.go:160.56,174.45 2 2
github.com/mrz1836/go-broadcast/internal/transform/template.go:174.45,176.5 1 0
github.com/mrz1836/go-broadcast/internal/transform/template.go:177.9,185.4 1 53
github.com/mrz1836/go-broadcast/internal/transform/template.go:186.8,188.56 1 4
github.com/mrz1836/go-broadcast/internal/transform/template.go:188.56,194.4 1 0
github.com/mrz1836/go-broadcast/internal/transform/template.go:198.2,199.28 2 59
github.com/mrz1836/go-broadcast/internal/transform/template.go:199.28,200.56 1 8
github.com/mrz1836/go-broadcast/internal/transform/template.go:200.56,209.4 1 0
github.com/mrz1836/go-broadcast/internal/transform/template.go:209.9,218.4 1 8
github.com/mrz1836/go-broadcast/internal/transform/template.go:221.2,221.28 1 59
github.com/mrz1836/go-broadcast/internal/transform/template.go:225.80,231.16 4 70
github.com/mrz1836/go-broadcast/internal/transform/template.go:231.16,233.34 2 70
github.com/mrz1836/go-broadcast/internal/transform/template.go:233.34,234.22 1 20
github.com/mrz1836/go-broadcast/internal/transform/template.go:234.22,236.5 1 20
github.com/mrz1836/go-broadcast/internal/transform/template.go:241.2,242.16 2 70
github.com/mrz1836/go-broadcast/internal/transform/template.go:242.16,244.34 2 70
github.com/mrz1836/go-broadcast/internal/transform/template.go:244.34,245.22 1 5
github.com/mrz1836/go-broadcast/internal/transform/template.go:245.22,247.5 1 5
github.com/mrz1836/go-broadcast/internal/transform/template.go:252.2,253.22 2 70
github.com/mrz1836/go-broadcast/internal/transform/template.go:253.22,255.3 1 23
github.com/mrz1836/go-broadcast/internal/transform/template.go:257.2,257.15 1 70
github.com/mrz1836/go-broadcast/test/helpers/auth.go:11.30,12.53 1 14
github.com/mrz1836/go-broadcast/test/helpers/auth.go:12.53,14.3 1 6
github.com/mrz1836/go-broadcast/test/helpers/auth.go:15.2,15.34 1 8
github.com/mrz1836/go-broadcast/test/helpers/auth.go:20.39,22.28 2 2
github.com/mrz1836/go-broadcast/test/helpers/auth.go:22.28,24.3 1 1
github.com/mrz1836/go-broadcast/test/helpers/git.go:12.32,14.48 2 6
github.com/mrz1836/go-broadcast/test/helpers/git.go:14.48,16.3 1 0
github.com/mrz1836/go-broadcast/test/helpers/git.go:20.54,25.34 4 21
github.com/mrz1836/go-broadcast/test/helpers/git.go:25.34,27.3 1 2
github.com/mrz1836/go-broadcast/test/helpers/git.go:30.2,32.34 3 19
github.com/mrz1836/go-broadcast/test/helpers/git.go:32.34,34.3 1 0
github.com/mrz1836/go-broadcast/test/helpers/git.go:36.2,38.34 3 19
github.com/mrz1836/go-broadcast/test/helpers/git.go:38.34,40.3 1 0
github.com/mrz1836/go-broadcast/test/helpers/git.go:43.2,45.18 3 19
github.com/mrz1836/go-broadcast/test/helpers/git.go:49.49,53.34 4 9
github.com/mrz1836/go-broadcast/test/helpers/git.go:53.34,55.3 1 2
github.com/mrz1836/go-broadcast/test/helpers/git.go:57.2,59.18 3 7
github.com/mrz1836/go-broadcast/test/helpers/git.go:63.50,68.16 5 12
github.com/mrz1836/go-broadcast/test/helpers/git.go:68.16,70.3 1 3
github.com/mrz1836/go-broadcast/test/helpers/git.go:71.2,71.47 1 9
github.com/mrz1836/go-broadcast/test/helpers/git.go:75.49,80.2 4 13
github.com/mrz1836/go-broadcast/test/helpers/git.go:83.48,85.16 2 8
github.com/mrz1836/go-broadcast/test/helpers/git.go:85.16,87.3 1 4
github.com/mrz1836/go-broadcast/test/helpers/git.go:88.2,88.24 1 4
github.com/mrz1836/go-broadcast/test/helpers/git.go:88.24,90.3 1 3
github.com/mrz1836/go-broadcast/test/helpers/git.go:91.2,91.19 1 1
github.com/mrz1836/go-broadcast/test/fixtures/generator.go:26.62,30.2 1 13
github.com/mrz1836/go-broadcast/test/fixtures/generator.go:103.118,108.16 3 31
github.com/mrz1836/go-broadcast/test/fixtures/generator.go:108.16,110.3 1 0
github.com/mrz1836/go-broadcast/test/fixtures/generator.go:113.2,116.35 3 31
github.com/mrz1836/go-broadcast/test/fixtures/generator.go:116.35,126.17 7 108
github.com/mrz1836/go-broadcast/test/fixtures/generator.go:126.17,128.4 1 0
github.com/mrz1836/go-broadcast/test/fixtures/generator.go:130.3,131.17 2 108
github.com/mrz1836/go-broadcast/test/fixtures/generator.go:131.17,133.4 1 0
github.com/mrz1836/go-broadcast/test/fixtures/generator.go:136.2,144.8 1 31
github.com/mrz1836/go-broadcast/test/fixtures/generator.go:148.110,153.30 3 7
github.com/mrz1836/go-broadcast/test/fixtures/generator.go:153.30,155.3 1 315621376
github.com/mrz1836/go-broadcast/test/fixtures/generator.go:157.2,161.51 4 7
github.com/mrz1836/go-broadcast/test/fixtures/generator.go:165.96,191.16 3 7
github.com/mrz1836/go-broadcast/test/fixtures/generator.go:191.16,193.3 1 0
github.com/mrz1836/go-broadcast/test/fixtures/generator.go:195.2,196.18 2 7
github.com/mrz1836/go-broadcast/test/fixtures/generator.go:200.76,213.16 3 6
github.com/mrz1836/go-broadcast/test/fixtures/generator.go:213.16,215.3 1 0
github.com/mrz1836/go-broadcast/test/fixtures/generator.go:218.2,225.16 3 6
github.com/mrz1836/go-broadcast/test/fixtures/generator.go:225.16,227.3 1 0
github.com/mrz1836/go-broadcast/test/fixtures/generator.go:228.2,232.16 3 6
github.com/mrz1836/go-broadcast/test/fixtures/generator.go:232.16,234.3 1 0
github.com/mrz1836/go-broadcast/test/fixtures/generator.go:235.2,239.16 3 6
github.com/mrz1836/go-broadcast/test/fixtures/generator.go:239.16,241.3 1 0
github.com/mrz1836/go-broadcast/test/fixtures/generator.go:242.2,259.37 4 6
github.com/mrz1836/go-broadcast/test/fixtures/generator.go:259.37,264.13 3 18
github.com/mrz1836/go-broadcast/test/fixtures/generator.go:264.13,267.4 2 6
github.com/mrz1836/go-broadcast/test/fixtures/generator.go:269.3,274.4 1 18
github.com/mrz1836/go-broadcast/test/fixtures/generator.go:277.2,284.8 1 6
github.com/mrz1836/go-broadcast/test/fixtures/generator.go:288.83,290.16 2 1
github.com/mrz1836/go-broadcast/test/fixtures/generator.go:290.16,292.3 1 0
github.com/mrz1836/go-broadcast/test/fixtures/generator.go:294.2,298.46 3 1
github.com/mrz1836/go-broadcast/test/fixtures/generator.go:298.46,299.13 1 3
github.com/mrz1836/go-broadcast/test/fixtures/generator.go:299.13,301.4 1 1
github.com/mrz1836/go-broadcast/test/fixtures/generator.go:304.2,304.22 1 1
github.com/mrz1836/go-broadcast/test/fixtures/generator.go:308.83,310.16 2 1
github.com/mrz1836/go-broadcast/test/fixtures/generator.go:310.16,312.3 1 0
github.com/mrz1836/go-broadcast/test/fixtures/generator.go:314.2,317.22 3 1
github.com/mrz1836/go-broadcast/test/fixtures/generator.go:321.85,323.16 2 1
github.com/mrz1836/go-broadcast/test/fixtures/generator.go:323.16,325.3 1 0
github.com/mrz1836/go-broadcast/test/fixtures/generator.go:327.2,333.22 3 1
github.com/mrz1836/go-broadcast/test/fixtures/generator.go:346.82,347.34 1 19
github.com/mrz1836/go-broadcast/test/fixtures/generator.go:347.34,349.3 1 1
github.com/mrz1836/go-broadcast/test/fixtures/generator.go:352.2,352.29 1 18
github.com/mrz1836/go-broadcast/test/fixtures/generator.go:352.29,354.43 2 4
github.com/mrz1836/go-broadcast/test/fixtures/generator.go:354.43,355.40 1 7
github.com/mrz1836/go-broadcast/test/fixtures/generator.go:355.40,357.10 2 2
github.com/mrz1836/go-broadcast/test/fixtures/generator.go:360.3,360.13 1 4
github.com/mrz1836/go-broadcast/test/fixtures/generator.go:360.13,362.4 1 2
github.com/mrz1836/go-broadcast/test/fixtures/generator.go:366.2,366.24 1 16
github.com/mrz1836/go-broadcast/test/fixtures/generator.go:366.24,369.3 2 4
github.com/mrz1836/go-broadcast/test/fixtures/generator.go:372.2,372.23 1 12
github.com/mrz1836/go-broadcast/test/fixtures/generator.go:372.23,374.3 1 10
github.com/mrz1836/go-broadcast/test/fixtures/generator.go:376.2,376.14 1 2
github.com/mrz1836/go-broadcast/test/fixtures/generator.go:380.71,381.23 1 7
github.com/mrz1836/go-broadcast/test/fixtures/generator.go:382.22,383.66 1 1
github.com/mrz1836/go-broadcast/test/fixtures/generator.go:384.19,385.69 1 1
github.com/mrz1836/go-broadcast/test/fixtures/generator.go:386.24,387.66 1 1
github.com/mrz1836/go-broadcast/test/fixtures/generator.go:388.22,389.66 1 1
github.com/mrz1836/go-broadcast/test/fixtures/generator.go:390.25,391.66 1 1
github.com/mrz1836/go-broadcast/test/fixtures/generator.go:392.22,393.76 1 1
github.com/mrz1836/go-broadcast/test/fixtures/generator.go:394.10,395.66 1 1
github.com/mrz1836/go-broadcast/test/fixtures/generator.go:400.45,401.21 1 2
github.com/mrz1836/go-broadcast/test/fixtures/generator.go:401.21,403.3 1 1
github.com/mrz1836/go-broadcast/test/fixtures/generator.go:404.2,404.12 1 1
github.com/mrz1836/go-broadcast/test/fixtures/generator.go:408.33,411.16 3 51
github.com/mrz1836/go-broadcast/test/fixtures/generator.go:411.16,414.3 1 0
github.com/mrz1836/go-broadcast/test/fixtures/generator.go:415.2,415.33 1 51
github.com/mrz1836/go-broadcast/test/fixtures/generator.go:420.127,424.2 1 6
github.com/mrz1836/go-broadcast/test/fixtures/generator.go:427.132,430.35 2 6
github.com/mrz1836/go-broadcast/test/fixtures/generator.go:430.35,444.20 2 18
github.com/mrz1836/go-broadcast/test/fixtures/generator.go:445.20,448.6 1 6
github.com/mrz1836/go-broadcast/test/fixtures/generator.go:449.20,453.5 1 6
github.com/mrz1836/go-broadcast/test/fixtures/generator.go:456.3,456.36 1 18
github.com/mrz1836/go-broadcast/test/fixtures/generator.go:459.2,476.3 1 6
github.com/mrz1836/go-broadcast/test/fixtures/generator.go:480.134,483.35 2 0
github.com/mrz1836/go-broadcast/test/fixtures/generator.go:483.35,497.20 2 0
github.com/mrz1836/go-broadcast/test/fixtures/generator.go:498.20,501.6 1 0
github.com/mrz1836/go-broadcast/test/fixtures/generator.go:502.20,506.5 1 0
github.com/mrz1836/go-broadcast/test/fixtures/generator.go:509.3,509.36 1 0
github.com/mrz1836/go-broadcast/test/fixtures/generator.go:512.2,531.3 1 0
github.com/mrz1836/go-broadcast/test/fixtures/generator.go:535.28,537.2 1 0
github.com/mrz1836/go-broadcast/test/fixtures/generator.go:541.37,562.2 1 14
github.com/mrz1836/go-broadcast/test/fixtures/generator.go:564.42,583.2 1 7
github.com/mrz1836/go-broadcast/test/fixtures/generator.go:585.35,600.2 1 7
github.com/mrz1836/go-broadcast/test/fixtures/generator.go:602.40,621.2 1 7
github.com/mrz1836/go-broadcast/test/fixtures/generator.go:623.38,638.2 1 7
