mode: atomic
github.com/mrz1836/go-broadcast/cmd/generate-corpus/main.go:16.13,18.34 2 0
github.com/mrz1836/go-broadcast/cmd/generate-corpus/main.go:18.34,20.3 1 0
github.com/mrz1836/go-broadcast/cmd/generate-corpus/main.go:55.51,57.2 1 2
github.com/mrz1836/go-broadcast/cmd/generate-corpus/main.go:59.65,61.2 1 2
github.com/mrz1836/go-broadcast/cmd/generate-corpus/main.go:63.65,65.2 1 0
github.com/mrz1836/go-broadcast/cmd/generate-corpus/main.go:70.68,72.2 1 4
github.com/mrz1836/go-broadcast/cmd/generate-corpus/main.go:77.92,79.2 1 4
github.com/mrz1836/go-broadcast/cmd/generate-corpus/main.go:88.61,90.2 1 2
github.com/mrz1836/go-broadcast/cmd/generate-corpus/main.go:93.48,99.2 1 15
github.com/mrz1836/go-broadcast/cmd/generate-corpus/main.go:102.147,108.2 1 16
github.com/mrz1836/go-broadcast/cmd/generate-corpus/main.go:111.43,118.64 3 14
github.com/mrz1836/go-broadcast/cmd/generate-corpus/main.go:118.64,120.3 1 1
github.com/mrz1836/go-broadcast/cmd/generate-corpus/main.go:120.8,120.23 1 13
github.com/mrz1836/go-broadcast/cmd/generate-corpus/main.go:120.23,122.3 1 4
github.com/mrz1836/go-broadcast/cmd/generate-corpus/main.go:124.2,127.42 3 9
github.com/mrz1836/go-broadcast/cmd/generate-corpus/main.go:127.42,129.3 1 5
github.com/mrz1836/go-broadcast/cmd/generate-corpus/main.go:131.2,134.12 3 4
github.com/mrz1836/go-broadcast/cmd/run-benchmarks/main.go:24.13,31.22 6 0
github.com/mrz1836/go-broadcast/cmd/run-benchmarks/main.go:31.22,33.3 1 0
github.com/mrz1836/go-broadcast/cmd/run-benchmarks/main.go:35.2,39.54 3 0
github.com/mrz1836/go-broadcast/cmd/run-benchmarks/main.go:39.54,42.3 2 0
github.com/mrz1836/go-broadcast/cmd/run-benchmarks/main.go:44.2,49.25 5 0
github.com/mrz1836/go-broadcast/cmd/run-benchmarks/main.go:49.25,52.3 2 0
github.com/mrz1836/go-broadcast/cmd/run-benchmarks/main.go:52.8,55.3 2 0
github.com/mrz1836/go-broadcast/cmd/run-benchmarks/main.go:58.2,112.35 3 0
github.com/mrz1836/go-broadcast/cmd/run-benchmarks/main.go:112.35,123.39 3 0
github.com/mrz1836/go-broadcast/cmd/run-benchmarks/main.go:123.39,128.4 4 0
github.com/mrz1836/go-broadcast/cmd/run-benchmarks/main.go:130.3,130.67 1 0
github.com/mrz1836/go-broadcast/cmd/run-benchmarks/main.go:130.67,133.4 1 0
github.com/mrz1836/go-broadcast/cmd/run-benchmarks/main.go:137.2,143.76 5 0
github.com/mrz1836/go-broadcast/cmd/run-benchmarks/main.go:143.76,145.32 2 0
github.com/mrz1836/go-broadcast/cmd/run-benchmarks/main.go:145.32,147.4 1 0
github.com/mrz1836/go-broadcast/cmd/run-benchmarks/main.go:150.2,153.70 3 0
github.com/mrz1836/go-broadcast/cmd/run-benchmarks/main.go:153.70,161.3 6 0
github.com/mrz1836/go-broadcast/cmd/run-benchmarks/main.go:163.2,165.126 3 0
github.com/mrz1836/go-broadcast/cmd/run-benchmarks/main.go:168.80,173.16 3 0
github.com/mrz1836/go-broadcast/cmd/run-benchmarks/main.go:173.16,175.3 1 0
github.com/mrz1836/go-broadcast/cmd/run-benchmarks/main.go:176.2,176.15 1 0
github.com/mrz1836/go-broadcast/cmd/run-benchmarks/main.go:176.15,176.35 1 0
github.com/mrz1836/go-broadcast/cmd/run-benchmarks/main.go:179.2,183.34 3 0
github.com/mrz1836/go-broadcast/cmd/run-benchmarks/main.go:183.34,185.3 1 0
github.com/mrz1836/go-broadcast/cmd/run-benchmarks/main.go:187.2,187.12 1 0
github.com/mrz1836/go-broadcast/cmd/run-benchmarks/main.go:190.76,192.16 2 0
github.com/mrz1836/go-broadcast/cmd/run-benchmarks/main.go:192.16,194.3 1 0
github.com/mrz1836/go-broadcast/cmd/run-benchmarks/main.go:195.2,195.15 1 0
github.com/mrz1836/go-broadcast/cmd/run-benchmarks/main.go:195.15,195.35 1 0
github.com/mrz1836/go-broadcast/cmd/run-benchmarks/main.go:197.2,199.21 3 0
github.com/mrz1836/go-broadcast/cmd/run-benchmarks/main.go:199.21,201.43 2 0
github.com/mrz1836/go-broadcast/cmd/run-benchmarks/main.go:201.43,203.32 2 0
github.com/mrz1836/go-broadcast/cmd/run-benchmarks/main.go:203.32,204.10 1 0
github.com/mrz1836/go-broadcast/cmd/run-benchmarks/main.go:209.2,209.38 1 0
github.com/mrz1836/go-broadcast/cmd/run-benchmarks/main.go:209.38,211.3 1 0
github.com/mrz1836/go-broadcast/cmd/run-benchmarks/main.go:213.2,213.21 1 0
github.com/mrz1836/go-broadcast/cmd/validate-examples/main.go:30.13,50.14 14 0
github.com/mrz1836/go-broadcast/cmd/validate-examples/main.go:50.14,53.3 2 0
github.com/mrz1836/go-broadcast/cmd/validate-examples/main.go:55.2,55.17 1 0
github.com/mrz1836/go-broadcast/cmd/validate-examples/main.go:55.17,58.3 1 0
github.com/mrz1836/go-broadcast/cmd/validate-examples/main.go:60.2,63.62 2 0
github.com/mrz1836/go-broadcast/cmd/validate-examples/main.go:63.62,67.3 3 0
github.com/mrz1836/go-broadcast/cmd/validate-examples/main.go:69.2,101.74 10 0
github.com/mrz1836/go-broadcast/cmd/validate-examples/main.go:104.18,121.2 16 0
github.com/mrz1836/go-broadcast/cmd/validate-examples/main.go:123.41,128.2 4 0
github.com/mrz1836/go-broadcast/cmd/validate-examples/main.go:130.59,132.2 1 0
github.com/mrz1836/go-broadcast/cmd/validate-examples/main.go:134.123,142.34 6 0
github.com/mrz1836/go-broadcast/cmd/validate-examples/main.go:142.34,145.3 2 0
github.com/mrz1836/go-broadcast/cmd/validate-examples/main.go:145.8,148.3 2 0
github.com/mrz1836/go-broadcast/cmd/validate-examples/main.go:149.2,149.32 1 0
github.com/mrz1836/go-broadcast/cmd/validate-examples/main.go:152.118,153.33 1 0
github.com/mrz1836/go-broadcast/cmd/validate-examples/main.go:153.33,155.3 1 0
github.com/mrz1836/go-broadcast/cmd/validate-examples/main.go:158.91,167.34 7 0
github.com/mrz1836/go-broadcast/cmd/validate-examples/main.go:167.34,169.3 1 0
github.com/mrz1836/go-broadcast/cmd/validate-examples/main.go:169.8,171.3 1 0
github.com/mrz1836/go-broadcast/cmd/validate-examples/main.go:172.2,172.32 1 0
github.com/mrz1836/go-broadcast/cmd/validate-examples/main.go:175.63,189.29 2 0
github.com/mrz1836/go-broadcast/cmd/validate-examples/main.go:189.29,191.3 1 0
github.com/mrz1836/go-broadcast/cmd/validate-examples/main.go:194.65,202.34 6 0
github.com/mrz1836/go-broadcast/cmd/validate-examples/main.go:202.34,204.3 1 0
github.com/mrz1836/go-broadcast/cmd/validate-examples/main.go:204.8,206.3 1 0
github.com/mrz1836/go-broadcast/cmd/validate-examples/main.go:207.2,207.32 1 0
github.com/mrz1836/go-broadcast/cmd/validate-examples/main.go:210.110,216.32 5 0
github.com/mrz1836/go-broadcast/cmd/validate-examples/main.go:216.32,218.3 1 0
github.com/mrz1836/go-broadcast/cmd/validate-examples/main.go:218.8,220.3 1 0
github.com/mrz1836/go-broadcast/cmd/validate-examples/main.go:222.2,225.33 3 0
github.com/mrz1836/go-broadcast/cmd/validate-examples/main.go:225.33,228.3 2 0
github.com/mrz1836/go-broadcast/cmd/validate-examples/main.go:229.2,230.12 2 0
github.com/mrz1836/go-broadcast/cmd/test-cleanup/main.go:22.13,24.41 2 0
github.com/mrz1836/go-broadcast/cmd/test-cleanup/main.go:24.41,26.3 1 0
github.com/mrz1836/go-broadcast/cmd/test-cleanup/main.go:65.82,76.43 8 2
github.com/mrz1836/go-broadcast/cmd/test-cleanup/main.go:76.43,78.3 1 0
github.com/mrz1836/go-broadcast/cmd/test-cleanup/main.go:81.2,84.20 3 2
github.com/mrz1836/go-broadcast/cmd/test-cleanup/main.go:90.72,92.2 1 0
github.com/mrz1836/go-broadcast/cmd/test-cleanup/main.go:97.65,99.2 1 0
github.com/mrz1836/go-broadcast/cmd/test-cleanup/main.go:101.65,103.2 1 0
github.com/mrz1836/go-broadcast/cmd/test-cleanup/main.go:108.60,110.2 1 0
github.com/mrz1836/go-broadcast/cmd/test-cleanup/main.go:112.73,114.2 1 0
github.com/mrz1836/go-broadcast/cmd/test-cleanup/main.go:117.42,124.2 1 1
github.com/mrz1836/go-broadcast/cmd/test-cleanup/main.go:127.142,134.2 1 6
github.com/mrz1836/go-broadcast/cmd/test-cleanup/main.go:137.53,140.16 2 3
github.com/mrz1836/go-broadcast/cmd/test-cleanup/main.go:140.16,142.3 1 1
github.com/mrz1836/go-broadcast/cmd/test-cleanup/main.go:144.2,144.20 1 2
github.com/mrz1836/go-broadcast/cmd/test-cleanup/main.go:144.20,151.3 6 1
github.com/mrz1836/go-broadcast/cmd/test-cleanup/main.go:153.2,153.37 1 2
github.com/mrz1836/go-broadcast/cmd/test-cleanup/main.go:157.77,161.98 3 4
github.com/mrz1836/go-broadcast/cmd/test-cleanup/main.go:161.98,162.17 1 2
github.com/mrz1836/go-broadcast/cmd/test-cleanup/main.go:162.17,164.4 1 0
github.com/mrz1836/go-broadcast/cmd/test-cleanup/main.go:167.3,167.19 1 2
github.com/mrz1836/go-broadcast/cmd/test-cleanup/main.go:167.19,168.50 1 0
github.com/mrz1836/go-broadcast/cmd/test-cleanup/main.go:168.50,169.43 1 0
github.com/mrz1836/go-broadcast/cmd/test-cleanup/main.go:169.43,171.6 1 0
github.com/mrz1836/go-broadcast/cmd/test-cleanup/main.go:173.4,173.14 1 0
github.com/mrz1836/go-broadcast/cmd/test-cleanup/main.go:177.3,178.43 2 2
github.com/mrz1836/go-broadcast/cmd/test-cleanup/main.go:178.43,180.80 2 2
github.com/mrz1836/go-broadcast/cmd/test-cleanup/main.go:180.80,181.23 1 2
github.com/mrz1836/go-broadcast/cmd/test-cleanup/main.go:181.23,183.6 1 1
github.com/mrz1836/go-broadcast/cmd/test-cleanup/main.go:185.5,185.23 1 2
github.com/mrz1836/go-broadcast/cmd/test-cleanup/main.go:185.23,186.57 1 1
github.com/mrz1836/go-broadcast/cmd/test-cleanup/main.go:186.57,188.7 1 0
github.com/mrz1836/go-broadcast/cmd/test-cleanup/main.go:191.5,193.10 3 2
github.com/mrz1836/go-broadcast/cmd/test-cleanup/main.go:197.3,197.13 1 2
github.com/mrz1836/go-broadcast/cmd/test-cleanup/main.go:199.2,199.16 1 4
github.com/mrz1836/go-broadcast/cmd/test-cleanup/main.go:199.16,201.3 1 1
github.com/mrz1836/go-broadcast/cmd/test-cleanup/main.go:204.2,204.19 1 3
github.com/mrz1836/go-broadcast/cmd/test-cleanup/main.go:204.19,207.3 2 2
github.com/mrz1836/go-broadcast/cmd/test-cleanup/main.go:207.8,210.3 2 1
github.com/mrz1836/go-broadcast/cmd/test-cleanup/main.go:212.2,212.45 1 3
github.com/mrz1836/go-broadcast/cmd/test-cleanup/main.go:212.45,214.37 2 1
github.com/mrz1836/go-broadcast/cmd/test-cleanup/main.go:214.37,216.4 1 1
github.com/mrz1836/go-broadcast/cmd/test-cleanup/main.go:219.2,219.12 1 3
github.com/mrz1836/go-broadcast/cmd/test-cleanup/main.go:222.38,224.18 2 9
github.com/mrz1836/go-broadcast/cmd/test-cleanup/main.go:224.18,226.3 1 3
github.com/mrz1836/go-broadcast/cmd/test-cleanup/main.go:227.2,228.46 2 6
github.com/mrz1836/go-broadcast/cmd/test-cleanup/main.go:228.46,231.3 2 3
github.com/mrz1836/go-broadcast/cmd/test-cleanup/main.go:232.2,232.76 1 6
github.com/mrz1836/go-broadcast/cmd/go-broadcast/main.go:19.13,21.45 2 0
github.com/mrz1836/go-broadcast/cmd/go-broadcast/main.go:21.45,25.3 1 0
github.com/mrz1836/go-broadcast/cmd/go-broadcast/main.go:48.39,50.2 1 4
github.com/mrz1836/go-broadcast/cmd/go-broadcast/main.go:52.50,54.2 1 6
github.com/mrz1836/go-broadcast/cmd/go-broadcast/main.go:59.46,61.2 1 2
github.com/mrz1836/go-broadcast/cmd/go-broadcast/main.go:64.20,69.2 1 25
github.com/mrz1836/go-broadcast/cmd/go-broadcast/main.go:73.88,74.26 1 36
github.com/mrz1836/go-broadcast/cmd/go-broadcast/main.go:74.26,75.41 1 2
github.com/mrz1836/go-broadcast/cmd/go-broadcast/main.go:77.2,77.24 1 34
github.com/mrz1836/go-broadcast/cmd/go-broadcast/main.go:77.24,78.39 1 1
github.com/mrz1836/go-broadcast/cmd/go-broadcast/main.go:80.2,83.3 1 33
github.com/mrz1836/go-broadcast/cmd/go-broadcast/main.go:90.43,92.15 1 36
github.com/mrz1836/go-broadcast/cmd/go-broadcast/main.go:92.15,93.31 1 36
github.com/mrz1836/go-broadcast/cmd/go-broadcast/main.go:93.31,98.4 2 12
github.com/mrz1836/go-broadcast/cmd/go-broadcast/main.go:102.2,106.49 2 36
github.com/mrz1836/go-broadcast/cmd/go-broadcast/main.go:106.49,110.3 1 35
github.com/mrz1836/go-broadcast/cmd/go-broadcast/main.go:113.2,114.16 2 35
github.com/mrz1836/go-broadcast/cmd/go-broadcast/main.go:114.16,117.3 1 6
github.com/mrz1836/go-broadcast/cmd/go-broadcast/main.go:118.2,118.12 1 24
github.com/mrz1836/go-broadcast/examples/monitor/advanced/main.go:20.13,37.62 12 0
github.com/mrz1836/go-broadcast/examples/monitor/advanced/main.go:37.62,39.3 1 0
github.com/mrz1836/go-broadcast/examples/monitor/advanced/main.go:42.2,53.12 6 0
github.com/mrz1836/go-broadcast/examples/monitor/advanced/main.go:53.12,54.56 1 0
github.com/mrz1836/go-broadcast/examples/monitor/advanced/main.go:54.56,56.4 1 0
github.com/mrz1836/go-broadcast/examples/monitor/advanced/main.go:60.2,78.55 12 0
github.com/mrz1836/go-broadcast/examples/monitor/advanced/main.go:82.26,89.21 5 0
github.com/mrz1836/go-broadcast/examples/monitor/advanced/main.go:89.21,95.23 4 0
github.com/mrz1836/go-broadcast/examples/monitor/advanced/main.go:95.23,97.4 1 0
github.com/mrz1836/go-broadcast/examples/monitor/advanced/main.go:100.3,100.27 1 0
github.com/mrz1836/go-broadcast/examples/monitor/advanced/main.go:100.27,101.20 1 0
github.com/mrz1836/go-broadcast/examples/monitor/advanced/main.go:101.20,105.30 3 0
github.com/mrz1836/go-broadcast/examples/monitor/advanced/main.go:105.30,107.6 1 0
github.com/mrz1836/go-broadcast/examples/monitor/advanced/main.go:110.5,110.56 1 0
github.com/mrz1836/go-broadcast/examples/monitor/advanced/main.go:115.3,115.21 1 0
github.com/mrz1836/go-broadcast/examples/monitor/advanced/main.go:115.21,117.4 1 0
github.com/mrz1836/go-broadcast/examples/monitor/advanced/main.go:119.3,119.22 1 0
github.com/mrz1836/go-broadcast/examples/monitor/advanced/main.go:119.22,121.4 1 0
github.com/mrz1836/go-broadcast/examples/monitor/advanced/main.go:126.25,133.21 5 0
github.com/mrz1836/go-broadcast/examples/monitor/advanced/main.go:133.21,137.24 2 0
github.com/mrz1836/go-broadcast/examples/monitor/advanced/main.go:138.10,140.30 1 0
github.com/mrz1836/go-broadcast/examples/monitor/advanced/main.go:140.30,144.5 3 0
github.com/mrz1836/go-broadcast/examples/monitor/advanced/main.go:146.10,148.28 1 0
github.com/mrz1836/go-broadcast/examples/monitor/advanced/main.go:148.28,150.25 2 0
github.com/mrz1836/go-broadcast/examples/monitor/advanced/main.go:150.25,152.6 1 0
github.com/mrz1836/go-broadcast/examples/monitor/advanced/main.go:153.5,153.13 1 0
github.com/mrz1836/go-broadcast/examples/monitor/advanced/main.go:156.10,159.31 2 0
github.com/mrz1836/go-broadcast/examples/monitor/advanced/main.go:159.31,161.31 2 0
github.com/mrz1836/go-broadcast/examples/monitor/advanced/main.go:161.31,163.6 1 0
github.com/mrz1836/go-broadcast/examples/monitor/advanced/main.go:164.5,164.14 1 0
github.com/mrz1836/go-broadcast/examples/monitor/advanced/main.go:167.10,170.30 2 0
github.com/mrz1836/go-broadcast/examples/monitor/advanced/main.go:170.30,172.5 1 0
github.com/mrz1836/go-broadcast/examples/monitor/advanced/main.go:174.4,174.14 1 0
github.com/mrz1836/go-broadcast/examples/monitor/advanced/main.go:174.14,177.5 2 0
github.com/mrz1836/go-broadcast/examples/monitor/advanced/main.go:180.3,180.24 1 0
github.com/mrz1836/go-broadcast/examples/monitor/advanced/main.go:180.24,185.4 3 0
github.com/mrz1836/go-broadcast/examples/monitor/advanced/main.go:190.28,195.21 4 0
github.com/mrz1836/go-broadcast/examples/monitor/advanced/main.go:195.21,199.26 2 0
github.com/mrz1836/go-broadcast/examples/monitor/advanced/main.go:199.26,200.26 1 0
github.com/mrz1836/go-broadcast/examples/monitor/advanced/main.go:200.26,203.25 2 0
github.com/mrz1836/go-broadcast/examples/monitor/advanced/main.go:203.25,205.6 1 0
github.com/mrz1836/go-broadcast/examples/monitor/advanced/main.go:209.5,210.30 2 0
github.com/mrz1836/go-broadcast/examples/monitor/advanced/main.go:210.30,212.6 1 0
github.com/mrz1836/go-broadcast/examples/monitor/advanced/main.go:214.5,221.42 5 0
github.com/mrz1836/go-broadcast/examples/monitor/advanced/main.go:221.42,223.6 1 0
github.com/mrz1836/go-broadcast/examples/monitor/advanced/main.go:225.5,231.33 5 0
github.com/mrz1836/go-broadcast/examples/monitor/advanced/main.go:231.33,233.6 1 0
github.com/mrz1836/go-broadcast/examples/monitor/advanced/main.go:234.5,234.12 1 0
github.com/mrz1836/go-broadcast/examples/monitor/advanced/main.go:238.3,238.23 1 0
github.com/mrz1836/go-broadcast/examples/monitor/advanced/main.go:238.23,241.4 1 0
github.com/mrz1836/go-broadcast/examples/monitor/simple/main.go:18.13,43.12 14 0
github.com/mrz1836/go-broadcast/examples/monitor/simple/main.go:43.12,44.56 1 0
github.com/mrz1836/go-broadcast/examples/monitor/simple/main.go:44.56,46.4 1 0
github.com/mrz1836/go-broadcast/examples/monitor/simple/main.go:50.2,61.38 6 0
github.com/mrz1836/go-broadcast/examples/monitor/simple/main.go:65.25,73.21 5 0
github.com/mrz1836/go-broadcast/examples/monitor/simple/main.go:73.21,86.21 7 0
github.com/mrz1836/go-broadcast/examples/monitor/simple/main.go:86.21,87.27 1 0
github.com/mrz1836/go-broadcast/examples/monitor/simple/main.go:87.27,88.21 1 0
github.com/mrz1836/go-broadcast/examples/monitor/simple/main.go:88.21,92.6 2 0
github.com/mrz1836/go-broadcast/examples/monitor/simple/main.go:97.3,97.21 1 0
github.com/mrz1836/go-broadcast/examples/monitor/simple/main.go:97.21,99.4 1 0
github.com/mrz1836/go-broadcast/examples/monitor/simple/main.go:102.3,102.22 1 0
github.com/mrz1836/go-broadcast/examples/monitor/simple/main.go:102.22,104.4 1 0
github.com/mrz1836/go-broadcast/cmd/profile_demo/main.go:25.36,26.17 1 147868
github.com/mrz1836/go-broadcast/cmd/profile_demo/main.go:26.17,28.3 1 2
github.com/mrz1836/go-broadcast/cmd/profile_demo/main.go:29.2,30.16 2 147866
github.com/mrz1836/go-broadcast/cmd/profile_demo/main.go:30.16,33.3 1 0
github.com/mrz1836/go-broadcast/cmd/profile_demo/main.go:34.2,34.23 1 147866
github.com/mrz1836/go-broadcast/cmd/profile_demo/main.go:37.13,39.34 2 0
github.com/mrz1836/go-broadcast/cmd/profile_demo/main.go:39.34,41.3 1 0
github.com/mrz1836/go-broadcast/cmd/profile_demo/main.go:92.51,94.2 1 1
github.com/mrz1836/go-broadcast/cmd/profile_demo/main.go:96.65,98.2 1 1
github.com/mrz1836/go-broadcast/cmd/profile_demo/main.go:103.81,105.2 1 1
github.com/mrz1836/go-broadcast/cmd/profile_demo/main.go:110.87,112.2 1 0
github.com/mrz1836/go-broadcast/cmd/profile_demo/main.go:123.80,125.2 1 0
github.com/mrz1836/go-broadcast/cmd/profile_demo/main.go:127.79,129.2 1 0
github.com/mrz1836/go-broadcast/cmd/profile_demo/main.go:131.60,133.2 1 0
github.com/mrz1836/go-broadcast/cmd/profile_demo/main.go:138.60,142.2 3 1
github.com/mrz1836/go-broadcast/cmd/profile_demo/main.go:144.58,148.2 3 0
github.com/mrz1836/go-broadcast/cmd/profile_demo/main.go:150.72,154.2 3 0
github.com/mrz1836/go-broadcast/cmd/profile_demo/main.go:156.65,160.2 3 0
github.com/mrz1836/go-broadcast/cmd/profile_demo/main.go:165.108,168.2 2 1
github.com/mrz1836/go-broadcast/cmd/profile_demo/main.go:171.42,179.2 1 1
github.com/mrz1836/go-broadcast/cmd/profile_demo/main.go:182.197,190.2 1 6
github.com/mrz1836/go-broadcast/cmd/profile_demo/main.go:193.40,198.68 3 5
github.com/mrz1836/go-broadcast/cmd/profile_demo/main.go:198.68,200.3 1 1
github.com/mrz1836/go-broadcast/cmd/profile_demo/main.go:202.2,221.72 4 4
github.com/mrz1836/go-broadcast/cmd/profile_demo/main.go:221.72,223.3 1 1
github.com/mrz1836/go-broadcast/cmd/profile_demo/main.go:225.2,250.46 16 3
github.com/mrz1836/go-broadcast/cmd/profile_demo/main.go:250.46,252.3 1 1
github.com/mrz1836/go-broadcast/cmd/profile_demo/main.go:255.2,256.86 2 3
github.com/mrz1836/go-broadcast/cmd/profile_demo/main.go:256.86,258.3 1 1
github.com/mrz1836/go-broadcast/cmd/profile_demo/main.go:260.2,263.12 3 2
github.com/mrz1836/go-broadcast/cmd/profile_demo/main.go:266.23,269.16 2 6
github.com/mrz1836/go-broadcast/cmd/profile_demo/main.go:269.16,272.3 2 0
github.com/mrz1836/go-broadcast/cmd/profile_demo/main.go:274.2,281.33 5 6
github.com/mrz1836/go-broadcast/cmd/profile_demo/main.go:281.33,287.43 3 600
github.com/mrz1836/go-broadcast/cmd/profile_demo/main.go:287.43,289.4 1 0
github.com/mrz1836/go-broadcast/cmd/profile_demo/main.go:292.2,292.11 1 6
github.com/mrz1836/go-broadcast/cmd/profile_demo/main.go:295.21,303.38 3 2
github.com/mrz1836/go-broadcast/cmd/profile_demo/main.go:303.38,306.15 2 2000
github.com/mrz1836/go-broadcast/cmd/profile_demo/main.go:306.15,310.4 2 668
github.com/mrz1836/go-broadcast/cmd/profile_demo/main.go:310.9,313.4 1 1332
github.com/mrz1836/go-broadcast/cmd/profile_demo/main.go:317.35,327.32 2 2
github.com/mrz1836/go-broadcast/cmd/profile_demo/main.go:327.32,329.3 1 10
github.com/mrz1836/go-broadcast/cmd/profile_demo/main.go:332.2,332.26 1 2
github.com/mrz1836/go-broadcast/cmd/profile_demo/main.go:332.26,336.3 3 20
github.com/mrz1836/go-broadcast/cmd/profile_demo/main.go:339.28,345.76 4 6
github.com/mrz1836/go-broadcast/cmd/profile_demo/main.go:345.76,349.3 2 12
github.com/mrz1836/go-broadcast/cmd/profile_demo/main.go:351.2,351.15 1 6
github.com/mrz1836/go-broadcast/cmd/profile_demo/main.go:351.15,352.42 1 6
github.com/mrz1836/go-broadcast/cmd/profile_demo/main.go:352.42,354.4 1 0
github.com/mrz1836/go-broadcast/cmd/profile_demo/main.go:358.2,359.33 2 6
github.com/mrz1836/go-broadcast/cmd/profile_demo/main.go:359.33,361.45 2 600
github.com/mrz1836/go-broadcast/cmd/profile_demo/main.go:361.45,363.4 1 0
github.com/mrz1836/go-broadcast/cmd/profile_demo/main.go:367.2,367.42 1 6
github.com/mrz1836/go-broadcast/cmd/profile_demo/main.go:367.42,369.3 1 0
github.com/mrz1836/go-broadcast/cmd/profile_demo/main.go:372.74,436.16 10 8
github.com/mrz1836/go-broadcast/cmd/profile_demo/main.go:436.16,439.3 2 0
github.com/mrz1836/go-broadcast/cmd/profile_demo/main.go:442.2,442.52 1 8
github.com/mrz1836/go-broadcast/cmd/profile_demo/main.go:442.52,445.3 2 3
github.com/mrz1836/go-broadcast/cmd/profile_demo/main.go:447.2,447.86 1 5
github.com/mrz1836/go-broadcast/cmd/profile_demo/main.go:457.58,462.28 3 611
github.com/mrz1836/go-broadcast/cmd/profile_demo/main.go:462.28,464.3 1 611000
github.com/mrz1836/go-broadcast/cmd/profile_demo/main.go:467.2,468.22 2 611
github.com/mrz1836/go-broadcast/cmd/profile_demo/main.go:468.22,470.3 1 625664
github.com/mrz1836/go-broadcast/cmd/profile_demo/main.go:472.2,472.12 1 611
github.com/mrz1836/go-broadcast/cmd/profile_demo/main.go:475.39,477.2 1 601
github.com/mrz1836/go-broadcast/cmd/profile_demo/main.go:479.40,482.24 3 1283
github.com/mrz1836/go-broadcast/cmd/profile_demo/main.go:482.24,484.3 1 98911
github.com/mrz1836/go-broadcast/cmd/profile_demo/main.go:485.2,485.23 1 1283
github.com/mrz1836/go-broadcast/cmd/profile_demo/main.go:488.42,490.43 2 13
github.com/mrz1836/go-broadcast/cmd/profile_demo/main.go:490.43,492.23 1 0
github.com/mrz1836/go-broadcast/cmd/profile_demo/main.go:492.23,494.4 1 0
github.com/mrz1836/go-broadcast/cmd/profile_demo/main.go:497.2,497.31 1 13
github.com/mrz1836/go-broadcast/cmd/profile_demo/main.go:497.31,499.3 1 1144
github.com/mrz1836/go-broadcast/cmd/profile_demo/main.go:500.2,500.13 1 13
github.com/mrz1836/go-broadcast/cmd/profile_demo/main.go:503.40,506.24 3 29
github.com/mrz1836/go-broadcast/cmd/profile_demo/main.go:506.24,508.3 1 31831
github.com/mrz1836/go-broadcast/cmd/profile_demo/main.go:509.2,509.15 1 29
github.com/mrz1836/go-broadcast/cmd/profile_demo/main.go:512.52,519.38 4 30
github.com/mrz1836/go-broadcast/cmd/profile_demo/main.go:519.38,520.31 1 27
github.com/mrz1836/go-broadcast/cmd/profile_demo/main.go:520.31,522.26 1 2
github.com/mrz1836/go-broadcast/cmd/profile_demo/main.go:522.26,524.5 1 22
github.com/mrz1836/go-broadcast/cmd/profile_demo/main.go:525.9,528.29 2 25
github.com/mrz1836/go-broadcast/cmd/profile_demo/main.go:528.29,530.5 1 11392
github.com/mrz1836/go-broadcast/cmd/profile_demo/main.go:533.4,533.44 1 25
github.com/mrz1836/go-broadcast/cmd/profile_demo/main.go:533.44,536.5 2 11367
github.com/mrz1836/go-broadcast/cmd/profile_demo/main.go:539.4,539.37 1 25
github.com/mrz1836/go-broadcast/cmd/profile_demo/main.go:539.37,541.5 1 1587
github.com/mrz1836/go-broadcast/cmd/profile_demo/main.go:545.2,545.15 1 30
github.com/mrz1836/go-broadcast/internal/algorithms/optimized.go:23.59,30.2 1 9
github.com/mrz1836/go-broadcast/internal/algorithms/optimized.go:33.45,35.2 1 8
github.com/mrz1836/go-broadcast/internal/algorithms/optimized.go:38.85,39.23 1 12
github.com/mrz1836/go-broadcast/internal/algorithms/optimized.go:39.23,41.3 1 1
github.com/mrz1836/go-broadcast/internal/algorithms/optimized.go:44.2,45.39 2 11
github.com/mrz1836/go-broadcast/internal/algorithms/optimized.go:45.39,47.3 1 2
github.com/mrz1836/go-broadcast/internal/algorithms/optimized.go:49.2,53.34 3 11
github.com/mrz1836/go-broadcast/internal/algorithms/optimized.go:53.34,54.21 1 9011
github.com/mrz1836/go-broadcast/internal/algorithms/optimized.go:54.21,57.45 2 4
github.com/mrz1836/go-broadcast/internal/algorithms/optimized.go:57.45,59.5 1 2
github.com/mrz1836/go-broadcast/internal/algorithms/optimized.go:64.2,64.69 1 9
github.com/mrz1836/go-broadcast/internal/algorithms/optimized.go:64.69,66.3 1 2
github.com/mrz1836/go-broadcast/internal/algorithms/optimized.go:69.2,69.45 1 7
github.com/mrz1836/go-broadcast/internal/algorithms/optimized.go:73.78,75.32 1 2
github.com/mrz1836/go-broadcast/internal/algorithms/optimized.go:75.32,77.3 1 1
github.com/mrz1836/go-broadcast/internal/algorithms/optimized.go:80.2,81.27 2 1
github.com/mrz1836/go-broadcast/internal/algorithms/optimized.go:81.27,82.34 1 4
github.com/mrz1836/go-broadcast/internal/algorithms/optimized.go:82.34,84.4 1 0
github.com/mrz1836/go-broadcast/internal/algorithms/optimized.go:87.2,88.41 2 1
github.com/mrz1836/go-broadcast/internal/algorithms/optimized.go:92.77,93.22 1 7
github.com/mrz1836/go-broadcast/internal/algorithms/optimized.go:93.22,95.3 1 0
github.com/mrz1836/go-broadcast/internal/algorithms/optimized.go:98.2,102.27 4 7
github.com/mrz1836/go-broadcast/internal/algorithms/optimized.go:102.27,106.65 2 800
github.com/mrz1836/go-broadcast/internal/algorithms/optimized.go:106.65,108.4 1 407
github.com/mrz1836/go-broadcast/internal/algorithms/optimized.go:111.3,111.14 1 800
github.com/mrz1836/go-broadcast/internal/algorithms/optimized.go:111.14,113.4 1 304
github.com/mrz1836/go-broadcast/internal/algorithms/optimized.go:116.2,123.45 4 7
github.com/mrz1836/go-broadcast/internal/algorithms/optimized.go:123.45,125.3 1 1
github.com/mrz1836/go-broadcast/internal/algorithms/optimized.go:128.2,128.24 1 6
github.com/mrz1836/go-broadcast/internal/algorithms/optimized.go:128.24,130.3 1 2
github.com/mrz1836/go-broadcast/internal/algorithms/optimized.go:133.2,134.35 2 4
github.com/mrz1836/go-broadcast/internal/algorithms/optimized.go:134.35,135.16 1 1024
github.com/mrz1836/go-broadcast/internal/algorithms/optimized.go:135.16,137.4 1 53
github.com/mrz1836/go-broadcast/internal/algorithms/optimized.go:140.2,141.45 2 4
github.com/mrz1836/go-broadcast/internal/algorithms/optimized.go:141.45,143.3 1 0
github.com/mrz1836/go-broadcast/internal/algorithms/optimized.go:145.2,145.14 1 4
github.com/mrz1836/go-broadcast/internal/algorithms/optimized.go:149.43,150.19 1 9
github.com/mrz1836/go-broadcast/internal/algorithms/optimized.go:150.19,152.3 1 1
github.com/mrz1836/go-broadcast/internal/algorithms/optimized.go:155.2,167.33 2 8
github.com/mrz1836/go-broadcast/internal/algorithms/optimized.go:167.33,168.58 1 35
github.com/mrz1836/go-broadcast/internal/algorithms/optimized.go:168.58,170.4 1 6
github.com/mrz1836/go-broadcast/internal/algorithms/optimized.go:173.2,173.14 1 2
github.com/mrz1836/go-broadcast/internal/algorithms/optimized.go:177.43,180.2 1 1533
github.com/mrz1836/go-broadcast/internal/algorithms/optimized.go:191.37,198.2 1 6
github.com/mrz1836/go-broadcast/internal/algorithms/optimized.go:201.61,205.2 3 5
github.com/mrz1836/go-broadcast/internal/algorithms/optimized.go:208.77,210.23 1 8
github.com/mrz1836/go-broadcast/internal/algorithms/optimized.go:210.23,212.3 1 2
github.com/mrz1836/go-broadcast/internal/algorithms/optimized.go:215.2,215.22 1 6
github.com/mrz1836/go-broadcast/internal/algorithms/optimized.go:215.22,217.36 2 5
github.com/mrz1836/go-broadcast/internal/algorithms/optimized.go:217.36,219.4 1 1
github.com/mrz1836/go-broadcast/internal/algorithms/optimized.go:223.2,224.64 2 5
github.com/mrz1836/go-broadcast/internal/algorithms/optimized.go:224.64,226.3 1 0
github.com/mrz1836/go-broadcast/internal/algorithms/optimized.go:229.2,230.26 2 5
github.com/mrz1836/go-broadcast/internal/algorithms/optimized.go:230.26,233.3 2 4
github.com/mrz1836/go-broadcast/internal/algorithms/optimized.go:233.8,235.3 1 1
github.com/mrz1836/go-broadcast/internal/algorithms/optimized.go:238.2,239.14 2 5
github.com/mrz1836/go-broadcast/internal/algorithms/optimized.go:239.14,241.3 1 1
github.com/mrz1836/go-broadcast/internal/algorithms/optimized.go:244.2,246.21 3 4
github.com/mrz1836/go-broadcast/internal/algorithms/optimized.go:250.40,256.24 2 7
github.com/mrz1836/go-broadcast/internal/algorithms/optimized.go:256.24,258.3 1 1
github.com/mrz1836/go-broadcast/internal/algorithms/optimized.go:260.2,260.16 1 6
github.com/mrz1836/go-broadcast/internal/algorithms/optimized.go:264.83,266.40 1 5
github.com/mrz1836/go-broadcast/internal/algorithms/optimized.go:266.40,268.3 1 4
github.com/mrz1836/go-broadcast/internal/algorithms/optimized.go:271.2,271.43 1 1
github.com/mrz1836/go-broadcast/internal/algorithms/optimized.go:275.78,281.2 3 4
github.com/mrz1836/go-broadcast/internal/algorithms/optimized.go:284.78,290.40 3 1
github.com/mrz1836/go-broadcast/internal/algorithms/optimized.go:290.40,292.3 1 0
github.com/mrz1836/go-broadcast/internal/algorithms/optimized.go:295.2,296.66 2 1
github.com/mrz1836/go-broadcast/internal/algorithms/optimized.go:296.66,298.3 1 3
github.com/mrz1836/go-broadcast/internal/algorithms/optimized.go:301.2,303.111 3 1
github.com/mrz1836/go-broadcast/internal/algorithms/optimized.go:303.111,307.3 3 0
github.com/mrz1836/go-broadcast/internal/algorithms/optimized.go:310.2,310.22 1 1
github.com/mrz1836/go-broadcast/internal/algorithms/optimized.go:310.22,312.3 1 1
github.com/mrz1836/go-broadcast/internal/algorithms/optimized.go:314.2,314.40 1 1
github.com/mrz1836/go-broadcast/internal/algorithms/optimized.go:314.40,317.3 2 1
github.com/mrz1836/go-broadcast/internal/algorithms/optimized.go:319.2,319.40 1 1
github.com/mrz1836/go-broadcast/internal/algorithms/optimized.go:319.40,322.3 2 1
github.com/mrz1836/go-broadcast/internal/algorithms/optimized.go:324.2,324.22 1 1
github.com/mrz1836/go-broadcast/internal/algorithms/optimized.go:324.22,326.3 1 0
github.com/mrz1836/go-broadcast/internal/algorithms/optimized.go:328.2,328.40 1 1
github.com/mrz1836/go-broadcast/internal/algorithms/optimized.go:332.75,336.17 2 8
github.com/mrz1836/go-broadcast/internal/algorithms/optimized.go:336.17,338.3 1 0
github.com/mrz1836/go-broadcast/internal/algorithms/optimized.go:341.2,342.21 2 8
github.com/mrz1836/go-broadcast/internal/algorithms/optimized.go:342.21,344.3 1 23
github.com/mrz1836/go-broadcast/internal/algorithms/optimized.go:347.2,347.26 1 8
github.com/mrz1836/go-broadcast/internal/algorithms/optimized.go:347.26,348.27 1 15
github.com/mrz1836/go-broadcast/internal/algorithms/optimized.go:348.27,349.35 1 40
github.com/mrz1836/go-broadcast/internal/algorithms/optimized.go:349.35,351.5 1 9
github.com/mrz1836/go-broadcast/internal/algorithms/optimized.go:351.10,353.5 1 31
github.com/mrz1836/go-broadcast/internal/algorithms/optimized.go:358.2,358.52 1 8
github.com/mrz1836/go-broadcast/internal/algorithms/optimized.go:362.97,365.21 2 8
github.com/mrz1836/go-broadcast/internal/algorithms/optimized.go:365.21,366.37 1 23
github.com/mrz1836/go-broadcast/internal/algorithms/optimized.go:366.37,368.4 1 2
github.com/mrz1836/go-broadcast/internal/algorithms/optimized.go:370.3,370.52 1 21
github.com/mrz1836/go-broadcast/internal/algorithms/optimized.go:370.52,374.4 2 9
github.com/mrz1836/go-broadcast/internal/algorithms/optimized.go:374.9,374.61 1 12
github.com/mrz1836/go-broadcast/internal/algorithms/optimized.go:374.61,378.4 2 8
github.com/mrz1836/go-broadcast/internal/algorithms/optimized.go:378.9,378.19 1 4
github.com/mrz1836/go-broadcast/internal/algorithms/optimized.go:378.19,382.4 2 4
github.com/mrz1836/go-broadcast/internal/algorithms/optimized.go:385.2,385.13 1 6
github.com/mrz1836/go-broadcast/internal/algorithms/optimized.go:389.82,393.37 2 2
github.com/mrz1836/go-broadcast/internal/algorithms/optimized.go:393.37,394.37 1 7
github.com/mrz1836/go-broadcast/internal/algorithms/optimized.go:394.37,396.4 1 0
github.com/mrz1836/go-broadcast/internal/algorithms/optimized.go:398.3,398.70 1 7
github.com/mrz1836/go-broadcast/internal/algorithms/optimized.go:398.70,402.4 2 3
github.com/mrz1836/go-broadcast/internal/algorithms/optimized.go:402.9,407.67 3 4
github.com/mrz1836/go-broadcast/internal/algorithms/optimized.go:407.67,408.86 1 6
github.com/mrz1836/go-broadcast/internal/algorithms/optimized.go:408.86,410.34 1 0
github.com/mrz1836/go-broadcast/internal/algorithms/optimized.go:410.34,412.7 1 0
github.com/mrz1836/go-broadcast/internal/algorithms/optimized.go:413.6,414.23 2 0
github.com/mrz1836/go-broadcast/internal/algorithms/optimized.go:415.11,415.93 1 6
github.com/mrz1836/go-broadcast/internal/algorithms/optimized.go:415.93,417.34 1 0
github.com/mrz1836/go-broadcast/internal/algorithms/optimized.go:417.34,419.7 1 0
github.com/mrz1836/go-broadcast/internal/algorithms/optimized.go:420.6,421.23 2 0
github.com/mrz1836/go-broadcast/internal/algorithms/optimized.go:425.4,425.19 1 4
github.com/mrz1836/go-broadcast/internal/algorithms/optimized.go:425.19,427.22 1 4
github.com/mrz1836/go-broadcast/internal/algorithms/optimized.go:427.22,430.6 2 4
github.com/mrz1836/go-broadcast/internal/algorithms/optimized.go:431.5,431.22 1 4
github.com/mrz1836/go-broadcast/internal/algorithms/optimized.go:431.22,434.6 2 4
github.com/mrz1836/go-broadcast/internal/algorithms/optimized.go:439.2,439.13 1 2
github.com/mrz1836/go-broadcast/internal/algorithms/optimized.go:443.40,444.23 1 14
github.com/mrz1836/go-broadcast/internal/algorithms/optimized.go:444.23,446.3 1 2
github.com/mrz1836/go-broadcast/internal/algorithms/optimized.go:449.2,453.27 4 12
github.com/mrz1836/go-broadcast/internal/algorithms/optimized.go:453.27,454.34 1 1529
github.com/mrz1836/go-broadcast/internal/algorithms/optimized.go:454.34,456.4 1 506
github.com/mrz1836/go-broadcast/internal/algorithms/optimized.go:459.2,459.56 1 12
github.com/mrz1836/go-broadcast/internal/algorithms/optimized.go:489.57,496.2 1 1
github.com/mrz1836/go-broadcast/internal/algorithms/optimized.go:499.106,511.22 2 5
github.com/mrz1836/go-broadcast/internal/algorithms/optimized.go:511.22,514.3 2 1
github.com/mrz1836/go-broadcast/internal/algorithms/optimized.go:516.2,516.11 1 5
github.com/mrz1836/go-broadcast/internal/algorithms/optimized.go:520.55,526.35 4 11
github.com/mrz1836/go-broadcast/internal/algorithms/optimized.go:526.35,528.3 1 2
github.com/mrz1836/go-broadcast/internal/algorithms/optimized.go:530.2,530.12 1 9
github.com/mrz1836/go-broadcast/internal/algorithms/optimized.go:534.63,538.29 3 1
github.com/mrz1836/go-broadcast/internal/algorithms/optimized.go:538.29,541.36 2 5
github.com/mrz1836/go-broadcast/internal/algorithms/optimized.go:541.36,542.37 1 2
github.com/mrz1836/go-broadcast/internal/algorithms/optimized.go:542.37,544.5 1 0
github.com/mrz1836/go-broadcast/internal/algorithms/optimized.go:548.2,548.12 1 1
github.com/mrz1836/go-broadcast/internal/algorithms/optimized.go:552.41,557.2 3 8
github.com/mrz1836/go-broadcast/internal/algorithms/optimized.go:560.40,561.18 1 5
github.com/mrz1836/go-broadcast/internal/algorithms/optimized.go:561.18,564.3 2 1
github.com/mrz1836/go-broadcast/internal/algorithms/optimized.go:566.2,566.19 1 5
github.com/mrz1836/go-broadcast/internal/algorithms/optimized.go:570.55,579.2 3 1
github.com/mrz1836/go-broadcast/internal/algorithms/optimized.go:589.41,590.24 1 13
github.com/mrz1836/go-broadcast/internal/algorithms/optimized.go:590.24,592.3 1 5
github.com/mrz1836/go-broadcast/internal/algorithms/optimized.go:594.2,602.9 6 8
github.com/mrz1836/go-broadcast/internal/algorithms/optimized.go:602.9,606.3 3 8
github.com/mrz1836/go-broadcast/internal/algorithms/optimized.go:608.2,608.12 1 8
github.com/mrz1836/go-broadcast/internal/algorithms/optimized.go:612.45,618.6 4 1
github.com/mrz1836/go-broadcast/internal/algorithms/optimized.go:618.6,619.10 1 3
github.com/mrz1836/go-broadcast/internal/algorithms/optimized.go:620.19,626.19 3 2
github.com/mrz1836/go-broadcast/internal/algorithms/optimized.go:626.19,627.38 1 1
github.com/mrz1836/go-broadcast/internal/algorithms/optimized.go:627.38,629.6 1 0
github.com/mrz1836/go-broadcast/internal/algorithms/optimized.go:631.4,631.18 1 2
github.com/mrz1836/go-broadcast/internal/algorithms/optimized.go:633.22,635.37 1 1
github.com/mrz1836/go-broadcast/internal/algorithms/optimized.go:635.37,637.5 1 0
github.com/mrz1836/go-broadcast/internal/algorithms/optimized.go:638.4,638.10 1 1
github.com/mrz1836/go-broadcast/internal/algorithms/optimized.go:645.21,646.11 1 8
github.com/mrz1836/go-broadcast/internal/algorithms/optimized.go:646.11,648.3 1 4
github.com/mrz1836/go-broadcast/internal/algorithms/optimized.go:649.2,649.10 1 4
github.com/mrz1836/go-broadcast/internal/algorithms/optimized.go:652.27,653.11 1 24
github.com/mrz1836/go-broadcast/internal/algorithms/optimized.go:653.11,655.3 1 2
github.com/mrz1836/go-broadcast/internal/algorithms/optimized.go:656.2,656.10 1 22
github.com/mrz1836/go-broadcast/internal/algorithms/optimized.go:659.27,660.11 1 35
github.com/mrz1836/go-broadcast/internal/algorithms/optimized.go:660.11,662.3 1 9
github.com/mrz1836/go-broadcast/internal/algorithms/optimized.go:663.2,663.10 1 26
github.com/mrz1836/go-broadcast/internal/analytics/batch.go:58.50,59.21 1 7
github.com/mrz1836/go-broadcast/internal/analytics/batch.go:59.21,61.3 1 1
github.com/mrz1836/go-broadcast/internal/analytics/batch.go:63.2,69.29 3 6
github.com/mrz1836/go-broadcast/internal/analytics/batch.go:69.29,75.3 2 9
github.com/mrz1836/go-broadcast/internal/analytics/batch.go:78.2,150.20 2 6
github.com/mrz1836/go-broadcast/internal/analytics/batch.go:154.69,155.20 1 8
github.com/mrz1836/go-broadcast/internal/analytics/batch.go:155.20,157.3 1 1
github.com/mrz1836/go-broadcast/internal/analytics/batch.go:159.2,160.45 2 8
github.com/mrz1836/go-broadcast/internal/analytics/batch.go:160.45,162.23 2 12
github.com/mrz1836/go-broadcast/internal/analytics/batch.go:162.23,164.4 1 5
github.com/mrz1836/go-broadcast/internal/analytics/batch.go:165.3,165.40 1 12
github.com/mrz1836/go-broadcast/internal/analytics/batch.go:168.2,168.15 1 8
github.com/mrz1836/go-broadcast/internal/analytics/batch.go:173.109,176.29 2 14
github.com/mrz1836/go-broadcast/internal/analytics/batch.go:176.29,179.10 3 16
github.com/mrz1836/go-broadcast/internal/analytics/batch.go:179.10,181.12 1 1
github.com/mrz1836/go-broadcast/internal/analytics/batch.go:184.3,189.66 2 15
github.com/mrz1836/go-broadcast/internal/analytics/batch.go:189.66,191.4 1 15
github.com/mrz1836/go-broadcast/internal/analytics/batch.go:192.3,192.60 1 15
github.com/mrz1836/go-broadcast/internal/analytics/batch.go:192.60,194.4 1 7
github.com/mrz1836/go-broadcast/internal/analytics/batch.go:195.3,195.55 1 15
github.com/mrz1836/go-broadcast/internal/analytics/batch.go:195.55,197.4 1 4
github.com/mrz1836/go-broadcast/internal/analytics/batch.go:198.3,198.55 1 15
github.com/mrz1836/go-broadcast/internal/analytics/batch.go:198.55,200.4 1 2
github.com/mrz1836/go-broadcast/internal/analytics/batch.go:201.3,201.58 1 15
github.com/mrz1836/go-broadcast/internal/analytics/batch.go:201.58,203.4 1 1
github.com/mrz1836/go-broadcast/internal/analytics/batch.go:204.3,204.56 1 15
github.com/mrz1836/go-broadcast/internal/analytics/batch.go:204.56,206.4 1 1
github.com/mrz1836/go-broadcast/internal/analytics/batch.go:207.3,207.50 1 15
github.com/mrz1836/go-broadcast/internal/analytics/batch.go:207.50,209.4 1 3
github.com/mrz1836/go-broadcast/internal/analytics/batch.go:210.3,210.68 1 15
github.com/mrz1836/go-broadcast/internal/analytics/batch.go:210.68,211.55 1 2
github.com/mrz1836/go-broadcast/internal/analytics/batch.go:211.55,213.5 1 2
github.com/mrz1836/go-broadcast/internal/analytics/batch.go:215.3,215.56 1 15
github.com/mrz1836/go-broadcast/internal/analytics/batch.go:215.56,217.4 1 1
github.com/mrz1836/go-broadcast/internal/analytics/batch.go:218.3,218.58 1 15
github.com/mrz1836/go-broadcast/internal/analytics/batch.go:218.58,220.4 1 1
github.com/mrz1836/go-broadcast/internal/analytics/batch.go:223.3,223.72 1 15
github.com/mrz1836/go-broadcast/internal/analytics/batch.go:223.72,224.57 1 1
github.com/mrz1836/go-broadcast/internal/analytics/batch.go:224.57,226.5 1 1
github.com/mrz1836/go-broadcast/internal/analytics/batch.go:230.3,230.68 1 15
github.com/mrz1836/go-broadcast/internal/analytics/batch.go:230.68,231.55 1 1
github.com/mrz1836/go-broadcast/internal/analytics/batch.go:231.55,233.5 1 1
github.com/mrz1836/go-broadcast/internal/analytics/batch.go:237.3,237.71 1 15
github.com/mrz1836/go-broadcast/internal/analytics/batch.go:237.71,238.52 1 1
github.com/mrz1836/go-broadcast/internal/analytics/batch.go:238.52,240.5 1 1
github.com/mrz1836/go-broadcast/internal/analytics/batch.go:244.3,244.64 1 15
github.com/mrz1836/go-broadcast/internal/analytics/batch.go:244.64,245.53 1 1
github.com/mrz1836/go-broadcast/internal/analytics/batch.go:245.53,247.5 1 1
github.com/mrz1836/go-broadcast/internal/analytics/batch.go:251.3,251.85 1 15
github.com/mrz1836/go-broadcast/internal/analytics/batch.go:251.85,252.54 1 1
github.com/mrz1836/go-broadcast/internal/analytics/batch.go:252.54,254.5 1 1
github.com/mrz1836/go-broadcast/internal/analytics/batch.go:258.3,258.82 1 15
github.com/mrz1836/go-broadcast/internal/analytics/batch.go:258.82,259.60 1 1
github.com/mrz1836/go-broadcast/internal/analytics/batch.go:259.60,261.5 1 1
github.com/mrz1836/go-broadcast/internal/analytics/batch.go:262.4,262.68 1 1
github.com/mrz1836/go-broadcast/internal/analytics/batch.go:262.68,264.5 1 1
github.com/mrz1836/go-broadcast/internal/analytics/batch.go:268.3,268.64 1 15
github.com/mrz1836/go-broadcast/internal/analytics/batch.go:268.64,269.72 1 1
github.com/mrz1836/go-broadcast/internal/analytics/batch.go:269.72,270.58 1 1
github.com/mrz1836/go-broadcast/internal/analytics/batch.go:270.58,271.47 1 1
github.com/mrz1836/go-broadcast/internal/analytics/batch.go:271.47,273.7 1 1
github.com/mrz1836/go-broadcast/internal/analytics/batch.go:275.6,275.67 1 1
github.com/mrz1836/go-broadcast/internal/analytics/batch.go:275.67,276.70 1 1
github.com/mrz1836/go-broadcast/internal/analytics/batch.go:276.70,277.51 1 1
github.com/mrz1836/go-broadcast/internal/analytics/batch.go:277.51,279.9 1 1
github.com/mrz1836/go-broadcast/internal/analytics/batch.go:280.13,280.75 1 0
github.com/mrz1836/go-broadcast/internal/analytics/batch.go:280.75,282.8 1 0
github.com/mrz1836/go-broadcast/internal/analytics/batch.go:289.3,289.86 1 15
github.com/mrz1836/go-broadcast/internal/analytics/batch.go:289.86,290.56 1 1
github.com/mrz1836/go-broadcast/internal/analytics/batch.go:290.56,292.5 1 1
github.com/mrz1836/go-broadcast/internal/analytics/batch.go:296.3,296.58 1 15
github.com/mrz1836/go-broadcast/internal/analytics/batch.go:296.58,298.4 1 1
github.com/mrz1836/go-broadcast/internal/analytics/batch.go:301.3,301.62 1 15
github.com/mrz1836/go-broadcast/internal/analytics/batch.go:301.62,303.4 1 2
github.com/mrz1836/go-broadcast/internal/analytics/batch.go:306.3,306.59 1 15
github.com/mrz1836/go-broadcast/internal/analytics/batch.go:306.59,308.4 1 1
github.com/mrz1836/go-broadcast/internal/analytics/batch.go:311.3,311.78 1 15
github.com/mrz1836/go-broadcast/internal/analytics/batch.go:311.78,312.50 1 3
github.com/mrz1836/go-broadcast/internal/analytics/batch.go:312.50,314.5 1 3
github.com/mrz1836/go-broadcast/internal/analytics/batch.go:315.4,315.52 1 3
github.com/mrz1836/go-broadcast/internal/analytics/batch.go:315.52,317.5 1 3
github.com/mrz1836/go-broadcast/internal/analytics/batch.go:321.3,321.88 1 15
github.com/mrz1836/go-broadcast/internal/analytics/batch.go:321.88,322.66 1 3
github.com/mrz1836/go-broadcast/internal/analytics/batch.go:322.66,324.32 2 3
github.com/mrz1836/go-broadcast/internal/analytics/batch.go:324.32,325.58 1 17
github.com/mrz1836/go-broadcast/internal/analytics/batch.go:325.58,326.69 1 17
github.com/mrz1836/go-broadcast/internal/analytics/batch.go:326.69,327.50 1 17
github.com/mrz1836/go-broadcast/internal/analytics/batch.go:327.50,329.9 1 17
github.com/mrz1836/go-broadcast/internal/analytics/batch.go:333.5,333.29 1 3
github.com/mrz1836/go-broadcast/internal/analytics/batch.go:338.3,338.70 1 15
github.com/mrz1836/go-broadcast/internal/analytics/batch.go:338.70,340.4 1 2
github.com/mrz1836/go-broadcast/internal/analytics/batch.go:341.3,341.66 1 15
github.com/mrz1836/go-broadcast/internal/analytics/batch.go:341.66,343.4 1 1
github.com/mrz1836/go-broadcast/internal/analytics/batch.go:344.3,344.80 1 15
github.com/mrz1836/go-broadcast/internal/analytics/batch.go:344.80,346.4 1 1
github.com/mrz1836/go-broadcast/internal/analytics/batch.go:349.3,349.46 1 15
github.com/mrz1836/go-broadcast/internal/analytics/batch.go:349.46,352.4 2 8
github.com/mrz1836/go-broadcast/internal/analytics/batch.go:353.3,353.52 1 15
github.com/mrz1836/go-broadcast/internal/analytics/batch.go:353.52,355.4 1 8
github.com/mrz1836/go-broadcast/internal/analytics/batch.go:357.3,357.35 1 15
github.com/mrz1836/go-broadcast/internal/analytics/batch.go:360.2,360.20 1 14
github.com/mrz1836/go-broadcast/internal/analytics/change.go:25.64,27.21 1 17
github.com/mrz1836/go-broadcast/internal/analytics/change.go:27.21,29.3 1 1
github.com/mrz1836/go-broadcast/internal/analytics/change.go:32.2,32.37 1 16
github.com/mrz1836/go-broadcast/internal/analytics/change.go:32.37,34.3 1 2
github.com/mrz1836/go-broadcast/internal/analytics/change.go:35.2,35.37 1 14
github.com/mrz1836/go-broadcast/internal/analytics/change.go:35.37,37.3 1 1
github.com/mrz1836/go-broadcast/internal/analytics/change.go:38.2,38.47 1 13
github.com/mrz1836/go-broadcast/internal/analytics/change.go:38.47,40.3 1 1
github.com/mrz1836/go-broadcast/internal/analytics/change.go:41.2,41.41 1 12
github.com/mrz1836/go-broadcast/internal/analytics/change.go:41.41,43.3 1 1
github.com/mrz1836/go-broadcast/internal/analytics/change.go:44.2,44.49 1 11
github.com/mrz1836/go-broadcast/internal/analytics/change.go:44.49,46.3 1 1
github.com/mrz1836/go-broadcast/internal/analytics/change.go:49.2,49.53 1 10
github.com/mrz1836/go-broadcast/internal/analytics/change.go:49.53,51.3 1 1
github.com/mrz1836/go-broadcast/internal/analytics/change.go:52.2,52.45 1 9
github.com/mrz1836/go-broadcast/internal/analytics/change.go:52.45,54.3 1 1
github.com/mrz1836/go-broadcast/internal/analytics/change.go:57.2,57.53 1 8
github.com/mrz1836/go-broadcast/internal/analytics/change.go:57.53,59.3 1 2
github.com/mrz1836/go-broadcast/internal/analytics/change.go:62.2,62.67 1 6
github.com/mrz1836/go-broadcast/internal/analytics/change.go:62.67,64.3 1 1
github.com/mrz1836/go-broadcast/internal/analytics/change.go:65.2,65.71 1 5
github.com/mrz1836/go-broadcast/internal/analytics/change.go:65.71,67.3 1 1
github.com/mrz1836/go-broadcast/internal/analytics/change.go:68.2,68.75 1 4
github.com/mrz1836/go-broadcast/internal/analytics/change.go:68.75,70.3 1 1
github.com/mrz1836/go-broadcast/internal/analytics/change.go:73.2,73.14 1 3
github.com/mrz1836/go-broadcast/internal/analytics/change.go:78.38,79.26 1 13
github.com/mrz1836/go-broadcast/internal/analytics/change.go:79.26,81.3 1 7
github.com/mrz1836/go-broadcast/internal/analytics/change.go:82.2,82.26 1 6
github.com/mrz1836/go-broadcast/internal/analytics/change.go:82.26,84.3 1 3
github.com/mrz1836/go-broadcast/internal/analytics/change.go:85.2,85.20 1 3
github.com/mrz1836/go-broadcast/internal/analytics/ci.go:67.97,73.2 1 11
github.com/mrz1836/go-broadcast/internal/analytics/ci.go:77.113,78.21 1 11
github.com/mrz1836/go-broadcast/internal/analytics/ci.go:78.21,80.3 1 1
github.com/mrz1836/go-broadcast/internal/analytics/ci.go:82.2,82.21 1 10
github.com/mrz1836/go-broadcast/internal/analytics/ci.go:82.21,84.3 1 9
github.com/mrz1836/go-broadcast/internal/analytics/ci.go:86.2,92.29 5 10
github.com/mrz1836/go-broadcast/internal/analytics/ci.go:92.29,93.21 1 10
github.com/mrz1836/go-broadcast/internal/analytics/ci.go:93.21,95.18 2 10
github.com/mrz1836/go-broadcast/internal/analytics/ci.go:95.18,96.24 1 2
github.com/mrz1836/go-broadcast/internal/analytics/ci.go:96.24,98.6 1 1
github.com/mrz1836/go-broadcast/internal/analytics/ci.go:99.5,99.15 1 2
github.com/mrz1836/go-broadcast/internal/analytics/ci.go:102.4,102.22 1 8
github.com/mrz1836/go-broadcast/internal/analytics/ci.go:102.22,107.24 4 6
github.com/mrz1836/go-broadcast/internal/analytics/ci.go:107.24,114.6 1 6
github.com/mrz1836/go-broadcast/internal/analytics/ci.go:117.4,117.14 1 8
github.com/mrz1836/go-broadcast/internal/analytics/ci.go:121.2,121.33 1 10
github.com/mrz1836/go-broadcast/internal/analytics/ci.go:121.33,123.3 1 0
github.com/mrz1836/go-broadcast/internal/analytics/ci.go:125.2,125.21 1 10
github.com/mrz1836/go-broadcast/internal/analytics/ci.go:125.21,127.3 1 9
github.com/mrz1836/go-broadcast/internal/analytics/ci.go:129.2,129.21 1 10
github.com/mrz1836/go-broadcast/internal/analytics/ci.go:134.91,137.59 2 10
github.com/mrz1836/go-broadcast/internal/analytics/ci.go:137.59,141.3 3 10
github.com/mrz1836/go-broadcast/internal/analytics/ci.go:142.2,142.16 1 10
github.com/mrz1836/go-broadcast/internal/analytics/ci.go:142.16,144.3 1 2
github.com/mrz1836/go-broadcast/internal/analytics/ci.go:146.2,147.31 2 8
github.com/mrz1836/go-broadcast/internal/analytics/ci.go:147.31,148.40 1 8
github.com/mrz1836/go-broadcast/internal/analytics/ci.go:148.40,150.9 2 7
github.com/mrz1836/go-broadcast/internal/analytics/ci.go:153.2,153.21 1 8
github.com/mrz1836/go-broadcast/internal/analytics/ci.go:153.21,155.3 1 1
github.com/mrz1836/go-broadcast/internal/analytics/ci.go:158.2,159.61 2 7
github.com/mrz1836/go-broadcast/internal/analytics/ci.go:159.61,163.3 3 7
github.com/mrz1836/go-broadcast/internal/analytics/ci.go:164.2,164.16 1 7
github.com/mrz1836/go-broadcast/internal/analytics/ci.go:164.16,166.3 1 0
github.com/mrz1836/go-broadcast/internal/analytics/ci.go:167.2,167.20 1 7
github.com/mrz1836/go-broadcast/internal/analytics/ci.go:167.20,169.3 1 1
github.com/mrz1836/go-broadcast/internal/analytics/ci.go:170.2,174.61 3 6
github.com/mrz1836/go-broadcast/internal/analytics/ci.go:174.61,178.3 3 6
github.com/mrz1836/go-broadcast/internal/analytics/ci.go:179.2,179.16 1 6
github.com/mrz1836/go-broadcast/internal/analytics/ci.go:179.16,181.3 1 0
github.com/mrz1836/go-broadcast/internal/analytics/ci.go:184.2,185.30 2 6
github.com/mrz1836/go-broadcast/internal/analytics/ci.go:185.30,187.3 1 9
github.com/mrz1836/go-broadcast/internal/analytics/ci.go:189.2,197.16 3 6
github.com/mrz1836/go-broadcast/internal/analytics/ci.go:197.16,199.3 1 0
github.com/mrz1836/go-broadcast/internal/analytics/ci.go:200.2,200.15 1 6
github.com/mrz1836/go-broadcast/internal/analytics/ci.go:200.15,200.43 1 6
github.com/mrz1836/go-broadcast/internal/analytics/ci.go:203.2,203.37 1 6
github.com/mrz1836/go-broadcast/internal/analytics/ci.go:203.37,205.3 1 3
github.com/mrz1836/go-broadcast/internal/analytics/ci.go:205.8,205.46 1 3
github.com/mrz1836/go-broadcast/internal/analytics/ci.go:205.46,207.3 1 1
github.com/mrz1836/go-broadcast/internal/analytics/ci.go:212.2,212.9 1 6
github.com/mrz1836/go-broadcast/internal/analytics/ci.go:213.47,214.94 1 2
github.com/mrz1836/go-broadcast/internal/analytics/ci.go:215.46,216.93 1 1
github.com/mrz1836/go-broadcast/internal/analytics/ci.go:220.2,221.34 2 6
github.com/mrz1836/go-broadcast/internal/analytics/ci.go:221.34,222.55 1 9
github.com/mrz1836/go-broadcast/internal/analytics/ci.go:222.55,225.9 3 0
github.com/mrz1836/go-broadcast/internal/analytics/ci.go:228.2,228.60 1 6
github.com/mrz1836/go-broadcast/internal/analytics/ci.go:228.60,230.3 1 0
github.com/mrz1836/go-broadcast/internal/analytics/ci.go:233.2,233.34 1 6
github.com/mrz1836/go-broadcast/internal/analytics/ci.go:233.34,234.51 1 9
github.com/mrz1836/go-broadcast/internal/analytics/ci.go:234.51,236.4 1 1
github.com/mrz1836/go-broadcast/internal/analytics/ci.go:239.2,239.21 1 6
github.com/mrz1836/go-broadcast/internal/analytics/ci.go:243.91,244.23 1 23
github.com/mrz1836/go-broadcast/internal/analytics/ci.go:244.23,246.3 1 0
github.com/mrz1836/go-broadcast/internal/analytics/ci.go:247.2,247.13 1 23
github.com/mrz1836/go-broadcast/internal/analytics/ci.go:251.128,253.87 2 3
github.com/mrz1836/go-broadcast/internal/analytics/ci.go:253.87,254.22 1 1
github.com/mrz1836/go-broadcast/internal/analytics/ci.go:254.22,256.4 1 1
github.com/mrz1836/go-broadcast/internal/analytics/ci.go:257.3,257.9 1 1
github.com/mrz1836/go-broadcast/internal/analytics/ci.go:260.2,261.16 2 2
github.com/mrz1836/go-broadcast/internal/analytics/ci.go:261.16,262.22 1 0
github.com/mrz1836/go-broadcast/internal/analytics/ci.go:262.22,264.4 1 0
github.com/mrz1836/go-broadcast/internal/analytics/ci.go:265.3,265.9 1 0
github.com/mrz1836/go-broadcast/internal/analytics/ci.go:268.2,269.16 2 2
github.com/mrz1836/go-broadcast/internal/analytics/ci.go:269.16,274.3 4 2
github.com/mrz1836/go-broadcast/internal/analytics/ci.go:278.134,280.101 2 1
github.com/mrz1836/go-broadcast/internal/analytics/ci.go:280.101,281.22 1 0
github.com/mrz1836/go-broadcast/internal/analytics/ci.go:281.22,283.4 1 0
github.com/mrz1836/go-broadcast/internal/analytics/ci.go:284.3,284.9 1 0
github.com/mrz1836/go-broadcast/internal/analytics/ci.go:287.2,288.16 2 1
github.com/mrz1836/go-broadcast/internal/analytics/ci.go:288.16,289.22 1 0
github.com/mrz1836/go-broadcast/internal/analytics/ci.go:289.22,291.4 1 0
github.com/mrz1836/go-broadcast/internal/analytics/ci.go:292.3,292.9 1 0
github.com/mrz1836/go-broadcast/internal/analytics/ci.go:295.2,299.36 5 1
github.com/mrz1836/go-broadcast/internal/analytics/ci.go:304.133,306.87 2 3
github.com/mrz1836/go-broadcast/internal/analytics/ci.go:306.87,307.22 1 0
github.com/mrz1836/go-broadcast/internal/analytics/ci.go:307.22,309.4 1 0
github.com/mrz1836/go-broadcast/internal/analytics/ci.go:310.3,310.9 1 0
github.com/mrz1836/go-broadcast/internal/analytics/ci.go:313.2,314.16 2 3
github.com/mrz1836/go-broadcast/internal/analytics/ci.go:314.16,315.22 1 0
github.com/mrz1836/go-broadcast/internal/analytics/ci.go:315.22,317.4 1 0
github.com/mrz1836/go-broadcast/internal/analytics/ci.go:318.3,318.9 1 0
github.com/mrz1836/go-broadcast/internal/analytics/ci.go:321.2,322.16 2 3
github.com/mrz1836/go-broadcast/internal/analytics/ci.go:322.16,324.3 1 3
github.com/mrz1836/go-broadcast/internal/analytics/ci.go:328.124,330.103 2 0
github.com/mrz1836/go-broadcast/internal/analytics/ci.go:330.103,331.22 1 0
github.com/mrz1836/go-broadcast/internal/analytics/ci.go:331.22,333.4 1 0
github.com/mrz1836/go-broadcast/internal/analytics/ci.go:334.3,334.9 1 0
github.com/mrz1836/go-broadcast/internal/analytics/ci.go:337.2,338.16 2 0
github.com/mrz1836/go-broadcast/internal/analytics/ci.go:338.16,339.22 1 0
github.com/mrz1836/go-broadcast/internal/analytics/ci.go:339.22,341.4 1 0
github.com/mrz1836/go-broadcast/internal/analytics/ci.go:342.3,342.9 1 0
github.com/mrz1836/go-broadcast/internal/analytics/ci.go:345.2,345.54 1 0
github.com/mrz1836/go-broadcast/internal/analytics/ci.go:349.134,351.87 2 0
github.com/mrz1836/go-broadcast/internal/analytics/ci.go:351.87,352.22 1 0
github.com/mrz1836/go-broadcast/internal/analytics/ci.go:352.22,354.4 1 0
github.com/mrz1836/go-broadcast/internal/analytics/ci.go:355.3,355.9 1 0
github.com/mrz1836/go-broadcast/internal/analytics/ci.go:359.2,361.16 3 0
github.com/mrz1836/go-broadcast/internal/analytics/ci.go:361.16,362.22 1 0
github.com/mrz1836/go-broadcast/internal/analytics/ci.go:362.22,364.4 1 0
github.com/mrz1836/go-broadcast/internal/analytics/ci.go:365.3,365.9 1 0
github.com/mrz1836/go-broadcast/internal/analytics/ci.go:368.2,369.19 2 0
github.com/mrz1836/go-broadcast/internal/analytics/ci.go:369.19,371.3 1 0
github.com/mrz1836/go-broadcast/internal/analytics/ci.go:375.130,377.87 2 1
github.com/mrz1836/go-broadcast/internal/analytics/ci.go:377.87,378.22 1 0
github.com/mrz1836/go-broadcast/internal/analytics/ci.go:378.22,380.4 1 0
github.com/mrz1836/go-broadcast/internal/analytics/ci.go:381.3,381.9 1 0
github.com/mrz1836/go-broadcast/internal/analytics/ci.go:384.2,385.16 2 1
github.com/mrz1836/go-broadcast/internal/analytics/ci.go:385.16,386.22 1 0
github.com/mrz1836/go-broadcast/internal/analytics/ci.go:386.22,388.4 1 0
github.com/mrz1836/go-broadcast/internal/analytics/ci.go:389.3,389.9 1 0
github.com/mrz1836/go-broadcast/internal/analytics/ci.go:392.2,392.53 1 1
github.com/mrz1836/go-broadcast/internal/analytics/ci.go:408.41,410.51 2 7
github.com/mrz1836/go-broadcast/internal/analytics/ci.go:410.51,412.3 1 1
github.com/mrz1836/go-broadcast/internal/analytics/ci.go:414.2,414.102 1 6
github.com/mrz1836/go-broadcast/internal/analytics/ci.go:414.102,416.3 1 2
github.com/mrz1836/go-broadcast/internal/analytics/ci.go:417.2,417.13 1 4
github.com/mrz1836/go-broadcast/internal/analytics/ci.go:422.81,424.21 2 5
github.com/mrz1836/go-broadcast/internal/analytics/ci.go:424.21,426.35 2 19
github.com/mrz1836/go-broadcast/internal/analytics/ci.go:426.35,427.12 1 3
github.com/mrz1836/go-broadcast/internal/analytics/ci.go:430.3,431.20 2 16
github.com/mrz1836/go-broadcast/internal/analytics/ci.go:431.20,432.12 1 0
github.com/mrz1836/go-broadcast/internal/analytics/ci.go:435.3,439.10 4 16
github.com/mrz1836/go-broadcast/internal/analytics/ci.go:440.48,442.43 2 3
github.com/mrz1836/go-broadcast/internal/analytics/ci.go:443.46,445.41 2 3
github.com/mrz1836/go-broadcast/internal/analytics/ci.go:448.2,448.43 1 5
github.com/mrz1836/go-broadcast/internal/analytics/ci.go:452.46,454.51 2 10
github.com/mrz1836/go-broadcast/internal/analytics/ci.go:454.51,456.3 1 1
github.com/mrz1836/go-broadcast/internal/analytics/ci.go:459.2,459.74 1 9
github.com/mrz1836/go-broadcast/internal/analytics/ci.go:459.74,460.30 1 13
github.com/mrz1836/go-broadcast/internal/analytics/ci.go:460.30,461.27 1 8
github.com/mrz1836/go-broadcast/internal/analytics/ci.go:462.17,463.14 1 5
github.com/mrz1836/go-broadcast/internal/analytics/ci.go:464.16,465.56 1 2
github.com/mrz1836/go-broadcast/internal/analytics/ci.go:465.56,467.6 1 1
github.com/mrz1836/go-broadcast/internal/analytics/ci.go:472.2,472.12 1 3
github.com/mrz1836/go-broadcast/internal/analytics/ci.go:476.43,478.51 2 5
github.com/mrz1836/go-broadcast/internal/analytics/ci.go:478.51,480.3 1 1
github.com/mrz1836/go-broadcast/internal/analytics/ci.go:482.2,482.45 1 4
github.com/mrz1836/go-broadcast/internal/analytics/ci.go:482.45,483.28 1 3
github.com/mrz1836/go-broadcast/internal/analytics/ci.go:484.16,485.17 1 3
github.com/mrz1836/go-broadcast/internal/analytics/ci.go:486.12,487.12 1 0
github.com/mrz1836/go-broadcast/internal/analytics/ci.go:491.2,491.10 1 1
github.com/mrz1836/go-broadcast/internal/analytics/ci.go:495.43,497.21 2 6
github.com/mrz1836/go-broadcast/internal/analytics/ci.go:497.21,501.54 3 9
github.com/mrz1836/go-broadcast/internal/analytics/ci.go:501.54,502.12 1 2
github.com/mrz1836/go-broadcast/internal/analytics/ci.go:506.3,506.76 1 7
github.com/mrz1836/go-broadcast/internal/analytics/ci.go:506.76,507.68 1 3
github.com/mrz1836/go-broadcast/internal/analytics/ci.go:507.68,509.55 1 3
github.com/mrz1836/go-broadcast/internal/analytics/ci.go:509.55,510.37 1 1
github.com/mrz1836/go-broadcast/internal/analytics/ci.go:511.19,512.20 1 1
github.com/mrz1836/go-broadcast/internal/analytics/ci.go:513.15,514.15 1 0
github.com/mrz1836/go-broadcast/internal/analytics/ci.go:518.5,518.42 1 2
github.com/mrz1836/go-broadcast/internal/analytics/ci.go:518.42,519.31 1 1
github.com/mrz1836/go-broadcast/internal/analytics/ci.go:520.19,521.20 1 1
github.com/mrz1836/go-broadcast/internal/analytics/ci.go:522.15,523.15 1 0
github.com/mrz1836/go-broadcast/internal/analytics/ci.go:529.2,529.10 1 4
github.com/mrz1836/go-broadcast/internal/analytics/ci.go:536.50,539.21 3 6
github.com/mrz1836/go-broadcast/internal/analytics/ci.go:539.21,542.24 3 11
github.com/mrz1836/go-broadcast/internal/analytics/ci.go:542.24,544.22 2 5
github.com/mrz1836/go-broadcast/internal/analytics/ci.go:544.22,546.5 1 5
github.com/mrz1836/go-broadcast/internal/analytics/ci.go:549.2,549.19 1 6
github.com/mrz1836/go-broadcast/internal/analytics/ci.go:557.50,559.2 1 9
github.com/mrz1836/go-broadcast/internal/analytics/ci.go:562.54,564.2 1 3
github.com/mrz1836/go-broadcast/internal/analytics/ci.go:567.55,569.16 2 12
github.com/mrz1836/go-broadcast/internal/analytics/ci.go:569.16,571.3 1 1
github.com/mrz1836/go-broadcast/internal/analytics/ci.go:573.2,573.32 1 11
github.com/mrz1836/go-broadcast/internal/analytics/ci.go:573.32,574.20 1 10
github.com/mrz1836/go-broadcast/internal/analytics/ci.go:574.20,575.12 1 0
github.com/mrz1836/go-broadcast/internal/analytics/ci.go:577.3,577.43 1 10
github.com/mrz1836/go-broadcast/internal/analytics/ci.go:577.43,582.4 3 9
github.com/mrz1836/go-broadcast/internal/analytics/ci.go:585.2,585.75 1 2
github.com/mrz1836/go-broadcast/internal/analytics/ci.go:589.38,596.2 5 25
github.com/mrz1836/go-broadcast/internal/analytics/pipeline.go:34.177,43.2 1 18
github.com/mrz1836/go-broadcast/internal/analytics/pipeline.go:46.44,48.2 1 1
github.com/mrz1836/go-broadcast/internal/analytics/pipeline.go:51.47,53.2 1 1
github.com/mrz1836/go-broadcast/internal/analytics/pipeline.go:56.44,58.2 1 2
github.com/mrz1836/go-broadcast/internal/analytics/pipeline.go:62.104,65.16 2 4
github.com/mrz1836/go-broadcast/internal/analytics/pipeline.go:65.16,67.3 1 2
github.com/mrz1836/go-broadcast/internal/analytics/pipeline.go:69.2,69.21 1 2
github.com/mrz1836/go-broadcast/internal/analytics/pipeline.go:69.21,74.3 1 2
github.com/mrz1836/go-broadcast/internal/analytics/pipeline.go:76.2,76.31 1 2
github.com/mrz1836/go-broadcast/internal/analytics/pipeline.go:76.31,78.3 1 1
github.com/mrz1836/go-broadcast/internal/analytics/pipeline.go:81.2,81.48 1 1
github.com/mrz1836/go-broadcast/internal/analytics/pipeline.go:85.105,88.16 2 4
github.com/mrz1836/go-broadcast/internal/analytics/pipeline.go:88.16,90.3 1 1
github.com/mrz1836/go-broadcast/internal/analytics/pipeline.go:93.2,94.16 2 3
github.com/mrz1836/go-broadcast/internal/analytics/pipeline.go:94.16,96.3 1 1
github.com/mrz1836/go-broadcast/internal/analytics/pipeline.go:99.2,100.29 2 2
github.com/mrz1836/go-broadcast/internal/analytics/pipeline.go:100.29,108.3 1 2
github.com/mrz1836/go-broadcast/internal/analytics/pipeline.go:110.2,110.23 1 2
github.com/mrz1836/go-broadcast/internal/analytics/pipeline.go:114.99,126.16 3 2
github.com/mrz1836/go-broadcast/internal/analytics/pipeline.go:126.16,128.3 1 0
github.com/mrz1836/go-broadcast/internal/analytics/pipeline.go:130.2,131.9 2 2
github.com/mrz1836/go-broadcast/internal/analytics/pipeline.go:131.9,133.3 1 1
github.com/mrz1836/go-broadcast/internal/analytics/pipeline.go:135.2,135.20 1 1
github.com/mrz1836/go-broadcast/internal/analytics/pipeline.go:139.112,143.21 2 4
github.com/mrz1836/go-broadcast/internal/analytics/pipeline.go:143.21,149.3 1 2
github.com/mrz1836/go-broadcast/internal/analytics/pipeline.go:151.2,154.32 2 4
github.com/mrz1836/go-broadcast/internal/analytics/pipeline.go:154.32,156.10 1 4
github.com/mrz1836/go-broadcast/internal/analytics/pipeline.go:157.21,158.33 1 1
github.com/mrz1836/go-broadcast/internal/analytics/pipeline.go:159.11,159.11 0 3
github.com/mrz1836/go-broadcast/internal/analytics/pipeline.go:162.3,162.22 1 3
github.com/mrz1836/go-broadcast/internal/analytics/pipeline.go:162.22,167.4 1 1
github.com/mrz1836/go-broadcast/internal/analytics/pipeline.go:170.3,171.18 2 3
github.com/mrz1836/go-broadcast/internal/analytics/pipeline.go:171.18,172.12 1 0
github.com/mrz1836/go-broadcast/internal/analytics/pipeline.go:176.3,177.17 2 3
github.com/mrz1836/go-broadcast/internal/analytics/pipeline.go:177.17,179.23 1 1
github.com/mrz1836/go-broadcast/internal/analytics/pipeline.go:179.23,181.5 1 0
github.com/mrz1836/go-broadcast/internal/analytics/pipeline.go:184.4,184.30 1 1
github.com/mrz1836/go-broadcast/internal/analytics/pipeline.go:184.30,185.24 1 0
github.com/mrz1836/go-broadcast/internal/analytics/pipeline.go:185.24,187.6 1 0
github.com/mrz1836/go-broadcast/internal/analytics/pipeline.go:190.5,191.47 2 0
github.com/mrz1836/go-broadcast/internal/analytics/pipeline.go:191.47,194.25 3 0
github.com/mrz1836/go-broadcast/internal/analytics/pipeline.go:194.25,195.26 1 0
github.com/mrz1836/go-broadcast/internal/analytics/pipeline.go:195.26,200.8 1 0
github.com/mrz1836/go-broadcast/internal/analytics/pipeline.go:201.7,201.15 1 0
github.com/mrz1836/go-broadcast/internal/analytics/pipeline.go:205.6,206.25 2 0
github.com/mrz1836/go-broadcast/internal/analytics/pipeline.go:206.25,207.26 1 0
github.com/mrz1836/go-broadcast/internal/analytics/pipeline.go:207.26,209.8 1 0
github.com/mrz1836/go-broadcast/internal/analytics/pipeline.go:210.7,210.15 1 0
github.com/mrz1836/go-broadcast/internal/analytics/pipeline.go:213.6,213.33 1 0
github.com/mrz1836/go-broadcast/internal/analytics/pipeline.go:213.33,215.7 1 0
github.com/mrz1836/go-broadcast/internal/analytics/pipeline.go:219.4,219.12 1 1
github.com/mrz1836/go-broadcast/internal/analytics/pipeline.go:223.3,224.17 2 2
github.com/mrz1836/go-broadcast/internal/analytics/pipeline.go:224.17,225.23 1 0
github.com/mrz1836/go-broadcast/internal/analytics/pipeline.go:225.23,227.5 1 0
github.com/mrz1836/go-broadcast/internal/analytics/pipeline.go:228.4,228.12 1 0
github.com/mrz1836/go-broadcast/internal/analytics/pipeline.go:232.3,232.30 1 2
github.com/mrz1836/go-broadcast/internal/analytics/pipeline.go:232.30,234.4 1 3
github.com/mrz1836/go-broadcast/internal/analytics/pipeline.go:236.3,236.22 1 2
github.com/mrz1836/go-broadcast/internal/analytics/pipeline.go:236.22,241.4 1 1
github.com/mrz1836/go-broadcast/internal/analytics/pipeline.go:244.3,244.46 1 2
github.com/mrz1836/go-broadcast/internal/analytics/pipeline.go:244.46,245.56 1 0
github.com/mrz1836/go-broadcast/internal/analytics/pipeline.go:245.56,247.5 1 0
github.com/mrz1836/go-broadcast/internal/analytics/pipeline.go:251.2,251.21 1 3
github.com/mrz1836/go-broadcast/internal/analytics/pipeline.go:251.21,256.3 1 1
github.com/mrz1836/go-broadcast/internal/analytics/pipeline.go:258.2,258.25 1 3
github.com/mrz1836/go-broadcast/internal/analytics/pipeline.go:262.40,263.16 1 6
github.com/mrz1836/go-broadcast/internal/analytics/pipeline.go:263.16,265.3 1 1
github.com/mrz1836/go-broadcast/internal/analytics/pipeline.go:266.2,267.132 2 5
github.com/mrz1836/go-broadcast/internal/analytics/pipeline.go:275.115,284.55 2 2
github.com/mrz1836/go-broadcast/internal/analytics/pipeline.go:284.55,286.3 1 1
github.com/mrz1836/go-broadcast/internal/analytics/pipeline.go:288.2,288.21 1 1
github.com/mrz1836/go-broadcast/internal/analytics/pipeline.go:288.21,295.3 1 1
github.com/mrz1836/go-broadcast/internal/analytics/pipeline.go:297.2,297.17 1 1
github.com/mrz1836/go-broadcast/internal/analytics/pipeline.go:301.86,302.55 1 2
github.com/mrz1836/go-broadcast/internal/analytics/pipeline.go:302.55,304.3 1 1
github.com/mrz1836/go-broadcast/internal/analytics/pipeline.go:305.2,305.12 1 1
github.com/mrz1836/go-broadcast/internal/analytics/pipeline.go:309.95,315.55 5 2
github.com/mrz1836/go-broadcast/internal/analytics/pipeline.go:315.55,317.3 1 1
github.com/mrz1836/go-broadcast/internal/analytics/pipeline.go:319.2,319.21 1 1
github.com/mrz1836/go-broadcast/internal/analytics/pipeline.go:319.21,328.3 1 1
github.com/mrz1836/go-broadcast/internal/analytics/pipeline.go:330.2,330.12 1 1
github.com/mrz1836/go-broadcast/internal/analytics/pipeline.go:334.101,342.23 2 3
github.com/mrz1836/go-broadcast/internal/analytics/pipeline.go:342.23,346.3 1 2
github.com/mrz1836/go-broadcast/internal/analytics/pipeline.go:346.8,348.10 2 1
github.com/mrz1836/go-broadcast/internal/analytics/pipeline.go:348.10,350.4 1 0
github.com/mrz1836/go-broadcast/internal/analytics/pipeline.go:351.3,352.37 2 1
github.com/mrz1836/go-broadcast/internal/analytics/pipeline.go:355.2,358.21 3 3
github.com/mrz1836/go-broadcast/internal/analytics/pipeline.go:358.21,364.3 1 3
github.com/mrz1836/go-broadcast/internal/analytics/ratelimit.go:28.86,30.16 2 2
github.com/mrz1836/go-broadcast/internal/analytics/ratelimit.go:30.16,32.3 1 1
github.com/mrz1836/go-broadcast/internal/analytics/ratelimit.go:34.2,39.8 1 1
github.com/mrz1836/go-broadcast/internal/analytics/ratelimit.go:43.51,49.2 1 10
github.com/mrz1836/go-broadcast/internal/analytics/ratelimit.go:53.66,54.17 1 4
github.com/mrz1836/go-broadcast/internal/analytics/ratelimit.go:54.17,56.3 1 1
github.com/mrz1836/go-broadcast/internal/analytics/ratelimit.go:58.2,58.40 1 3
github.com/mrz1836/go-broadcast/internal/analytics/ratelimit.go:58.40,65.3 1 1
github.com/mrz1836/go-broadcast/internal/analytics/ratelimit.go:65.8,65.47 1 2
github.com/mrz1836/go-broadcast/internal/analytics/ratelimit.go:65.47,72.3 1 1
github.com/mrz1836/go-broadcast/internal/analytics/ratelimit.go:76.48,77.17 1 2
github.com/mrz1836/go-broadcast/internal/analytics/ratelimit.go:77.17,79.3 1 1
github.com/mrz1836/go-broadcast/internal/analytics/ratelimit.go:81.2,85.4 1 1
github.com/mrz1836/go-broadcast/internal/analytics/security.go:66.109,72.2 1 10
github.com/mrz1836/go-broadcast/internal/analytics/security.go:76.131,77.21 1 10
github.com/mrz1836/go-broadcast/internal/analytics/security.go:77.21,79.3 1 1
github.com/mrz1836/go-broadcast/internal/analytics/security.go:81.2,81.21 1 9
github.com/mrz1836/go-broadcast/internal/analytics/security.go:81.21,83.3 1 0
github.com/mrz1836/go-broadcast/internal/analytics/security.go:86.2,94.29 5 9
github.com/mrz1836/go-broadcast/internal/analytics/security.go:94.29,95.21 1 113
github.com/mrz1836/go-broadcast/internal/analytics/security.go:95.21,102.23 5 113
github.com/mrz1836/go-broadcast/internal/analytics/security.go:102.23,107.33 2 0
github.com/mrz1836/go-broadcast/internal/analytics/security.go:107.33,109.6 1 0
github.com/mrz1836/go-broadcast/internal/analytics/security.go:110.5,110.67 1 0
github.com/mrz1836/go-broadcast/internal/analytics/security.go:113.4,113.14 1 113
github.com/mrz1836/go-broadcast/internal/analytics/security.go:118.2,118.33 1 9
github.com/mrz1836/go-broadcast/internal/analytics/security.go:118.33,120.3 1 0
github.com/mrz1836/go-broadcast/internal/analytics/security.go:122.2,122.21 1 9
github.com/mrz1836/go-broadcast/internal/analytics/security.go:122.21,125.34 3 0
github.com/mrz1836/go-broadcast/internal/analytics/security.go:125.34,128.4 2 0
github.com/mrz1836/go-broadcast/internal/analytics/security.go:129.3,133.24 2 0
github.com/mrz1836/go-broadcast/internal/analytics/security.go:133.24,135.4 1 0
github.com/mrz1836/go-broadcast/internal/analytics/security.go:136.3,136.73 1 0
github.com/mrz1836/go-broadcast/internal/analytics/security.go:139.2,139.21 1 9
github.com/mrz1836/go-broadcast/internal/analytics/security.go:144.107,157.2 5 113
github.com/mrz1836/go-broadcast/internal/analytics/security.go:160.121,162.62 2 113
github.com/mrz1836/go-broadcast/internal/analytics/security.go:162.62,166.3 3 113
github.com/mrz1836/go-broadcast/internal/analytics/security.go:168.2,168.16 1 113
github.com/mrz1836/go-broadcast/internal/analytics/security.go:168.16,170.42 1 110
github.com/mrz1836/go-broadcast/internal/analytics/security.go:170.42,185.4 1 54
github.com/mrz1836/go-broadcast/internal/analytics/security.go:186.3,186.9 1 110
github.com/mrz1836/go-broadcast/internal/analytics/security.go:190.2,190.48 1 3
github.com/mrz1836/go-broadcast/internal/analytics/security.go:190.48,193.3 2 2
github.com/mrz1836/go-broadcast/internal/analytics/security.go:196.2,197.62 1 1
github.com/mrz1836/go-broadcast/internal/analytics/security.go:201.131,203.64 2 2
github.com/mrz1836/go-broadcast/internal/analytics/security.go:203.64,207.3 3 2
github.com/mrz1836/go-broadcast/internal/analytics/security.go:208.2,208.16 1 2
github.com/mrz1836/go-broadcast/internal/analytics/security.go:208.16,212.3 2 1
github.com/mrz1836/go-broadcast/internal/analytics/security.go:215.2,215.38 1 1
github.com/mrz1836/go-broadcast/internal/analytics/security.go:215.38,230.3 2 1
github.com/mrz1836/go-broadcast/internal/analytics/security.go:232.2,232.28 1 1
github.com/mrz1836/go-broadcast/internal/analytics/security.go:232.28,235.3 1 1
github.com/mrz1836/go-broadcast/internal/analytics/security.go:235.8,238.3 1 0
github.com/mrz1836/go-broadcast/internal/analytics/security.go:242.123,244.65 2 113
github.com/mrz1836/go-broadcast/internal/analytics/security.go:244.65,248.3 3 113
github.com/mrz1836/go-broadcast/internal/analytics/security.go:249.2,249.16 1 113
github.com/mrz1836/go-broadcast/internal/analytics/security.go:249.16,250.49 1 1
github.com/mrz1836/go-broadcast/internal/analytics/security.go:250.49,253.4 1 1
github.com/mrz1836/go-broadcast/internal/analytics/security.go:253.9,256.4 1 0
github.com/mrz1836/go-broadcast/internal/analytics/security.go:257.3,257.9 1 1
github.com/mrz1836/go-broadcast/internal/analytics/security.go:260.2,260.43 1 112
github.com/mrz1836/go-broadcast/internal/analytics/security.go:260.43,275.3 1 1
github.com/mrz1836/go-broadcast/internal/analytics/security.go:279.125,281.67 2 113
github.com/mrz1836/go-broadcast/internal/analytics/security.go:281.67,285.3 3 113
github.com/mrz1836/go-broadcast/internal/analytics/security.go:286.2,286.16 1 113
github.com/mrz1836/go-broadcast/internal/analytics/security.go:286.16,287.49 1 1
github.com/mrz1836/go-broadcast/internal/analytics/security.go:287.49,290.4 1 1
github.com/mrz1836/go-broadcast/internal/analytics/security.go:290.9,293.4 1 0
github.com/mrz1836/go-broadcast/internal/analytics/security.go:294.3,294.9 1 1
github.com/mrz1836/go-broadcast/internal/analytics/security.go:297.2,297.45 1 112
github.com/mrz1836/go-broadcast/internal/analytics/security.go:297.45,299.29 2 1
github.com/mrz1836/go-broadcast/internal/analytics/security.go:299.29,301.4 1 0
github.com/mrz1836/go-broadcast/internal/analytics/security.go:302.3,312.5 1 1
github.com/mrz1836/go-broadcast/internal/analytics/security.go:317.97,318.23 1 341
github.com/mrz1836/go-broadcast/internal/analytics/security.go:318.23,320.3 1 0
github.com/mrz1836/go-broadcast/internal/analytics/security.go:321.2,321.13 1 341
github.com/mrz1836/go-broadcast/internal/analytics/security.go:326.48,327.35 1 11
github.com/mrz1836/go-broadcast/internal/analytics/security.go:328.18,329.20 1 2
github.com/mrz1836/go-broadcast/internal/analytics/security.go:330.14,331.16 1 2
github.com/mrz1836/go-broadcast/internal/analytics/security.go:332.18,333.18 1 3
github.com/mrz1836/go-broadcast/internal/analytics/security.go:334.13,335.15 1 2
github.com/mrz1836/go-broadcast/internal/analytics/security.go:336.10,337.35 1 2
github.com/mrz1836/go-broadcast/internal/analytics/security.go:342.42,343.14 1 116
github.com/mrz1836/go-broadcast/internal/analytics/security.go:343.14,345.3 1 114
github.com/mrz1836/go-broadcast/internal/analytics/security.go:346.2,347.13 2 2
github.com/mrz1836/go-broadcast/internal/analytics/throttle.go:30.45,40.2 1 4
github.com/mrz1836/go-broadcast/internal/analytics/throttle.go:61.71,67.2 1 20
github.com/mrz1836/go-broadcast/internal/analytics/throttle.go:70.52,74.16 4 86
github.com/mrz1836/go-broadcast/internal/analytics/throttle.go:74.16,76.3 1 32
github.com/mrz1836/go-broadcast/internal/analytics/throttle.go:77.2,77.16 1 86
github.com/mrz1836/go-broadcast/internal/analytics/throttle.go:77.16,79.3 1 85
github.com/mrz1836/go-broadcast/internal/analytics/throttle.go:80.2,80.12 1 86
github.com/mrz1836/go-broadcast/internal/analytics/throttle.go:84.61,85.34 1 3
github.com/mrz1836/go-broadcast/internal/analytics/throttle.go:85.34,87.3 1 1
github.com/mrz1836/go-broadcast/internal/analytics/throttle.go:89.2,92.9 3 2
github.com/mrz1836/go-broadcast/internal/analytics/throttle.go:93.20,94.19 1 1
github.com/mrz1836/go-broadcast/internal/analytics/throttle.go:95.17,96.13 1 1
github.com/mrz1836/go-broadcast/internal/analytics/throttle.go:102.94,105.62 2 7
github.com/mrz1836/go-broadcast/internal/analytics/throttle.go:105.62,107.37 1 15
github.com/mrz1836/go-broadcast/internal/analytics/throttle.go:107.37,109.4 1 0
github.com/mrz1836/go-broadcast/internal/analytics/throttle.go:112.3,113.17 2 15
github.com/mrz1836/go-broadcast/internal/analytics/throttle.go:113.17,115.4 1 3
github.com/mrz1836/go-broadcast/internal/analytics/throttle.go:118.3,118.32 1 12
github.com/mrz1836/go-broadcast/internal/analytics/throttle.go:118.32,120.4 1 1
github.com/mrz1836/go-broadcast/internal/analytics/throttle.go:123.3,123.37 1 11
github.com/mrz1836/go-broadcast/internal/analytics/throttle.go:123.37,125.4 1 2
github.com/mrz1836/go-broadcast/internal/analytics/throttle.go:127.3,129.22 2 9
github.com/mrz1836/go-broadcast/internal/analytics/throttle.go:129.22,135.4 1 0
github.com/mrz1836/go-broadcast/internal/analytics/throttle.go:138.3,139.10 2 9
github.com/mrz1836/go-broadcast/internal/analytics/throttle.go:140.21,142.20 2 1
github.com/mrz1836/go-broadcast/internal/analytics/throttle.go:143.18,143.18 0 8
github.com/mrz1836/go-broadcast/internal/analytics/throttle.go:147.3,148.36 2 8
github.com/mrz1836/go-broadcast/internal/analytics/throttle.go:148.36,150.4 1 3
github.com/mrz1836/go-broadcast/internal/analytics/throttle.go:154.2,154.61 1 0
github.com/mrz1836/go-broadcast/internal/analytics/throttle.go:158.42,159.16 1 28
github.com/mrz1836/go-broadcast/internal/analytics/throttle.go:159.16,161.3 1 1
github.com/mrz1836/go-broadcast/internal/analytics/throttle.go:162.2,170.34 2 27
github.com/mrz1836/go-broadcast/internal/analytics/throttle.go:174.42,180.2 1 10
github.com/mrz1836/go-broadcast/internal/analytics/throttle.go:183.44,185.2 1 1
github.com/mrz1836/go-broadcast/internal/ai/cache.go:32.51,39.2 1 21
github.com/mrz1836/go-broadcast/internal/ai/cache.go:42.35,46.2 3 793
github.com/mrz1836/go-broadcast/internal/ai/cache.go:49.64,50.16 1 262
github.com/mrz1836/go-broadcast/internal/ai/cache.go:50.16,52.3 1 1
github.com/mrz1836/go-broadcast/internal/ai/cache.go:53.2,54.26 2 261
github.com/mrz1836/go-broadcast/internal/ai/cache.go:59.63,64.9 4 523
github.com/mrz1836/go-broadcast/internal/ai/cache.go:64.9,66.3 1 22
github.com/mrz1836/go-broadcast/internal/ai/cache.go:69.2,69.41 1 501
github.com/mrz1836/go-broadcast/internal/ai/cache.go:69.41,71.3 1 1
github.com/mrz1836/go-broadcast/internal/ai/cache.go:73.2,73.29 1 500
github.com/mrz1836/go-broadcast/internal/ai/cache.go:77.59,78.16 1 263
github.com/mrz1836/go-broadcast/internal/ai/cache.go:78.16,80.3 1 1
github.com/mrz1836/go-broadcast/internal/ai/cache.go:81.2,82.29 2 262
github.com/mrz1836/go-broadcast/internal/ai/cache.go:87.58,92.33 3 277
github.com/mrz1836/go-broadcast/internal/ai/cache.go:92.33,94.3 1 1
github.com/mrz1836/go-broadcast/internal/ai/cache.go:96.2,99.3 1 277
github.com/mrz1836/go-broadcast/internal/ai/cache.go:110.47,111.16 1 264
github.com/mrz1836/go-broadcast/internal/ai/cache.go:111.16,115.3 2 2
github.com/mrz1836/go-broadcast/internal/ai/cache.go:118.2,122.41 3 262
github.com/mrz1836/go-broadcast/internal/ai/cache.go:122.41,127.3 4 244
github.com/mrz1836/go-broadcast/internal/ai/cache.go:129.2,135.16 5 18
github.com/mrz1836/go-broadcast/internal/ai/cache.go:135.16,137.3 1 3
github.com/mrz1836/go-broadcast/internal/ai/cache.go:140.2,142.29 2 15
github.com/mrz1836/go-broadcast/internal/ai/cache.go:150.39,155.37 3 1
github.com/mrz1836/go-broadcast/internal/ai/cache.go:155.37,156.41 1 3
github.com/mrz1836/go-broadcast/internal/ai/cache.go:156.41,158.4 1 0
github.com/mrz1836/go-broadcast/internal/ai/cache.go:161.2,161.32 1 1
github.com/mrz1836/go-broadcast/internal/ai/cache.go:161.32,163.3 1 0
github.com/mrz1836/go-broadcast/internal/ai/cache.go:166.2,166.33 1 1
github.com/mrz1836/go-broadcast/internal/ai/cache.go:166.33,169.24 2 1
github.com/mrz1836/go-broadcast/internal/ai/cache.go:169.24,171.4 1 1
github.com/mrz1836/go-broadcast/internal/ai/cache.go:173.3,178.38 3 1
github.com/mrz1836/go-broadcast/internal/ai/cache.go:178.38,180.4 1 3
github.com/mrz1836/go-broadcast/internal/ai/cache.go:183.3,183.40 1 1
github.com/mrz1836/go-broadcast/internal/ai/cache.go:183.40,185.4 1 3
github.com/mrz1836/go-broadcast/internal/ai/cache.go:188.3,188.55 1 1
github.com/mrz1836/go-broadcast/internal/ai/cache.go:188.55,190.4 1 1
github.com/mrz1836/go-broadcast/internal/ai/cache.go:195.64,199.2 3 256
github.com/mrz1836/go-broadcast/internal/ai/cache.go:202.33,208.2 5 1
github.com/mrz1836/go-broadcast/internal/ai/cache.go:211.36,215.2 3 8
[...]
github.com/mrz1836/go-broadcast/internal/cli/upgrade.go:73.18,75.5 1 0
github.com/mrz1836/go-broadcast/internal/cli/upgrade.go:77.4,78.18 2 0
github.com/mrz1836/go-broadcast/internal/cli/upgrade.go:78.18,80.5 1 0
github.com/mrz1836/go-broadcast/internal/cli/upgrade.go:82.4,83.18 2 0
github.com/mrz1836/go-broadcast/internal/cli/upgrade.go:83.18,85.5 1 0
github.com/mrz1836/go-broadcast/internal/cli/upgrade.go:87.4,87.44 1 0
github.com/mrz1836/go-broadcast/internal/cli/upgrade.go:92.2,97.12 5 31
github.com/mrz1836/go-broadcast/internal/cli/upgrade.go:100.75,104.102 2 6
github.com/mrz1836/go-broadcast/internal/cli/upgrade.go:104.102,105.41 1 0
github.com/mrz1836/go-broadcast/internal/cli/upgrade.go:105.41,109.4 3 0
github.com/mrz1836/go-broadcast/internal/cli/upgrade.go:112.2,117.16 4 6
github.com/mrz1836/go-broadcast/internal/cli/upgrade.go:117.16,119.3 1 6
github.com/mrz1836/go-broadcast/internal/cli/upgrade.go:121.2,127.31 4 0
github.com/mrz1836/go-broadcast/internal/cli/upgrade.go:127.31,130.3 2 0
github.com/mrz1836/go-broadcast/internal/cli/upgrade.go:132.2,132.22 1 0
github.com/mrz1836/go-broadcast/internal/cli/upgrade.go:132.22,133.14 1 0
github.com/mrz1836/go-broadcast/internal/cli/upgrade.go:133.14,136.4 2 0
github.com/mrz1836/go-broadcast/internal/cli/upgrade.go:136.9,138.4 1 0
github.com/mrz1836/go-broadcast/internal/cli/upgrade.go:139.3,139.13 1 0
github.com/mrz1836/go-broadcast/internal/cli/upgrade.go:143.2,143.13 1 0
github.com/mrz1836/go-broadcast/internal/cli/upgrade.go:143.13,145.3 1 0
github.com/mrz1836/go-broadcast/internal/cli/upgrade.go:145.8,145.25 1 0
github.com/mrz1836/go-broadcast/internal/cli/upgrade.go:145.25,147.3 1 0
github.com/mrz1836/go-broadcast/internal/cli/upgrade.go:150.2,150.22 1 0
github.com/mrz1836/go-broadcast/internal/cli/upgrade.go:150.22,151.54 1 0
github.com/mrz1836/go-broadcast/internal/cli/upgrade.go:151.54,153.58 2 0
github.com/mrz1836/go-broadcast/internal/cli/upgrade.go:153.58,155.5 1 0
github.com/mrz1836/go-broadcast/internal/cli/upgrade.go:157.8,158.57 1 0
github.com/mrz1836/go-broadcast/internal/cli/upgrade.go:158.57,160.55 2 0
github.com/mrz1836/go-broadcast/internal/cli/upgrade.go:160.55,162.5 1 0
github.com/mrz1836/go-broadcast/internal/cli/upgrade.go:166.2,170.35 3 0
github.com/mrz1836/go-broadcast/internal/cli/upgrade.go:170.35,173.30 3 0
github.com/mrz1836/go-broadcast/internal/cli/upgrade.go:173.30,174.37 1 0
github.com/mrz1836/go-broadcast/internal/cli/upgrade.go:174.37,176.5 1 0
github.com/mrz1836/go-broadcast/internal/cli/upgrade.go:180.2,180.12 1 0
github.com/mrz1836/go-broadcast/internal/cli/upgrade.go:183.37,184.38 1 16
github.com/mrz1836/go-broadcast/internal/cli/upgrade.go:184.38,186.3 1 4
github.com/mrz1836/go-broadcast/internal/cli/upgrade.go:187.2,187.32 1 12
github.com/mrz1836/go-broadcast/internal/cli/upgrade.go:187.32,189.3 1 10
github.com/mrz1836/go-broadcast/internal/cli/upgrade.go:190.2,190.10 1 2
github.com/mrz1836/go-broadcast/internal/cli/upgrade.go:194.44,198.16 3 1
github.com/mrz1836/go-broadcast/internal/cli/upgrade.go:198.16,200.3 1 1
github.com/mrz1836/go-broadcast/internal/cli/upgrade.go:204.2,207.29 3 0
github.com/mrz1836/go-broadcast/internal/cli/upgrade.go:207.29,208.44 1 0
github.com/mrz1836/go-broadcast/internal/cli/upgrade.go:208.44,213.4 3 0
github.com/mrz1836/go-broadcast/internal/cli/upgrade.go:216.2,216.67 1 0
github.com/mrz1836/go-broadcast/internal/cli/upgrade.go:220.31,222.34 2 1
github.com/mrz1836/go-broadcast/internal/cli/upgrade.go:222.34,224.3 1 0
github.com/mrz1836/go-broadcast/internal/cli/upgrade.go:225.2,225.12 1 1
github.com/mrz1836/go-broadcast/internal/cli/upgrade.go:229.34,232.16 3 1
github.com/mrz1836/go-broadcast/internal/cli/upgrade.go:232.16,234.3 1 0
github.com/mrz1836/go-broadcast/internal/cli/upgrade.go:236.2,237.18 2 1
github.com/mrz1836/go-broadcast/internal/cli/upgrade.go:237.18,240.17 2 0
github.com/mrz1836/go-broadcast/internal/cli/upgrade.go:240.17,242.4 1 0
github.com/mrz1836/go-broadcast/internal/cli/upgrade.go:243.3,243.38 1 0
github.com/mrz1836/go-broadcast/internal/cli/upgrade.go:246.2,246.43 1 1
github.com/mrz1836/go-broadcast/internal/cli/upgrade.go:250.22,253.2 2 1
github.com/mrz1836/go-broadcast/internal/cli/upgrade.go:256.42,257.31 1 12
github.com/mrz1836/go-broadcast/internal/cli/upgrade.go:257.31,259.3 1 0
github.com/mrz1836/go-broadcast/internal/cli/upgrade.go:260.2,260.38 1 12
github.com/mrz1836/go-broadcast/internal/cli/upgrade.go:264.46,269.43 2 25
github.com/mrz1836/go-broadcast/internal/cli/upgrade.go:269.43,271.3 1 7
github.com/mrz1836/go-broadcast/internal/cli/upgrade.go:274.2,274.28 1 18
github.com/mrz1836/go-broadcast/internal/cli/upgrade.go:274.28,275.75 1 174
github.com/mrz1836/go-broadcast/internal/cli/upgrade.go:275.75,277.4 1 9
github.com/mrz1836/go-broadcast/internal/cli/upgrade.go:280.2,280.13 1 9
github.com/mrz1836/go-broadcast/internal/cli/upgrade.go:284.33,286.2 1 7
github.com/mrz1836/go-broadcast/internal/cli/upgrade.go:289.51,298.38 6 2
github.com/mrz1836/go-broadcast/internal/cli/upgrade.go:298.38,300.3 1 2
github.com/mrz1836/go-broadcast/internal/cli/upgrade.go:302.2,302.12 1 0
github.com/mrz1836/go-broadcast/internal/cli/upgrade.go:306.48,309.16 2 11
github.com/mrz1836/go-broadcast/internal/cli/upgrade.go:309.16,311.3 1 11
github.com/mrz1836/go-broadcast/internal/cli/upgrade.go:314.2,324.16 6 0
github.com/mrz1836/go-broadcast/internal/cli/upgrade.go:324.16,326.3 1 0
github.com/mrz1836/go-broadcast/internal/cli/upgrade.go:328.2,330.16 3 0
github.com/mrz1836/go-broadcast/internal/cli/upgrade.go:330.16,332.3 1 0
github.com/mrz1836/go-broadcast/internal/cli/upgrade.go:333.2,333.15 1 0
github.com/mrz1836/go-broadcast/internal/cli/upgrade.go:333.15,333.40 1 0
github.com/mrz1836/go-broadcast/internal/cli/upgrade.go:335.2,335.38 1 0
github.com/mrz1836/go-broadcast/internal/cli/upgrade.go:335.38,337.3 1 0
github.com/mrz1836/go-broadcast/internal/cli/upgrade.go:340.2,341.16 2 0
github.com/mrz1836/go-broadcast/internal/cli/upgrade.go:341.16,343.3 1 0
github.com/mrz1836/go-broadcast/internal/cli/upgrade.go:344.2,344.15 1 0
github.com/mrz1836/go-broadcast/internal/cli/upgrade.go:344.15,344.44 1 0
github.com/mrz1836/go-broadcast/internal/cli/upgrade.go:347.2,348.16 2 0
github.com/mrz1836/go-broadcast/internal/cli/upgrade.go:348.16,350.3 1 0
github.com/mrz1836/go-broadcast/internal/cli/upgrade.go:353.2,354.61 2 0
github.com/mrz1836/go-broadcast/internal/cli/upgrade.go:354.61,356.3 1 0
github.com/mrz1836/go-broadcast/internal/cli/upgrade.go:359.2,359.66 1 0
github.com/mrz1836/go-broadcast/internal/cli/upgrade.go:359.66,363.3 2 0
github.com/mrz1836/go-broadcast/internal/cli/upgrade.go:366.2,369.12 3 0
github.com/mrz1836/go-broadcast/internal/cli/upgrade.go:373.81,376.16 2 6
github.com/mrz1836/go-broadcast/internal/cli/upgrade.go:376.16,378.3 1 2
github.com/mrz1836/go-broadcast/internal/cli/upgrade.go:379.2,379.15 1 4
github.com/mrz1836/go-broadcast/internal/cli/upgrade.go:379.15,379.41 1 4
github.com/mrz1836/go-broadcast/internal/cli/upgrade.go:382.2,385.6 2 4
github.com/mrz1836/go-broadcast/internal/cli/upgrade.go:385.6,387.20 2 7
github.com/mrz1836/go-broadcast/internal/cli/upgrade.go:387.20,388.9 1 2
github.com/mrz1836/go-broadcast/internal/cli/upgrade.go:390.3,390.17 1 5
github.com/mrz1836/go-broadcast/internal/cli/upgrade.go:390.17,392.4 1 0
github.com/mrz1836/go-broadcast/internal/cli/upgrade.go:395.3,395.85 1 5
github.com/mrz1836/go-broadcast/internal/cli/upgrade.go:395.85,399.18 3 2
github.com/mrz1836/go-broadcast/internal/cli/upgrade.go:399.18,401.5 1 0
github.com/mrz1836/go-broadcast/internal/cli/upgrade.go:404.4,409.22 4 2
github.com/mrz1836/go-broadcast/internal/cli/upgrade.go:409.22,411.5 1 0
github.com/mrz1836/go-broadcast/internal/cli/upgrade.go:413.4,413.23 1 2
github.com/mrz1836/go-broadcast/internal/cli/upgrade.go:413.23,415.5 1 0
github.com/mrz1836/go-broadcast/internal/cli/upgrade.go:417.4,417.24 1 2
github.com/mrz1836/go-broadcast/internal/cli/upgrade.go:421.2,421.39 1 2
github.com/mrz1836/go-broadcast/internal/cli/validate.go:70.56,72.2 1 3
github.com/mrz1836/go-broadcast/internal/cli/validate.go:74.67,81.55 4 14
github.com/mrz1836/go-broadcast/internal/cli/validate.go:81.55,83.3 1 2
github.com/mrz1836/go-broadcast/internal/cli/validate.go:86.2,87.16 2 12
github.com/mrz1836/go-broadcast/internal/cli/validate.go:87.16,89.3 1 12
github.com/mrz1836/go-broadcast/internal/cli/validate.go:92.2,93.16 2 12
github.com/mrz1836/go-broadcast/internal/cli/validate.go:93.16,96.3 2 2
github.com/mrz1836/go-broadcast/internal/cli/validate.go:98.2,101.75 2 10
github.com/mrz1836/go-broadcast/internal/cli/validate.go:101.75,104.3 2 0
github.com/mrz1836/go-broadcast/internal/cli/validate.go:107.2,113.22 6 10
github.com/mrz1836/go-broadcast/internal/cli/validate.go:113.22,116.3 2 0
github.com/mrz1836/go-broadcast/internal/cli/validate.go:119.2,124.21 3 10
github.com/mrz1836/go-broadcast/internal/cli/validate.go:124.21,126.40 2 10
github.com/mrz1836/go-broadcast/internal/cli/validate.go:126.40,132.33 4 12
github.com/mrz1836/go-broadcast/internal/cli/validate.go:132.33,134.5 1 1
github.com/mrz1836/go-broadcast/internal/cli/validate.go:136.4,137.26 2 12
github.com/mrz1836/go-broadcast/internal/cli/validate.go:137.26,139.5 1 1
github.com/mrz1836/go-broadcast/internal/cli/validate.go:141.4,141.35 1 12
github.com/mrz1836/go-broadcast/internal/cli/validate.go:145.2,161.23 11 10
github.com/mrz1836/go-broadcast/internal/cli/validate.go:161.23,171.107 4 9
github.com/mrz1836/go-broadcast/internal/cli/validate.go:171.107,174.4 1 9
github.com/mrz1836/go-broadcast/internal/cli/validate.go:177.3,177.65 1 9
github.com/mrz1836/go-broadcast/internal/cli/validate.go:178.8,183.3 4 1
github.com/mrz1836/go-broadcast/internal/cli/validate.go:185.2,185.12 1 10
github.com/mrz1836/go-broadcast/internal/cli/validate.go:189.132,191.16 1 17
github.com/mrz1836/go-broadcast/internal/cli/validate.go:191.16,193.3 1 3
github.com/mrz1836/go-broadcast/internal/cli/validate.go:196.2,197.16 2 14
github.com/mrz1836/go-broadcast/internal/cli/validate.go:197.16,198.56 1 14
github.com/mrz1836/go-broadcast/internal/cli/validate.go:198.56,202.4 3 0
github.com/mrz1836/go-broadcast/internal/cli/validate.go:203.3,203.57 1 14
github.com/mrz1836/go-broadcast/internal/cli/validate.go:203.57,207.4 3 14
github.com/mrz1836/go-broadcast/internal/cli/validate.go:208.3,208.67 1 0
github.com/mrz1836/go-broadcast/internal/cli/validate.go:211.2,211.82 1 0
github.com/mrz1836/go-broadcast/internal/cli/validate.go:215.132,217.16 1 18
github.com/mrz1836/go-broadcast/internal/cli/validate.go:217.16,219.3 1 2
github.com/mrz1836/go-broadcast/internal/cli/validate.go:221.2,225.22 3 16
github.com/mrz1836/go-broadcast/internal/cli/validate.go:225.22,228.3 2 1
github.com/mrz1836/go-broadcast/internal/cli/validate.go:230.2,233.16 4 15
github.com/mrz1836/go-broadcast/internal/cli/validate.go:233.16,234.56 1 7
github.com/mrz1836/go-broadcast/internal/cli/validate.go:234.56,237.4 2 2
github.com/mrz1836/go-broadcast/internal/cli/validate.go:238.3,238.89 1 5
github.com/mrz1836/go-broadcast/internal/cli/validate.go:238.89,242.4 3 2
github.com/mrz1836/go-broadcast/internal/cli/validate.go:243.3,244.63 2 3
github.com/mrz1836/go-broadcast/internal/cli/validate.go:246.2,249.16 2 8
github.com/mrz1836/go-broadcast/internal/cli/validate.go:249.16,252.3 2 2
github.com/mrz1836/go-broadcast/internal/cli/validate.go:255.2,255.39 1 6
github.com/mrz1836/go-broadcast/internal/cli/validate.go:255.39,263.17 3 12
github.com/mrz1836/go-broadcast/internal/cli/validate.go:263.17,264.90 1 7
github.com/mrz1836/go-broadcast/internal/cli/validate.go:264.90,267.13 3 3
github.com/mrz1836/go-broadcast/internal/cli/validate.go:269.4,270.12 2 4
github.com/mrz1836/go-broadcast/internal/cli/validate.go:272.3,272.85 1 5
github.com/mrz1836/go-broadcast/internal/cli/validate.go:275.2,275.12 1 6
github.com/mrz1836/go-broadcast/internal/cli/validate.go:279.52,286.31 5 13
github.com/mrz1836/go-broadcast/internal/cli/validate.go:286.31,288.3 1 14
github.com/mrz1836/go-broadcast/internal/cli/validate.go:291.2,291.31 1 13
github.com/mrz1836/go-broadcast/internal/cli/validate.go:291.31,293.64 2 14
github.com/mrz1836/go-broadcast/internal/cli/validate.go:293.64,296.4 2 2
github.com/mrz1836/go-broadcast/internal/cli/validate.go:299.2,299.22 1 13
github.com/mrz1836/go-broadcast/internal/cli/validate.go:299.22,301.3 1 12
github.com/mrz1836/go-broadcast/internal/cli/validate.go:304.2,304.31 1 13
github.com/mrz1836/go-broadcast/internal/cli/validate.go:304.31,309.46 3 14
github.com/mrz1836/go-broadcast/internal/cli/validate.go:309.46,311.4 1 0
github.com/mrz1836/go-broadcast/internal/cli/validate.go:311.9,313.4 1 14
github.com/mrz1836/go-broadcast/internal/cli/validate.go:316.3,316.31 1 14
github.com/mrz1836/go-broadcast/internal/cli/validate.go:316.31,318.4 1 2
github.com/mrz1836/go-broadcast/internal/cli/validate.go:321.3,328.40 4 14
github.com/mrz1836/go-broadcast/internal/cli/validate.go:328.40,329.43 1 16
github.com/mrz1836/go-broadcast/internal/cli/validate.go:329.43,330.26 1 0
github.com/mrz1836/go-broadcast/internal/cli/validate.go:330.26,332.6 1 0
github.com/mrz1836/go-broadcast/internal/cli/validate.go:335.3,335.22 1 14
github.com/mrz1836/go-broadcast/internal/cli/validate.go:335.22,337.4 1 0
github.com/mrz1836/go-broadcast/internal/cli/validate.go:339.3,339.18 1 14
github.com/mrz1836/go-broadcast/internal/cli/validate.go:343.2,344.31 2 13
github.com/mrz1836/go-broadcast/internal/cli/validate.go:344.31,346.3 1 14
github.com/mrz1836/go-broadcast/internal/cli/validate.go:348.2,349.40 2 13
github.com/mrz1836/go-broadcast/internal/cli/validate.go:349.40,350.19 1 14
github.com/mrz1836/go-broadcast/internal/cli/validate.go:350.19,353.4 2 0
github.com/mrz1836/go-broadcast/internal/cli/validate.go:356.2,356.26 1 13
github.com/mrz1836/go-broadcast/internal/cli/validate.go:356.26,358.3 1 13
github.com/mrz1836/go-broadcast/internal/cli/validate.go:362.111,363.22 1 74
github.com/mrz1836/go-broadcast/internal/cli/validate.go:363.22,365.3 1 10
github.com/mrz1836/go-broadcast/internal/cli/validate.go:367.2,369.47 2 64
github.com/mrz1836/go-broadcast/internal/cli/validate.go:369.47,370.61 1 43
github.com/mrz1836/go-broadcast/internal/cli/validate.go:370.61,372.4 1 24
github.com/mrz1836/go-broadcast/internal/cli/validate.go:375.2,376.14 2 40
github.com/mrz1836/go-broadcast/internal/cli/validate.go:380.102,383.16 2 13
github.com/mrz1836/go-broadcast/internal/cli/validate.go:383.16,386.3 2 13
github.com/mrz1836/go-broadcast/internal/cli/validate.go:388.2,388.56 1 0
github.com/mrz1836/go-broadcast/internal/cli/validate.go:393.102,399.22 4 10
github.com/mrz1836/go-broadcast/internal/cli/validate.go:399.22,402.3 2 0
github.com/mrz1836/go-broadcast/internal/cli/validate.go:403.2,404.39 2 10
github.com/mrz1836/go-broadcast/internal/cli/validate.go:404.39,405.37 1 13
github.com/mrz1836/go-broadcast/internal/cli/validate.go:405.37,406.37 1 26
github.com/mrz1836/go-broadcast/internal/cli/validate.go:406.37,407.13 1 3
github.com/mrz1836/go-broadcast/internal/cli/validate.go:409.4,409.32 1 23
github.com/mrz1836/go-broadcast/internal/cli/validate.go:413.2,413.27 1 10
github.com/mrz1836/go-broadcast/internal/cli/validate.go:413.27,416.3 2 1
github.com/mrz1836/go-broadcast/internal/cli/validate.go:419.2,421.35 3 9
github.com/mrz1836/go-broadcast/internal/cli/validate.go:421.35,430.17 4 18
github.com/mrz1836/go-broadcast/internal/cli/validate.go:430.17,431.55 1 3
github.com/mrz1836/go-broadcast/internal/cli/validate.go:431.55,433.13 2 1
github.com/mrz1836/go-broadcast/internal/cli/validate.go:435.4,436.12 2 2
github.com/mrz1836/go-broadcast/internal/cli/validate.go:438.3,438.15 1 15
github.com/mrz1836/go-broadcast/internal/cli/validate.go:441.2,441.32 1 9
github.com/mrz1836/go-broadcast/internal/cli/validate.go:441.32,443.3 1 7
github.com/mrz1836/go-broadcast/internal/cli/validate.go:443.8,445.3 1 2
github.com/mrz1836/go-broadcast/internal/cli/validate.go:449.13,452.2 2 1
github.com/mrz1836/go-broadcast/internal/cli/version.go:36.42,46.16 2 9
github.com/mrz1836/go-broadcast/internal/cli/version.go:46.16,50.3 3 3
github.com/mrz1836/go-broadcast/internal/cli/version.go:53.2,59.12 6 6
github.com/mrz1836/go-broadcast/internal/cli/version.go:64.37,67.13 3 9
github.com/mrz1836/go-broadcast/internal/cli/version.go:67.13,69.3 1 6
github.com/mrz1836/go-broadcast/internal/cli/version.go:70.2,70.13 1 9
github.com/mrz1836/go-broadcast/internal/cli/version.go:70.13,72.3 1 6
github.com/mrz1836/go-broadcast/internal/cli/version.go:73.2,73.13 1 9
github.com/mrz1836/go-broadcast/internal/cli/version.go:73.13,75.3 1 6
github.com/mrz1836/go-broadcast/internal/cli/version.go:79.27,83.2 3 44
github.com/mrz1836/go-broadcast/internal/cli/version.go:86.26,90.2 3 43
github.com/mrz1836/go-broadcast/internal/cli/version.go:93.29,97.2 3 43
github.com/mrz1836/go-broadcast/internal/cli/version.go:100.29,104.2 3 26
github.com/mrz1836/go-broadcast/internal/cli/version.go:107.28,111.2 3 26
github.com/mrz1836/go-broadcast/internal/cli/version.go:114.31,118.2 3 26
github.com/mrz1836/go-broadcast/internal/cli/version.go:121.25,127.2 5 5
github.com/mrz1836/go-broadcast/internal/cli/version.go:130.26,132.2 1 17
github.com/mrz1836/go-broadcast/internal/cli/version.go:135.25,137.2 1 9
github.com/mrz1836/go-broadcast/internal/cli/version.go:140.28,142.2 1 9
github.com/mrz1836/go-broadcast/internal/cli/version.go:145.35,154.2 1 5
github.com/mrz1836/go-broadcast/internal/cli/version.go:157.38,162.38 4 42
github.com/mrz1836/go-broadcast/internal/cli/version.go:162.38,164.3 1 27
github.com/mrz1836/go-broadcast/internal/cli/version.go:167.2,167.43 1 15
github.com/mrz1836/go-broadcast/internal/cli/version.go:167.43,169.64 1 15
github.com/mrz1836/go-broadcast/internal/cli/version.go:169.64,172.4 1 0
github.com/mrz1836/go-broadcast/internal/cli/version.go:175.3,175.41 1 15
github.com/mrz1836/go-broadcast/internal/cli/version.go:175.41,176.60 1 180
github.com/mrz1836/go-broadcast/internal/cli/version.go:176.60,178.31 1 0
github.com/mrz1836/go-broadcast/internal/cli/version.go:178.31,180.6 1 0
github.com/mrz1836/go-broadcast/internal/cli/version.go:181.5,181.25 1 0
github.com/mrz1836/go-broadcast/internal/cli/version.go:187.2,187.25 1 15
github.com/mrz1836/go-broadcast/internal/cli/version.go:191.37,196.35 4 34
github.com/mrz1836/go-broadcast/internal/cli/version.go:196.35,198.3 1 20
github.com/mrz1836/go-broadcast/internal/cli/version.go:201.2,201.43 1 14
github.com/mrz1836/go-broadcast/internal/cli/version.go:201.43,202.41 1 14
github.com/mrz1836/go-broadcast/internal/cli/version.go:202.41,203.60 1 168
github.com/mrz1836/go-broadcast/internal/cli/version.go:203.60,205.31 1 0
github.com/mrz1836/go-broadcast/internal/cli/version.go:205.31,207.6 1 0
github.com/mrz1836/go-broadcast/internal/cli/version.go:208.5,208.25 1 0
github.com/mrz1836/go-broadcast/internal/cli/version.go:213.3,213.26 1 14
github.com/mrz1836/go-broadcast/internal/cli/version.go:213.26,215.89 1 0
github.com/mrz1836/go-broadcast/internal/cli/version.go:215.89,217.5 1 0
github.com/mrz1836/go-broadcast/internal/cli/version.go:221.2,221.22 1 14
github.com/mrz1836/go-broadcast/internal/cli/version.go:225.40,230.37 4 34
github.com/mrz1836/go-broadcast/internal/cli/version.go:230.37,232.3 1 20
github.com/mrz1836/go-broadcast/internal/cli/version.go:235.2,235.43 1 14
github.com/mrz1836/go-broadcast/internal/cli/version.go:235.43,236.41 1 14
github.com/mrz1836/go-broadcast/internal/cli/version.go:236.41,237.56 1 168
github.com/mrz1836/go-broadcast/internal/cli/version.go:237.56,239.70 1 0
github.com/mrz1836/go-broadcast/internal/cli/version.go:239.70,241.6 1 0
github.com/mrz1836/go-broadcast/internal/cli/version.go:242.5,242.25 1 0
github.com/mrz1836/go-broadcast/internal/cli/version.go:247.3,247.64 1 14
github.com/mrz1836/go-broadcast/internal/cli/version.go:247.64,249.4 1 0
github.com/mrz1836/go-broadcast/internal/cli/version.go:252.2,252.22 1 14
